[2024-11-10T04:38:29.120+0000] {processor.py:156} INFO - Started process (PID=30) to work on /opt/airflow/dags/weather_etl_dag.py
[2024-11-10T04:38:29.121+0000] {processor.py:799} INFO - Processing file /opt/airflow/dags/weather_etl_dag.py for tasks to queue
[2024-11-10T04:38:29.122+0000] {logging_mixin.py:149} INFO - [2024-11-10T04:38:29.122+0000] {dagbag.py:541} INFO - Filling up the DagBag from /opt/airflow/dags/weather_etl_dag.py
[2024-11-10T04:38:30.751+0000] {processor.py:809} INFO - DAG(s) dict_keys(['weather_etl']) retrieved from /opt/airflow/dags/weather_etl_dag.py
[2024-11-10T04:38:30.836+0000] {logging_mixin.py:149} INFO - [2024-11-10T04:38:30.836+0000] {dag.py:2726} INFO - Sync 1 DAGs
[2024-11-10T04:38:30.862+0000] {logging_mixin.py:149} INFO - [2024-11-10T04:38:30.862+0000] {dag.py:3490} INFO - Setting next_dagrun for weather_etl to 2024-11-09T00:00:00+00:00, run_after=2024-11-10T00:00:00+00:00
[2024-11-10T04:38:30.883+0000] {processor.py:178} INFO - Processing /opt/airflow/dags/weather_etl_dag.py took 1.768 seconds
[2024-11-10T04:39:01.229+0000] {processor.py:156} INFO - Started process (PID=39) to work on /opt/airflow/dags/weather_etl_dag.py
[2024-11-10T04:39:01.231+0000] {processor.py:799} INFO - Processing file /opt/airflow/dags/weather_etl_dag.py for tasks to queue
[2024-11-10T04:39:01.232+0000] {logging_mixin.py:149} INFO - [2024-11-10T04:39:01.232+0000] {dagbag.py:541} INFO - Filling up the DagBag from /opt/airflow/dags/weather_etl_dag.py
[2024-11-10T04:39:01.587+0000] {processor.py:809} INFO - DAG(s) dict_keys(['weather_etl']) retrieved from /opt/airflow/dags/weather_etl_dag.py
[2024-11-10T04:39:01.621+0000] {logging_mixin.py:149} INFO - [2024-11-10T04:39:01.621+0000] {dag.py:2726} INFO - Sync 1 DAGs
[2024-11-10T04:39:01.648+0000] {logging_mixin.py:149} INFO - [2024-11-10T04:39:01.648+0000] {dag.py:3490} INFO - Setting next_dagrun for weather_etl to 2024-11-09T00:00:00+00:00, run_after=2024-11-10T00:00:00+00:00
[2024-11-10T04:39:01.664+0000] {processor.py:178} INFO - Processing /opt/airflow/dags/weather_etl_dag.py took 0.441 seconds
[2024-11-10T04:39:31.911+0000] {processor.py:156} INFO - Started process (PID=48) to work on /opt/airflow/dags/weather_etl_dag.py
[2024-11-10T04:39:31.912+0000] {processor.py:799} INFO - Processing file /opt/airflow/dags/weather_etl_dag.py for tasks to queue
[2024-11-10T04:39:31.913+0000] {logging_mixin.py:149} INFO - [2024-11-10T04:39:31.913+0000] {dagbag.py:541} INFO - Filling up the DagBag from /opt/airflow/dags/weather_etl_dag.py
[2024-11-10T04:39:32.187+0000] {processor.py:809} INFO - DAG(s) dict_keys(['weather_etl']) retrieved from /opt/airflow/dags/weather_etl_dag.py
[2024-11-10T04:39:32.209+0000] {logging_mixin.py:149} INFO - [2024-11-10T04:39:32.209+0000] {dag.py:2726} INFO - Sync 1 DAGs
[2024-11-10T04:39:32.231+0000] {logging_mixin.py:149} INFO - [2024-11-10T04:39:32.231+0000] {dag.py:3490} INFO - Setting next_dagrun for weather_etl to 2024-11-09T00:00:00+00:00, run_after=2024-11-10T00:00:00+00:00
[2024-11-10T04:39:32.244+0000] {processor.py:178} INFO - Processing /opt/airflow/dags/weather_etl_dag.py took 0.337 seconds
[2024-11-10T04:40:02.552+0000] {processor.py:156} INFO - Started process (PID=57) to work on /opt/airflow/dags/weather_etl_dag.py
[2024-11-10T04:40:02.553+0000] {processor.py:799} INFO - Processing file /opt/airflow/dags/weather_etl_dag.py for tasks to queue
[2024-11-10T04:40:02.554+0000] {logging_mixin.py:149} INFO - [2024-11-10T04:40:02.554+0000] {dagbag.py:541} INFO - Filling up the DagBag from /opt/airflow/dags/weather_etl_dag.py
[2024-11-10T04:40:02.913+0000] {processor.py:809} INFO - DAG(s) dict_keys(['weather_etl']) retrieved from /opt/airflow/dags/weather_etl_dag.py
[2024-11-10T04:40:02.947+0000] {logging_mixin.py:149} INFO - [2024-11-10T04:40:02.947+0000] {dag.py:2726} INFO - Sync 1 DAGs
[2024-11-10T04:40:02.972+0000] {logging_mixin.py:149} INFO - [2024-11-10T04:40:02.972+0000] {dag.py:3490} INFO - Setting next_dagrun for weather_etl to 2024-11-09T00:00:00+00:00, run_after=2024-11-10T00:00:00+00:00
[2024-11-10T04:40:02.987+0000] {processor.py:178} INFO - Processing /opt/airflow/dags/weather_etl_dag.py took 0.441 seconds
[2024-11-10T04:40:33.357+0000] {processor.py:156} INFO - Started process (PID=66) to work on /opt/airflow/dags/weather_etl_dag.py
[2024-11-10T04:40:33.358+0000] {processor.py:799} INFO - Processing file /opt/airflow/dags/weather_etl_dag.py for tasks to queue
[2024-11-10T04:40:33.359+0000] {logging_mixin.py:149} INFO - [2024-11-10T04:40:33.359+0000] {dagbag.py:541} INFO - Filling up the DagBag from /opt/airflow/dags/weather_etl_dag.py
[2024-11-10T04:40:33.743+0000] {processor.py:809} INFO - DAG(s) dict_keys(['weather_etl']) retrieved from /opt/airflow/dags/weather_etl_dag.py
[2024-11-10T04:40:33.782+0000] {logging_mixin.py:149} INFO - [2024-11-10T04:40:33.781+0000] {dag.py:2726} INFO - Sync 1 DAGs
[2024-11-10T04:40:33.806+0000] {logging_mixin.py:149} INFO - [2024-11-10T04:40:33.805+0000] {dag.py:3490} INFO - Setting next_dagrun for weather_etl to 2024-11-09T00:00:00+00:00, run_after=2024-11-10T00:00:00+00:00
[2024-11-10T04:40:33.820+0000] {processor.py:178} INFO - Processing /opt/airflow/dags/weather_etl_dag.py took 0.468 seconds
[2024-11-10T04:41:04.164+0000] {processor.py:156} INFO - Started process (PID=75) to work on /opt/airflow/dags/weather_etl_dag.py
[2024-11-10T04:41:04.166+0000] {processor.py:799} INFO - Processing file /opt/airflow/dags/weather_etl_dag.py for tasks to queue
[2024-11-10T04:41:04.167+0000] {logging_mixin.py:149} INFO - [2024-11-10T04:41:04.166+0000] {dagbag.py:541} INFO - Filling up the DagBag from /opt/airflow/dags/weather_etl_dag.py
[2024-11-10T04:41:04.578+0000] {processor.py:809} INFO - DAG(s) dict_keys(['weather_etl']) retrieved from /opt/airflow/dags/weather_etl_dag.py
[2024-11-10T04:41:04.644+0000] {logging_mixin.py:149} INFO - [2024-11-10T04:41:04.643+0000] {dag.py:2726} INFO - Sync 1 DAGs
[2024-11-10T04:41:04.665+0000] {logging_mixin.py:149} INFO - [2024-11-10T04:41:04.665+0000] {dag.py:3490} INFO - Setting next_dagrun for weather_etl to 2024-11-09T00:00:00+00:00, run_after=2024-11-10T00:00:00+00:00
[2024-11-10T04:41:04.680+0000] {processor.py:178} INFO - Processing /opt/airflow/dags/weather_etl_dag.py took 0.521 seconds
[2024-11-10T04:41:35.038+0000] {processor.py:156} INFO - Started process (PID=84) to work on /opt/airflow/dags/weather_etl_dag.py
[2024-11-10T04:41:35.039+0000] {processor.py:799} INFO - Processing file /opt/airflow/dags/weather_etl_dag.py for tasks to queue
[2024-11-10T04:41:35.041+0000] {logging_mixin.py:149} INFO - [2024-11-10T04:41:35.040+0000] {dagbag.py:541} INFO - Filling up the DagBag from /opt/airflow/dags/weather_etl_dag.py
[2024-11-10T04:41:35.415+0000] {processor.py:809} INFO - DAG(s) dict_keys(['weather_etl']) retrieved from /opt/airflow/dags/weather_etl_dag.py
[2024-11-10T04:41:35.448+0000] {logging_mixin.py:149} INFO - [2024-11-10T04:41:35.448+0000] {dag.py:2726} INFO - Sync 1 DAGs
[2024-11-10T04:41:35.473+0000] {logging_mixin.py:149} INFO - [2024-11-10T04:41:35.472+0000] {dag.py:3490} INFO - Setting next_dagrun for weather_etl to 2024-11-09T00:00:00+00:00, run_after=2024-11-10T00:00:00+00:00
[2024-11-10T04:41:35.488+0000] {processor.py:178} INFO - Processing /opt/airflow/dags/weather_etl_dag.py took 0.456 seconds
[2024-11-10T04:42:05.831+0000] {processor.py:156} INFO - Started process (PID=93) to work on /opt/airflow/dags/weather_etl_dag.py
[2024-11-10T04:42:05.832+0000] {processor.py:799} INFO - Processing file /opt/airflow/dags/weather_etl_dag.py for tasks to queue
[2024-11-10T04:42:05.834+0000] {logging_mixin.py:149} INFO - [2024-11-10T04:42:05.833+0000] {dagbag.py:541} INFO - Filling up the DagBag from /opt/airflow/dags/weather_etl_dag.py
[2024-11-10T04:42:06.276+0000] {processor.py:809} INFO - DAG(s) dict_keys(['weather_etl']) retrieved from /opt/airflow/dags/weather_etl_dag.py
[2024-11-10T04:42:06.317+0000] {logging_mixin.py:149} INFO - [2024-11-10T04:42:06.316+0000] {dag.py:2726} INFO - Sync 1 DAGs
[2024-11-10T04:42:06.348+0000] {logging_mixin.py:149} INFO - [2024-11-10T04:42:06.348+0000] {dag.py:3490} INFO - Setting next_dagrun for weather_etl to 2024-11-09T00:00:00+00:00, run_after=2024-11-10T00:00:00+00:00
[2024-11-10T04:42:06.369+0000] {processor.py:178} INFO - Processing /opt/airflow/dags/weather_etl_dag.py took 0.545 seconds
[2024-11-10T04:42:36.656+0000] {processor.py:156} INFO - Started process (PID=102) to work on /opt/airflow/dags/weather_etl_dag.py
[2024-11-10T04:42:36.658+0000] {processor.py:799} INFO - Processing file /opt/airflow/dags/weather_etl_dag.py for tasks to queue
[2024-11-10T04:42:36.659+0000] {logging_mixin.py:149} INFO - [2024-11-10T04:42:36.659+0000] {dagbag.py:541} INFO - Filling up the DagBag from /opt/airflow/dags/weather_etl_dag.py
[2024-11-10T04:42:37.034+0000] {processor.py:809} INFO - DAG(s) dict_keys(['weather_etl']) retrieved from /opt/airflow/dags/weather_etl_dag.py
[2024-11-10T04:42:37.070+0000] {logging_mixin.py:149} INFO - [2024-11-10T04:42:37.070+0000] {dag.py:2726} INFO - Sync 1 DAGs
[2024-11-10T04:42:37.098+0000] {logging_mixin.py:149} INFO - [2024-11-10T04:42:37.098+0000] {dag.py:3490} INFO - Setting next_dagrun for weather_etl to 2024-11-09T00:00:00+00:00, run_after=2024-11-10T00:00:00+00:00
[2024-11-10T04:42:37.114+0000] {processor.py:178} INFO - Processing /opt/airflow/dags/weather_etl_dag.py took 0.463 seconds
[2024-11-10T04:43:07.450+0000] {processor.py:156} INFO - Started process (PID=111) to work on /opt/airflow/dags/weather_etl_dag.py
[2024-11-10T04:43:07.452+0000] {processor.py:799} INFO - Processing file /opt/airflow/dags/weather_etl_dag.py for tasks to queue
[2024-11-10T04:43:07.453+0000] {logging_mixin.py:149} INFO - [2024-11-10T04:43:07.452+0000] {dagbag.py:541} INFO - Filling up the DagBag from /opt/airflow/dags/weather_etl_dag.py
[2024-11-10T04:43:07.774+0000] {processor.py:809} INFO - DAG(s) dict_keys(['weather_etl']) retrieved from /opt/airflow/dags/weather_etl_dag.py
[2024-11-10T04:43:07.800+0000] {logging_mixin.py:149} INFO - [2024-11-10T04:43:07.800+0000] {dag.py:2726} INFO - Sync 1 DAGs
[2024-11-10T04:43:07.823+0000] {logging_mixin.py:149} INFO - [2024-11-10T04:43:07.823+0000] {dag.py:3490} INFO - Setting next_dagrun for weather_etl to 2024-11-09T00:00:00+00:00, run_after=2024-11-10T00:00:00+00:00
[2024-11-10T04:43:07.837+0000] {processor.py:178} INFO - Processing /opt/airflow/dags/weather_etl_dag.py took 0.393 seconds
[2024-11-10T04:43:38.144+0000] {processor.py:156} INFO - Started process (PID=120) to work on /opt/airflow/dags/weather_etl_dag.py
[2024-11-10T04:43:38.146+0000] {processor.py:799} INFO - Processing file /opt/airflow/dags/weather_etl_dag.py for tasks to queue
[2024-11-10T04:43:38.147+0000] {logging_mixin.py:149} INFO - [2024-11-10T04:43:38.147+0000] {dagbag.py:541} INFO - Filling up the DagBag from /opt/airflow/dags/weather_etl_dag.py
[2024-11-10T04:43:38.463+0000] {processor.py:809} INFO - DAG(s) dict_keys(['weather_etl']) retrieved from /opt/airflow/dags/weather_etl_dag.py
[2024-11-10T04:43:38.489+0000] {logging_mixin.py:149} INFO - [2024-11-10T04:43:38.489+0000] {dag.py:2726} INFO - Sync 1 DAGs
[2024-11-10T04:43:38.513+0000] {logging_mixin.py:149} INFO - [2024-11-10T04:43:38.512+0000] {dag.py:3490} INFO - Setting next_dagrun for weather_etl to 2024-11-09T00:00:00+00:00, run_after=2024-11-10T00:00:00+00:00
[2024-11-10T04:43:38.527+0000] {processor.py:178} INFO - Processing /opt/airflow/dags/weather_etl_dag.py took 0.390 seconds
[2024-11-10T04:44:08.767+0000] {processor.py:156} INFO - Started process (PID=129) to work on /opt/airflow/dags/weather_etl_dag.py
[2024-11-10T04:44:08.768+0000] {processor.py:799} INFO - Processing file /opt/airflow/dags/weather_etl_dag.py for tasks to queue
[2024-11-10T04:44:08.769+0000] {logging_mixin.py:149} INFO - [2024-11-10T04:44:08.769+0000] {dagbag.py:541} INFO - Filling up the DagBag from /opt/airflow/dags/weather_etl_dag.py
[2024-11-10T04:44:09.062+0000] {processor.py:809} INFO - DAG(s) dict_keys(['weather_etl']) retrieved from /opt/airflow/dags/weather_etl_dag.py
[2024-11-10T04:44:09.087+0000] {logging_mixin.py:149} INFO - [2024-11-10T04:44:09.087+0000] {dag.py:2726} INFO - Sync 1 DAGs
[2024-11-10T04:44:09.110+0000] {logging_mixin.py:149} INFO - [2024-11-10T04:44:09.110+0000] {dag.py:3490} INFO - Setting next_dagrun for weather_etl to 2024-11-10T00:00:00+00:00, run_after=2024-11-11T00:00:00+00:00
[2024-11-10T04:44:09.124+0000] {processor.py:178} INFO - Processing /opt/airflow/dags/weather_etl_dag.py took 0.361 seconds
[2024-11-10T04:44:39.435+0000] {processor.py:156} INFO - Started process (PID=138) to work on /opt/airflow/dags/weather_etl_dag.py
[2024-11-10T04:44:39.437+0000] {processor.py:799} INFO - Processing file /opt/airflow/dags/weather_etl_dag.py for tasks to queue
[2024-11-10T04:44:39.438+0000] {logging_mixin.py:149} INFO - [2024-11-10T04:44:39.438+0000] {dagbag.py:541} INFO - Filling up the DagBag from /opt/airflow/dags/weather_etl_dag.py
[2024-11-10T04:44:39.779+0000] {processor.py:809} INFO - DAG(s) dict_keys(['weather_etl']) retrieved from /opt/airflow/dags/weather_etl_dag.py
[2024-11-10T04:44:39.808+0000] {logging_mixin.py:149} INFO - [2024-11-10T04:44:39.808+0000] {dag.py:2726} INFO - Sync 1 DAGs
[2024-11-10T04:44:39.831+0000] {logging_mixin.py:149} INFO - [2024-11-10T04:44:39.831+0000] {dag.py:3490} INFO - Setting next_dagrun for weather_etl to 2024-11-10T00:00:00+00:00, run_after=2024-11-11T00:00:00+00:00
[2024-11-10T04:44:39.845+0000] {processor.py:178} INFO - Processing /opt/airflow/dags/weather_etl_dag.py took 0.417 seconds
[2024-11-10T04:45:10.146+0000] {processor.py:156} INFO - Started process (PID=147) to work on /opt/airflow/dags/weather_etl_dag.py
[2024-11-10T04:45:10.147+0000] {processor.py:799} INFO - Processing file /opt/airflow/dags/weather_etl_dag.py for tasks to queue
[2024-11-10T04:45:10.148+0000] {logging_mixin.py:149} INFO - [2024-11-10T04:45:10.148+0000] {dagbag.py:541} INFO - Filling up the DagBag from /opt/airflow/dags/weather_etl_dag.py
[2024-11-10T04:45:10.435+0000] {processor.py:809} INFO - DAG(s) dict_keys(['weather_etl']) retrieved from /opt/airflow/dags/weather_etl_dag.py
[2024-11-10T04:45:10.458+0000] {logging_mixin.py:149} INFO - [2024-11-10T04:45:10.458+0000] {dag.py:2726} INFO - Sync 1 DAGs
[2024-11-10T04:45:10.480+0000] {logging_mixin.py:149} INFO - [2024-11-10T04:45:10.480+0000] {dag.py:3490} INFO - Setting next_dagrun for weather_etl to 2024-11-10T00:00:00+00:00, run_after=2024-11-11T00:00:00+00:00
[2024-11-10T04:45:10.495+0000] {processor.py:178} INFO - Processing /opt/airflow/dags/weather_etl_dag.py took 0.354 seconds
[2024-11-10T04:45:40.774+0000] {processor.py:156} INFO - Started process (PID=156) to work on /opt/airflow/dags/weather_etl_dag.py
[2024-11-10T04:45:40.776+0000] {processor.py:799} INFO - Processing file /opt/airflow/dags/weather_etl_dag.py for tasks to queue
[2024-11-10T04:45:40.777+0000] {logging_mixin.py:149} INFO - [2024-11-10T04:45:40.777+0000] {dagbag.py:541} INFO - Filling up the DagBag from /opt/airflow/dags/weather_etl_dag.py
[2024-11-10T04:45:41.082+0000] {processor.py:809} INFO - DAG(s) dict_keys(['weather_etl']) retrieved from /opt/airflow/dags/weather_etl_dag.py
[2024-11-10T04:45:41.107+0000] {logging_mixin.py:149} INFO - [2024-11-10T04:45:41.107+0000] {dag.py:2726} INFO - Sync 1 DAGs
[2024-11-10T04:45:41.132+0000] {logging_mixin.py:149} INFO - [2024-11-10T04:45:41.132+0000] {dag.py:3490} INFO - Setting next_dagrun for weather_etl to 2024-11-10T00:00:00+00:00, run_after=2024-11-11T00:00:00+00:00
[2024-11-10T04:45:41.147+0000] {processor.py:178} INFO - Processing /opt/airflow/dags/weather_etl_dag.py took 0.378 seconds
[2024-11-10T04:46:11.433+0000] {processor.py:156} INFO - Started process (PID=165) to work on /opt/airflow/dags/weather_etl_dag.py
[2024-11-10T04:46:11.435+0000] {processor.py:799} INFO - Processing file /opt/airflow/dags/weather_etl_dag.py for tasks to queue
[2024-11-10T04:46:11.435+0000] {logging_mixin.py:149} INFO - [2024-11-10T04:46:11.435+0000] {dagbag.py:541} INFO - Filling up the DagBag from /opt/airflow/dags/weather_etl_dag.py
[2024-11-10T04:46:11.887+0000] {processor.py:809} INFO - DAG(s) dict_keys(['weather_etl']) retrieved from /opt/airflow/dags/weather_etl_dag.py
[2024-11-10T04:46:11.947+0000] {logging_mixin.py:149} INFO - [2024-11-10T04:46:11.947+0000] {dag.py:2726} INFO - Sync 1 DAGs
[2024-11-10T04:46:12.026+0000] {logging_mixin.py:149} INFO - [2024-11-10T04:46:12.025+0000] {dag.py:3490} INFO - Setting next_dagrun for weather_etl to 2024-11-10T00:00:00+00:00, run_after=2024-11-11T00:00:00+00:00
[2024-11-10T04:46:12.061+0000] {processor.py:178} INFO - Processing /opt/airflow/dags/weather_etl_dag.py took 0.631 seconds
[2024-11-10T04:46:42.383+0000] {processor.py:156} INFO - Started process (PID=174) to work on /opt/airflow/dags/weather_etl_dag.py
[2024-11-10T04:46:42.385+0000] {processor.py:799} INFO - Processing file /opt/airflow/dags/weather_etl_dag.py for tasks to queue
[2024-11-10T04:46:42.385+0000] {logging_mixin.py:149} INFO - [2024-11-10T04:46:42.385+0000] {dagbag.py:541} INFO - Filling up the DagBag from /opt/airflow/dags/weather_etl_dag.py
[2024-11-10T04:46:42.762+0000] {processor.py:809} INFO - DAG(s) dict_keys(['weather_etl']) retrieved from /opt/airflow/dags/weather_etl_dag.py
[2024-11-10T04:46:42.803+0000] {logging_mixin.py:149} INFO - [2024-11-10T04:46:42.792+0000] {dag.py:2726} INFO - Sync 1 DAGs
[2024-11-10T04:46:42.838+0000] {logging_mixin.py:149} INFO - [2024-11-10T04:46:42.838+0000] {dag.py:3490} INFO - Setting next_dagrun for weather_etl to 2024-11-10T00:00:00+00:00, run_after=2024-11-11T00:00:00+00:00
[2024-11-10T04:46:42.854+0000] {processor.py:178} INFO - Processing /opt/airflow/dags/weather_etl_dag.py took 0.476 seconds
[2024-11-10T04:47:13.173+0000] {processor.py:156} INFO - Started process (PID=183) to work on /opt/airflow/dags/weather_etl_dag.py
[2024-11-10T04:47:13.174+0000] {processor.py:799} INFO - Processing file /opt/airflow/dags/weather_etl_dag.py for tasks to queue
[2024-11-10T04:47:13.175+0000] {logging_mixin.py:149} INFO - [2024-11-10T04:47:13.175+0000] {dagbag.py:541} INFO - Filling up the DagBag from /opt/airflow/dags/weather_etl_dag.py
[2024-11-10T04:47:13.492+0000] {processor.py:809} INFO - DAG(s) dict_keys(['weather_etl']) retrieved from /opt/airflow/dags/weather_etl_dag.py
[2024-11-10T04:47:13.523+0000] {logging_mixin.py:149} INFO - [2024-11-10T04:47:13.523+0000] {dag.py:2726} INFO - Sync 1 DAGs
[2024-11-10T04:47:13.549+0000] {logging_mixin.py:149} INFO - [2024-11-10T04:47:13.549+0000] {dag.py:3490} INFO - Setting next_dagrun for weather_etl to 2024-11-10T00:00:00+00:00, run_after=2024-11-11T00:00:00+00:00
[2024-11-10T04:47:13.565+0000] {processor.py:178} INFO - Processing /opt/airflow/dags/weather_etl_dag.py took 0.398 seconds
[2024-11-10T04:47:43.900+0000] {processor.py:156} INFO - Started process (PID=192) to work on /opt/airflow/dags/weather_etl_dag.py
[2024-11-10T04:47:43.903+0000] {processor.py:799} INFO - Processing file /opt/airflow/dags/weather_etl_dag.py for tasks to queue
[2024-11-10T04:47:43.904+0000] {logging_mixin.py:149} INFO - [2024-11-10T04:47:43.904+0000] {dagbag.py:541} INFO - Filling up the DagBag from /opt/airflow/dags/weather_etl_dag.py
[2024-11-10T04:47:44.325+0000] {processor.py:809} INFO - DAG(s) dict_keys(['weather_etl']) retrieved from /opt/airflow/dags/weather_etl_dag.py
[2024-11-10T04:47:44.356+0000] {logging_mixin.py:149} INFO - [2024-11-10T04:47:44.356+0000] {dag.py:2726} INFO - Sync 1 DAGs
[2024-11-10T04:47:44.379+0000] {logging_mixin.py:149} INFO - [2024-11-10T04:47:44.379+0000] {dag.py:3490} INFO - Setting next_dagrun for weather_etl to 2024-11-10T00:00:00+00:00, run_after=2024-11-11T00:00:00+00:00
[2024-11-10T04:47:44.396+0000] {processor.py:178} INFO - Processing /opt/airflow/dags/weather_etl_dag.py took 0.506 seconds
[2024-11-10T04:48:14.683+0000] {processor.py:156} INFO - Started process (PID=201) to work on /opt/airflow/dags/weather_etl_dag.py
[2024-11-10T04:48:14.684+0000] {processor.py:799} INFO - Processing file /opt/airflow/dags/weather_etl_dag.py for tasks to queue
[2024-11-10T04:48:14.685+0000] {logging_mixin.py:149} INFO - [2024-11-10T04:48:14.685+0000] {dagbag.py:541} INFO - Filling up the DagBag from /opt/airflow/dags/weather_etl_dag.py
[2024-11-10T04:48:14.966+0000] {processor.py:809} INFO - DAG(s) dict_keys(['weather_etl']) retrieved from /opt/airflow/dags/weather_etl_dag.py
[2024-11-10T04:48:14.987+0000] {logging_mixin.py:149} INFO - [2024-11-10T04:48:14.986+0000] {dag.py:2726} INFO - Sync 1 DAGs
[2024-11-10T04:48:15.007+0000] {logging_mixin.py:149} INFO - [2024-11-10T04:48:15.007+0000] {dag.py:3490} INFO - Setting next_dagrun for weather_etl to 2024-11-10T00:00:00+00:00, run_after=2024-11-11T00:00:00+00:00
[2024-11-10T04:48:15.021+0000] {processor.py:178} INFO - Processing /opt/airflow/dags/weather_etl_dag.py took 0.342 seconds
[2024-11-10T04:48:45.300+0000] {processor.py:156} INFO - Started process (PID=210) to work on /opt/airflow/dags/weather_etl_dag.py
[2024-11-10T04:48:45.302+0000] {processor.py:799} INFO - Processing file /opt/airflow/dags/weather_etl_dag.py for tasks to queue
[2024-11-10T04:48:45.303+0000] {logging_mixin.py:149} INFO - [2024-11-10T04:48:45.303+0000] {dagbag.py:541} INFO - Filling up the DagBag from /opt/airflow/dags/weather_etl_dag.py
[2024-11-10T04:48:45.651+0000] {processor.py:809} INFO - DAG(s) dict_keys(['weather_etl']) retrieved from /opt/airflow/dags/weather_etl_dag.py
[2024-11-10T04:48:45.680+0000] {logging_mixin.py:149} INFO - [2024-11-10T04:48:45.680+0000] {dag.py:2726} INFO - Sync 1 DAGs
[2024-11-10T04:48:45.706+0000] {logging_mixin.py:149} INFO - [2024-11-10T04:48:45.706+0000] {dag.py:3490} INFO - Setting next_dagrun for weather_etl to 2024-11-10T00:00:00+00:00, run_after=2024-11-11T00:00:00+00:00
[2024-11-10T04:48:45.724+0000] {processor.py:178} INFO - Processing /opt/airflow/dags/weather_etl_dag.py took 0.430 seconds
[2024-11-10T04:49:15.981+0000] {processor.py:156} INFO - Started process (PID=219) to work on /opt/airflow/dags/weather_etl_dag.py
[2024-11-10T04:49:15.983+0000] {processor.py:799} INFO - Processing file /opt/airflow/dags/weather_etl_dag.py for tasks to queue
[2024-11-10T04:49:15.984+0000] {logging_mixin.py:149} INFO - [2024-11-10T04:49:15.984+0000] {dagbag.py:541} INFO - Filling up the DagBag from /opt/airflow/dags/weather_etl_dag.py
[2024-11-10T04:49:16.373+0000] {processor.py:809} INFO - DAG(s) dict_keys(['weather_etl']) retrieved from /opt/airflow/dags/weather_etl_dag.py
[2024-11-10T04:49:16.401+0000] {logging_mixin.py:149} INFO - [2024-11-10T04:49:16.400+0000] {dag.py:2726} INFO - Sync 1 DAGs
[2024-11-10T04:49:16.423+0000] {logging_mixin.py:149} INFO - [2024-11-10T04:49:16.423+0000] {dag.py:3490} INFO - Setting next_dagrun for weather_etl to 2024-11-10T00:00:00+00:00, run_after=2024-11-11T00:00:00+00:00
[2024-11-10T04:49:16.436+0000] {processor.py:178} INFO - Processing /opt/airflow/dags/weather_etl_dag.py took 0.461 seconds
[2024-11-10T04:49:46.790+0000] {processor.py:156} INFO - Started process (PID=228) to work on /opt/airflow/dags/weather_etl_dag.py
[2024-11-10T04:49:46.792+0000] {processor.py:799} INFO - Processing file /opt/airflow/dags/weather_etl_dag.py for tasks to queue
[2024-11-10T04:49:46.793+0000] {logging_mixin.py:149} INFO - [2024-11-10T04:49:46.793+0000] {dagbag.py:541} INFO - Filling up the DagBag from /opt/airflow/dags/weather_etl_dag.py
[2024-11-10T04:49:47.215+0000] {processor.py:809} INFO - DAG(s) dict_keys(['weather_etl']) retrieved from /opt/airflow/dags/weather_etl_dag.py
[2024-11-10T04:49:47.251+0000] {logging_mixin.py:149} INFO - [2024-11-10T04:49:47.250+0000] {dag.py:2726} INFO - Sync 1 DAGs
[2024-11-10T04:49:47.276+0000] {logging_mixin.py:149} INFO - [2024-11-10T04:49:47.276+0000] {dag.py:3490} INFO - Setting next_dagrun for weather_etl to 2024-11-10T00:00:00+00:00, run_after=2024-11-11T00:00:00+00:00
[2024-11-10T04:49:47.296+0000] {processor.py:178} INFO - Processing /opt/airflow/dags/weather_etl_dag.py took 0.517 seconds
[2024-11-10T04:50:17.667+0000] {processor.py:156} INFO - Started process (PID=237) to work on /opt/airflow/dags/weather_etl_dag.py
[2024-11-10T04:50:17.669+0000] {processor.py:799} INFO - Processing file /opt/airflow/dags/weather_etl_dag.py for tasks to queue
[2024-11-10T04:50:17.670+0000] {logging_mixin.py:149} INFO - [2024-11-10T04:50:17.670+0000] {dagbag.py:541} INFO - Filling up the DagBag from /opt/airflow/dags/weather_etl_dag.py
[2024-11-10T04:50:18.073+0000] {processor.py:809} INFO - DAG(s) dict_keys(['weather_etl']) retrieved from /opt/airflow/dags/weather_etl_dag.py
[2024-11-10T04:50:18.107+0000] {logging_mixin.py:149} INFO - [2024-11-10T04:50:18.106+0000] {dag.py:2726} INFO - Sync 1 DAGs
[2024-11-10T04:50:18.132+0000] {logging_mixin.py:149} INFO - [2024-11-10T04:50:18.132+0000] {dag.py:3490} INFO - Setting next_dagrun for weather_etl to 2024-11-10T00:00:00+00:00, run_after=2024-11-11T00:00:00+00:00
[2024-11-10T04:50:18.147+0000] {processor.py:178} INFO - Processing /opt/airflow/dags/weather_etl_dag.py took 0.487 seconds
[2024-11-10T04:50:48.485+0000] {processor.py:156} INFO - Started process (PID=246) to work on /opt/airflow/dags/weather_etl_dag.py
[2024-11-10T04:50:48.491+0000] {processor.py:799} INFO - Processing file /opt/airflow/dags/weather_etl_dag.py for tasks to queue
[2024-11-10T04:50:48.493+0000] {logging_mixin.py:149} INFO - [2024-11-10T04:50:48.492+0000] {dagbag.py:541} INFO - Filling up the DagBag from /opt/airflow/dags/weather_etl_dag.py
[2024-11-10T04:50:48.903+0000] {processor.py:809} INFO - DAG(s) dict_keys(['weather_etl']) retrieved from /opt/airflow/dags/weather_etl_dag.py
[2024-11-10T04:50:48.941+0000] {logging_mixin.py:149} INFO - [2024-11-10T04:50:48.941+0000] {dag.py:2726} INFO - Sync 1 DAGs
[2024-11-10T04:50:48.967+0000] {logging_mixin.py:149} INFO - [2024-11-10T04:50:48.966+0000] {dag.py:3490} INFO - Setting next_dagrun for weather_etl to 2024-11-10T00:00:00+00:00, run_after=2024-11-11T00:00:00+00:00
[2024-11-10T04:50:48.981+0000] {processor.py:178} INFO - Processing /opt/airflow/dags/weather_etl_dag.py took 0.505 seconds
[2024-11-10T04:51:19.287+0000] {processor.py:156} INFO - Started process (PID=255) to work on /opt/airflow/dags/weather_etl_dag.py
[2024-11-10T04:51:19.288+0000] {processor.py:799} INFO - Processing file /opt/airflow/dags/weather_etl_dag.py for tasks to queue
[2024-11-10T04:51:19.289+0000] {logging_mixin.py:149} INFO - [2024-11-10T04:51:19.289+0000] {dagbag.py:541} INFO - Filling up the DagBag from /opt/airflow/dags/weather_etl_dag.py
[2024-11-10T04:51:19.562+0000] {processor.py:809} INFO - DAG(s) dict_keys(['weather_etl']) retrieved from /opt/airflow/dags/weather_etl_dag.py
[2024-11-10T04:51:19.582+0000] {logging_mixin.py:149} INFO - [2024-11-10T04:51:19.582+0000] {dag.py:2726} INFO - Sync 1 DAGs
[2024-11-10T04:51:19.602+0000] {logging_mixin.py:149} INFO - [2024-11-10T04:51:19.602+0000] {dag.py:3490} INFO - Setting next_dagrun for weather_etl to 2024-11-10T00:00:00+00:00, run_after=2024-11-11T00:00:00+00:00
[2024-11-10T04:51:19.620+0000] {processor.py:178} INFO - Processing /opt/airflow/dags/weather_etl_dag.py took 0.338 seconds
[2024-11-10T04:51:49.926+0000] {processor.py:156} INFO - Started process (PID=264) to work on /opt/airflow/dags/weather_etl_dag.py
[2024-11-10T04:51:49.929+0000] {processor.py:799} INFO - Processing file /opt/airflow/dags/weather_etl_dag.py for tasks to queue
[2024-11-10T04:51:49.930+0000] {logging_mixin.py:149} INFO - [2024-11-10T04:51:49.930+0000] {dagbag.py:541} INFO - Filling up the DagBag from /opt/airflow/dags/weather_etl_dag.py
[2024-11-10T04:51:50.429+0000] {processor.py:809} INFO - DAG(s) dict_keys(['weather_etl']) retrieved from /opt/airflow/dags/weather_etl_dag.py
[2024-11-10T04:51:50.508+0000] {logging_mixin.py:149} INFO - [2024-11-10T04:51:50.506+0000] {dag.py:2726} INFO - Sync 1 DAGs
[2024-11-10T04:51:50.552+0000] {logging_mixin.py:149} INFO - [2024-11-10T04:51:50.552+0000] {dag.py:3490} INFO - Setting next_dagrun for weather_etl to 2024-11-10T00:00:00+00:00, run_after=2024-11-11T00:00:00+00:00
[2024-11-10T04:51:50.580+0000] {processor.py:178} INFO - Processing /opt/airflow/dags/weather_etl_dag.py took 0.664 seconds
[2024-11-10T04:52:20.883+0000] {processor.py:156} INFO - Started process (PID=273) to work on /opt/airflow/dags/weather_etl_dag.py
[2024-11-10T04:52:20.886+0000] {processor.py:799} INFO - Processing file /opt/airflow/dags/weather_etl_dag.py for tasks to queue
[2024-11-10T04:52:20.887+0000] {logging_mixin.py:149} INFO - [2024-11-10T04:52:20.887+0000] {dagbag.py:541} INFO - Filling up the DagBag from /opt/airflow/dags/weather_etl_dag.py
[2024-11-10T04:52:21.327+0000] {processor.py:809} INFO - DAG(s) dict_keys(['weather_etl']) retrieved from /opt/airflow/dags/weather_etl_dag.py
[2024-11-10T04:52:21.364+0000] {logging_mixin.py:149} INFO - [2024-11-10T04:52:21.363+0000] {dag.py:2726} INFO - Sync 1 DAGs
[2024-11-10T04:52:21.392+0000] {logging_mixin.py:149} INFO - [2024-11-10T04:52:21.391+0000] {dag.py:3490} INFO - Setting next_dagrun for weather_etl to 2024-11-10T00:00:00+00:00, run_after=2024-11-11T00:00:00+00:00
[2024-11-10T04:52:21.407+0000] {processor.py:178} INFO - Processing /opt/airflow/dags/weather_etl_dag.py took 0.535 seconds
[2024-11-10T04:52:51.760+0000] {processor.py:156} INFO - Started process (PID=282) to work on /opt/airflow/dags/weather_etl_dag.py
[2024-11-10T04:52:51.763+0000] {processor.py:799} INFO - Processing file /opt/airflow/dags/weather_etl_dag.py for tasks to queue
[2024-11-10T04:52:51.765+0000] {logging_mixin.py:149} INFO - [2024-11-10T04:52:51.764+0000] {dagbag.py:541} INFO - Filling up the DagBag from /opt/airflow/dags/weather_etl_dag.py
[2024-11-10T04:52:52.167+0000] {processor.py:809} INFO - DAG(s) dict_keys(['weather_etl']) retrieved from /opt/airflow/dags/weather_etl_dag.py
[2024-11-10T04:52:52.199+0000] {logging_mixin.py:149} INFO - [2024-11-10T04:52:52.198+0000] {dag.py:2726} INFO - Sync 1 DAGs
[2024-11-10T04:52:52.224+0000] {logging_mixin.py:149} INFO - [2024-11-10T04:52:52.223+0000] {dag.py:3490} INFO - Setting next_dagrun for weather_etl to 2024-11-10T00:00:00+00:00, run_after=2024-11-11T00:00:00+00:00
[2024-11-10T04:52:52.242+0000] {processor.py:178} INFO - Processing /opt/airflow/dags/weather_etl_dag.py took 0.495 seconds
[2024-11-10T04:53:22.441+0000] {processor.py:156} INFO - Started process (PID=291) to work on /opt/airflow/dags/weather_etl_dag.py
[2024-11-10T04:53:22.442+0000] {processor.py:799} INFO - Processing file /opt/airflow/dags/weather_etl_dag.py for tasks to queue
[2024-11-10T04:53:22.443+0000] {logging_mixin.py:149} INFO - [2024-11-10T04:53:22.443+0000] {dagbag.py:541} INFO - Filling up the DagBag from /opt/airflow/dags/weather_etl_dag.py
[2024-11-10T04:53:22.837+0000] {processor.py:809} INFO - DAG(s) dict_keys(['weather_etl']) retrieved from /opt/airflow/dags/weather_etl_dag.py
[2024-11-10T04:53:22.876+0000] {logging_mixin.py:149} INFO - [2024-11-10T04:53:22.876+0000] {dag.py:2726} INFO - Sync 1 DAGs
[2024-11-10T04:53:22.901+0000] {logging_mixin.py:149} INFO - [2024-11-10T04:53:22.901+0000] {dag.py:3490} INFO - Setting next_dagrun for weather_etl to 2024-11-10T00:00:00+00:00, run_after=2024-11-11T00:00:00+00:00
[2024-11-10T04:53:22.917+0000] {processor.py:178} INFO - Processing /opt/airflow/dags/weather_etl_dag.py took 0.482 seconds
[2024-11-10T04:53:53.260+0000] {processor.py:156} INFO - Started process (PID=300) to work on /opt/airflow/dags/weather_etl_dag.py
[2024-11-10T04:53:53.261+0000] {processor.py:799} INFO - Processing file /opt/airflow/dags/weather_etl_dag.py for tasks to queue
[2024-11-10T04:53:53.262+0000] {logging_mixin.py:149} INFO - [2024-11-10T04:53:53.262+0000] {dagbag.py:541} INFO - Filling up the DagBag from /opt/airflow/dags/weather_etl_dag.py
[2024-11-10T04:53:53.580+0000] {processor.py:809} INFO - DAG(s) dict_keys(['weather_etl']) retrieved from /opt/airflow/dags/weather_etl_dag.py
[2024-11-10T04:53:53.603+0000] {logging_mixin.py:149} INFO - [2024-11-10T04:53:53.602+0000] {dag.py:2726} INFO - Sync 1 DAGs
[2024-11-10T04:53:53.624+0000] {logging_mixin.py:149} INFO - [2024-11-10T04:53:53.624+0000] {dag.py:3490} INFO - Setting next_dagrun for weather_etl to 2024-11-10T00:00:00+00:00, run_after=2024-11-11T00:00:00+00:00
[2024-11-10T04:53:53.638+0000] {processor.py:178} INFO - Processing /opt/airflow/dags/weather_etl_dag.py took 0.385 seconds
[2024-11-10T04:54:23.987+0000] {processor.py:156} INFO - Started process (PID=309) to work on /opt/airflow/dags/weather_etl_dag.py
[2024-11-10T04:54:23.989+0000] {processor.py:799} INFO - Processing file /opt/airflow/dags/weather_etl_dag.py for tasks to queue
[2024-11-10T04:54:23.990+0000] {logging_mixin.py:149} INFO - [2024-11-10T04:54:23.990+0000] {dagbag.py:541} INFO - Filling up the DagBag from /opt/airflow/dags/weather_etl_dag.py
[2024-11-10T04:54:24.422+0000] {processor.py:809} INFO - DAG(s) dict_keys(['weather_etl']) retrieved from /opt/airflow/dags/weather_etl_dag.py
[2024-11-10T04:54:24.454+0000] {logging_mixin.py:149} INFO - [2024-11-10T04:54:24.453+0000] {dag.py:2726} INFO - Sync 1 DAGs
[2024-11-10T04:54:24.481+0000] {logging_mixin.py:149} INFO - [2024-11-10T04:54:24.481+0000] {dag.py:3490} INFO - Setting next_dagrun for weather_etl to 2024-11-10T00:00:00+00:00, run_after=2024-11-11T00:00:00+00:00
[2024-11-10T04:54:24.496+0000] {processor.py:178} INFO - Processing /opt/airflow/dags/weather_etl_dag.py took 0.522 seconds
[2024-11-10T04:54:54.804+0000] {processor.py:156} INFO - Started process (PID=318) to work on /opt/airflow/dags/weather_etl_dag.py
[2024-11-10T04:54:54.806+0000] {processor.py:799} INFO - Processing file /opt/airflow/dags/weather_etl_dag.py for tasks to queue
[2024-11-10T04:54:54.807+0000] {logging_mixin.py:149} INFO - [2024-11-10T04:54:54.807+0000] {dagbag.py:541} INFO - Filling up the DagBag from /opt/airflow/dags/weather_etl_dag.py
[2024-11-10T04:54:55.081+0000] {processor.py:809} INFO - DAG(s) dict_keys(['weather_etl']) retrieved from /opt/airflow/dags/weather_etl_dag.py
[2024-11-10T04:54:55.101+0000] {logging_mixin.py:149} INFO - [2024-11-10T04:54:55.100+0000] {dag.py:2726} INFO - Sync 1 DAGs
[2024-11-10T04:54:55.122+0000] {logging_mixin.py:149} INFO - [2024-11-10T04:54:55.121+0000] {dag.py:3490} INFO - Setting next_dagrun for weather_etl to 2024-11-10T00:00:00+00:00, run_after=2024-11-11T00:00:00+00:00
[2024-11-10T04:54:55.135+0000] {processor.py:178} INFO - Processing /opt/airflow/dags/weather_etl_dag.py took 0.335 seconds
[2024-11-10T04:55:25.458+0000] {processor.py:156} INFO - Started process (PID=327) to work on /opt/airflow/dags/weather_etl_dag.py
[2024-11-10T04:55:25.460+0000] {processor.py:799} INFO - Processing file /opt/airflow/dags/weather_etl_dag.py for tasks to queue
[2024-11-10T04:55:25.461+0000] {logging_mixin.py:149} INFO - [2024-11-10T04:55:25.461+0000] {dagbag.py:541} INFO - Filling up the DagBag from /opt/airflow/dags/weather_etl_dag.py
[2024-11-10T04:55:25.770+0000] {processor.py:809} INFO - DAG(s) dict_keys(['weather_etl']) retrieved from /opt/airflow/dags/weather_etl_dag.py
[2024-11-10T04:55:25.792+0000] {logging_mixin.py:149} INFO - [2024-11-10T04:55:25.791+0000] {dag.py:2726} INFO - Sync 1 DAGs
[2024-11-10T04:55:25.813+0000] {logging_mixin.py:149} INFO - [2024-11-10T04:55:25.813+0000] {dag.py:3490} INFO - Setting next_dagrun for weather_etl to 2024-11-10T00:00:00+00:00, run_after=2024-11-11T00:00:00+00:00
[2024-11-10T04:55:25.827+0000] {processor.py:178} INFO - Processing /opt/airflow/dags/weather_etl_dag.py took 0.377 seconds
[2024-11-10T04:55:56.118+0000] {processor.py:156} INFO - Started process (PID=336) to work on /opt/airflow/dags/weather_etl_dag.py
[2024-11-10T04:55:56.120+0000] {processor.py:799} INFO - Processing file /opt/airflow/dags/weather_etl_dag.py for tasks to queue
[2024-11-10T04:55:56.121+0000] {logging_mixin.py:149} INFO - [2024-11-10T04:55:56.121+0000] {dagbag.py:541} INFO - Filling up the DagBag from /opt/airflow/dags/weather_etl_dag.py
[2024-11-10T04:55:56.441+0000] {processor.py:809} INFO - DAG(s) dict_keys(['weather_etl']) retrieved from /opt/airflow/dags/weather_etl_dag.py
[2024-11-10T04:55:56.471+0000] {logging_mixin.py:149} INFO - [2024-11-10T04:55:56.471+0000] {dag.py:2726} INFO - Sync 1 DAGs
[2024-11-10T04:55:56.495+0000] {logging_mixin.py:149} INFO - [2024-11-10T04:55:56.495+0000] {dag.py:3490} INFO - Setting next_dagrun for weather_etl to 2024-11-10T00:00:00+00:00, run_after=2024-11-11T00:00:00+00:00
[2024-11-10T04:55:56.510+0000] {processor.py:178} INFO - Processing /opt/airflow/dags/weather_etl_dag.py took 0.399 seconds
[2024-11-10T04:56:16.732+0000] {processor.py:156} INFO - Started process (PID=345) to work on /opt/airflow/dags/weather_etl_dag.py
[2024-11-10T04:56:16.733+0000] {processor.py:799} INFO - Processing file /opt/airflow/dags/weather_etl_dag.py for tasks to queue
[2024-11-10T04:56:16.733+0000] {logging_mixin.py:149} INFO - [2024-11-10T04:56:16.733+0000] {dagbag.py:541} INFO - Filling up the DagBag from /opt/airflow/dags/weather_etl_dag.py
[2024-11-10T04:56:17.010+0000] {processor.py:809} INFO - DAG(s) dict_keys(['weather_etl']) retrieved from /opt/airflow/dags/weather_etl_dag.py
[2024-11-10T04:56:17.031+0000] {logging_mixin.py:149} INFO - [2024-11-10T04:56:17.030+0000] {dag.py:2726} INFO - Sync 1 DAGs
[2024-11-10T04:56:17.050+0000] {logging_mixin.py:149} INFO - [2024-11-10T04:56:17.050+0000] {dag.py:3490} INFO - Setting next_dagrun for weather_etl to 2024-11-10T00:00:00+00:00, run_after=2024-11-11T00:00:00+00:00
[2024-11-10T04:56:17.065+0000] {processor.py:178} INFO - Processing /opt/airflow/dags/weather_etl_dag.py took 0.336 seconds
[2024-11-10T04:56:47.442+0000] {processor.py:156} INFO - Started process (PID=354) to work on /opt/airflow/dags/weather_etl_dag.py
[2024-11-10T04:56:47.444+0000] {processor.py:799} INFO - Processing file /opt/airflow/dags/weather_etl_dag.py for tasks to queue
[2024-11-10T04:56:47.446+0000] {logging_mixin.py:149} INFO - [2024-11-10T04:56:47.446+0000] {dagbag.py:541} INFO - Filling up the DagBag from /opt/airflow/dags/weather_etl_dag.py
[2024-11-10T04:56:47.809+0000] {processor.py:809} INFO - DAG(s) dict_keys(['weather_etl']) retrieved from /opt/airflow/dags/weather_etl_dag.py
[2024-11-10T04:56:47.839+0000] {logging_mixin.py:149} INFO - [2024-11-10T04:56:47.839+0000] {dag.py:2726} INFO - Sync 1 DAGs
[2024-11-10T04:56:47.864+0000] {logging_mixin.py:149} INFO - [2024-11-10T04:56:47.864+0000] {dag.py:3490} INFO - Setting next_dagrun for weather_etl to 2024-11-10T00:00:00+00:00, run_after=2024-11-11T00:00:00+00:00
[2024-11-10T04:56:47.879+0000] {processor.py:178} INFO - Processing /opt/airflow/dags/weather_etl_dag.py took 0.447 seconds
[2024-11-10T04:57:10.732+0000] {processor.py:156} INFO - Started process (PID=363) to work on /opt/airflow/dags/weather_etl_dag.py
[2024-11-10T04:57:10.734+0000] {processor.py:799} INFO - Processing file /opt/airflow/dags/weather_etl_dag.py for tasks to queue
[2024-11-10T04:57:10.735+0000] {logging_mixin.py:149} INFO - [2024-11-10T04:57:10.735+0000] {dagbag.py:541} INFO - Filling up the DagBag from /opt/airflow/dags/weather_etl_dag.py
[2024-11-10T04:57:11.085+0000] {processor.py:809} INFO - DAG(s) dict_keys(['weather_etl']) retrieved from /opt/airflow/dags/weather_etl_dag.py
[2024-11-10T04:57:11.113+0000] {logging_mixin.py:149} INFO - [2024-11-10T04:57:11.112+0000] {dag.py:2726} INFO - Sync 1 DAGs
[2024-11-10T04:57:11.150+0000] {logging_mixin.py:149} INFO - [2024-11-10T04:57:11.150+0000] {dag.py:3490} INFO - Setting next_dagrun for weather_etl to 2024-11-10T00:00:00+00:00, run_after=2024-11-11T00:00:00+00:00
[2024-11-10T04:57:11.172+0000] {processor.py:178} INFO - Processing /opt/airflow/dags/weather_etl_dag.py took 0.449 seconds
[2024-11-10T04:57:41.515+0000] {processor.py:156} INFO - Started process (PID=372) to work on /opt/airflow/dags/weather_etl_dag.py
[2024-11-10T04:57:41.518+0000] {processor.py:799} INFO - Processing file /opt/airflow/dags/weather_etl_dag.py for tasks to queue
[2024-11-10T04:57:41.519+0000] {logging_mixin.py:149} INFO - [2024-11-10T04:57:41.519+0000] {dagbag.py:541} INFO - Filling up the DagBag from /opt/airflow/dags/weather_etl_dag.py
[2024-11-10T04:57:41.910+0000] {processor.py:809} INFO - DAG(s) dict_keys(['weather_etl']) retrieved from /opt/airflow/dags/weather_etl_dag.py
[2024-11-10T04:57:41.947+0000] {logging_mixin.py:149} INFO - [2024-11-10T04:57:41.947+0000] {dag.py:2726} INFO - Sync 1 DAGs
[2024-11-10T04:57:41.973+0000] {logging_mixin.py:149} INFO - [2024-11-10T04:57:41.972+0000] {dag.py:3490} INFO - Setting next_dagrun for weather_etl to 2024-11-10T00:00:00+00:00, run_after=2024-11-11T00:00:00+00:00
[2024-11-10T04:57:41.990+0000] {processor.py:178} INFO - Processing /opt/airflow/dags/weather_etl_dag.py took 0.483 seconds
[2024-11-10T04:58:12.357+0000] {processor.py:156} INFO - Started process (PID=381) to work on /opt/airflow/dags/weather_etl_dag.py
[2024-11-10T04:58:12.362+0000] {processor.py:799} INFO - Processing file /opt/airflow/dags/weather_etl_dag.py for tasks to queue
[2024-11-10T04:58:12.363+0000] {logging_mixin.py:149} INFO - [2024-11-10T04:58:12.363+0000] {dagbag.py:541} INFO - Filling up the DagBag from /opt/airflow/dags/weather_etl_dag.py
[2024-11-10T04:58:12.773+0000] {processor.py:809} INFO - DAG(s) dict_keys(['weather_etl']) retrieved from /opt/airflow/dags/weather_etl_dag.py
[2024-11-10T04:58:12.817+0000] {logging_mixin.py:149} INFO - [2024-11-10T04:58:12.817+0000] {dag.py:2726} INFO - Sync 1 DAGs
[2024-11-10T04:58:12.851+0000] {logging_mixin.py:149} INFO - [2024-11-10T04:58:12.851+0000] {dag.py:3490} INFO - Setting next_dagrun for weather_etl to 2024-11-10T00:00:00+00:00, run_after=2024-11-11T00:00:00+00:00
[2024-11-10T04:58:12.866+0000] {processor.py:178} INFO - Processing /opt/airflow/dags/weather_etl_dag.py took 0.526 seconds
[2024-11-10T04:58:30.045+0000] {processor.py:156} INFO - Started process (PID=390) to work on /opt/airflow/dags/weather_etl_dag.py
[2024-11-10T04:58:30.046+0000] {processor.py:799} INFO - Processing file /opt/airflow/dags/weather_etl_dag.py for tasks to queue
[2024-11-10T04:58:30.047+0000] {logging_mixin.py:149} INFO - [2024-11-10T04:58:30.046+0000] {dagbag.py:541} INFO - Filling up the DagBag from /opt/airflow/dags/weather_etl_dag.py
[2024-11-10T04:58:30.327+0000] {processor.py:809} INFO - DAG(s) dict_keys(['weather_etl']) retrieved from /opt/airflow/dags/weather_etl_dag.py
[2024-11-10T04:58:30.348+0000] {logging_mixin.py:149} INFO - [2024-11-10T04:58:30.348+0000] {dag.py:2726} INFO - Sync 1 DAGs
[2024-11-10T04:58:30.369+0000] {logging_mixin.py:149} INFO - [2024-11-10T04:58:30.369+0000] {dag.py:3490} INFO - Setting next_dagrun for weather_etl to 2024-11-10T00:00:00+00:00, run_after=2024-11-11T00:00:00+00:00
[2024-11-10T04:58:30.384+0000] {processor.py:178} INFO - Processing /opt/airflow/dags/weather_etl_dag.py took 0.342 seconds
[2024-11-10T04:59:00.726+0000] {processor.py:156} INFO - Started process (PID=399) to work on /opt/airflow/dags/weather_etl_dag.py
[2024-11-10T04:59:00.729+0000] {processor.py:799} INFO - Processing file /opt/airflow/dags/weather_etl_dag.py for tasks to queue
[2024-11-10T04:59:00.730+0000] {logging_mixin.py:149} INFO - [2024-11-10T04:59:00.730+0000] {dagbag.py:541} INFO - Filling up the DagBag from /opt/airflow/dags/weather_etl_dag.py
[2024-11-10T04:59:01.137+0000] {processor.py:809} INFO - DAG(s) dict_keys(['weather_etl']) retrieved from /opt/airflow/dags/weather_etl_dag.py
[2024-11-10T04:59:01.173+0000] {logging_mixin.py:149} INFO - [2024-11-10T04:59:01.172+0000] {dag.py:2726} INFO - Sync 1 DAGs
[2024-11-10T04:59:01.197+0000] {logging_mixin.py:149} INFO - [2024-11-10T04:59:01.196+0000] {dag.py:3490} INFO - Setting next_dagrun for weather_etl to 2024-11-10T00:00:00+00:00, run_after=2024-11-11T00:00:00+00:00
[2024-11-10T04:59:01.211+0000] {processor.py:178} INFO - Processing /opt/airflow/dags/weather_etl_dag.py took 0.494 seconds
[2024-11-10T04:59:12.328+0000] {processor.py:156} INFO - Started process (PID=408) to work on /opt/airflow/dags/weather_etl_dag.py
[2024-11-10T04:59:12.329+0000] {processor.py:799} INFO - Processing file /opt/airflow/dags/weather_etl_dag.py for tasks to queue
[2024-11-10T04:59:12.333+0000] {logging_mixin.py:149} INFO - [2024-11-10T04:59:12.333+0000] {dagbag.py:541} INFO - Filling up the DagBag from /opt/airflow/dags/weather_etl_dag.py
[2024-11-10T04:59:12.599+0000] {processor.py:809} INFO - DAG(s) dict_keys(['weather_etl']) retrieved from /opt/airflow/dags/weather_etl_dag.py
[2024-11-10T04:59:12.620+0000] {logging_mixin.py:149} INFO - [2024-11-10T04:59:12.619+0000] {dag.py:2726} INFO - Sync 1 DAGs
[2024-11-10T04:59:12.639+0000] {logging_mixin.py:149} INFO - [2024-11-10T04:59:12.639+0000] {dag.py:3490} INFO - Setting next_dagrun for weather_etl to 2024-11-10T00:00:00+00:00, run_after=2024-11-11T00:00:00+00:00
[2024-11-10T04:59:12.655+0000] {processor.py:178} INFO - Processing /opt/airflow/dags/weather_etl_dag.py took 0.331 seconds
[2024-11-10T04:59:43.000+0000] {processor.py:156} INFO - Started process (PID=417) to work on /opt/airflow/dags/weather_etl_dag.py
[2024-11-10T04:59:43.003+0000] {processor.py:799} INFO - Processing file /opt/airflow/dags/weather_etl_dag.py for tasks to queue
[2024-11-10T04:59:43.004+0000] {logging_mixin.py:149} INFO - [2024-11-10T04:59:43.004+0000] {dagbag.py:541} INFO - Filling up the DagBag from /opt/airflow/dags/weather_etl_dag.py
[2024-11-10T04:59:43.412+0000] {processor.py:809} INFO - DAG(s) dict_keys(['weather_etl']) retrieved from /opt/airflow/dags/weather_etl_dag.py
[2024-11-10T04:59:43.495+0000] {logging_mixin.py:149} INFO - [2024-11-10T04:59:43.495+0000] {dag.py:2726} INFO - Sync 1 DAGs
[2024-11-10T04:59:43.535+0000] {logging_mixin.py:149} INFO - [2024-11-10T04:59:43.535+0000] {dag.py:3490} INFO - Setting next_dagrun for weather_etl to 2024-11-10T00:00:00+00:00, run_after=2024-11-11T00:00:00+00:00
[2024-11-10T04:59:43.555+0000] {processor.py:178} INFO - Processing /opt/airflow/dags/weather_etl_dag.py took 0.571 seconds
[2024-11-10T05:00:13.835+0000] {processor.py:156} INFO - Started process (PID=426) to work on /opt/airflow/dags/weather_etl_dag.py
[2024-11-10T05:00:13.836+0000] {processor.py:799} INFO - Processing file /opt/airflow/dags/weather_etl_dag.py for tasks to queue
[2024-11-10T05:00:13.838+0000] {logging_mixin.py:149} INFO - [2024-11-10T05:00:13.837+0000] {dagbag.py:541} INFO - Filling up the DagBag from /opt/airflow/dags/weather_etl_dag.py
[2024-11-10T05:00:14.125+0000] {processor.py:809} INFO - DAG(s) dict_keys(['weather_etl']) retrieved from /opt/airflow/dags/weather_etl_dag.py
[2024-11-10T05:00:14.155+0000] {logging_mixin.py:149} INFO - [2024-11-10T05:00:14.155+0000] {dag.py:2726} INFO - Sync 1 DAGs
[2024-11-10T05:00:14.184+0000] {logging_mixin.py:149} INFO - [2024-11-10T05:00:14.184+0000] {dag.py:3490} INFO - Setting next_dagrun for weather_etl to 2024-11-10T00:00:00+00:00, run_after=2024-11-11T00:00:00+00:00
[2024-11-10T05:00:14.200+0000] {processor.py:178} INFO - Processing /opt/airflow/dags/weather_etl_dag.py took 0.371 seconds
[2024-11-10T05:00:44.508+0000] {processor.py:156} INFO - Started process (PID=435) to work on /opt/airflow/dags/weather_etl_dag.py
[2024-11-10T05:00:44.510+0000] {processor.py:799} INFO - Processing file /opt/airflow/dags/weather_etl_dag.py for tasks to queue
[2024-11-10T05:00:44.511+0000] {logging_mixin.py:149} INFO - [2024-11-10T05:00:44.511+0000] {dagbag.py:541} INFO - Filling up the DagBag from /opt/airflow/dags/weather_etl_dag.py
[2024-11-10T05:00:44.854+0000] {processor.py:809} INFO - DAG(s) dict_keys(['weather_etl']) retrieved from /opt/airflow/dags/weather_etl_dag.py
[2024-11-10T05:00:44.875+0000] {logging_mixin.py:149} INFO - [2024-11-10T05:00:44.875+0000] {dag.py:2726} INFO - Sync 1 DAGs
[2024-11-10T05:00:44.899+0000] {logging_mixin.py:149} INFO - [2024-11-10T05:00:44.899+0000] {dag.py:3490} INFO - Setting next_dagrun for weather_etl to 2024-11-10T00:00:00+00:00, run_after=2024-11-11T00:00:00+00:00
[2024-11-10T05:00:44.912+0000] {processor.py:178} INFO - Processing /opt/airflow/dags/weather_etl_dag.py took 0.412 seconds
[2024-11-10T05:01:15.220+0000] {processor.py:156} INFO - Started process (PID=444) to work on /opt/airflow/dags/weather_etl_dag.py
[2024-11-10T05:01:15.222+0000] {processor.py:799} INFO - Processing file /opt/airflow/dags/weather_etl_dag.py for tasks to queue
[2024-11-10T05:01:15.223+0000] {logging_mixin.py:149} INFO - [2024-11-10T05:01:15.223+0000] {dagbag.py:541} INFO - Filling up the DagBag from /opt/airflow/dags/weather_etl_dag.py
[2024-11-10T05:01:15.527+0000] {processor.py:809} INFO - DAG(s) dict_keys(['weather_etl']) retrieved from /opt/airflow/dags/weather_etl_dag.py
[2024-11-10T05:01:15.563+0000] {logging_mixin.py:149} INFO - [2024-11-10T05:01:15.563+0000] {dag.py:2726} INFO - Sync 1 DAGs
[2024-11-10T05:01:15.592+0000] {logging_mixin.py:149} INFO - [2024-11-10T05:01:15.592+0000] {dag.py:3490} INFO - Setting next_dagrun for weather_etl to 2024-11-10T00:00:00+00:00, run_after=2024-11-11T00:00:00+00:00
[2024-11-10T05:01:15.607+0000] {processor.py:178} INFO - Processing /opt/airflow/dags/weather_etl_dag.py took 0.394 seconds
[2024-11-10T05:01:45.887+0000] {processor.py:156} INFO - Started process (PID=453) to work on /opt/airflow/dags/weather_etl_dag.py
[2024-11-10T05:01:45.889+0000] {processor.py:799} INFO - Processing file /opt/airflow/dags/weather_etl_dag.py for tasks to queue
[2024-11-10T05:01:45.890+0000] {logging_mixin.py:149} INFO - [2024-11-10T05:01:45.890+0000] {dagbag.py:541} INFO - Filling up the DagBag from /opt/airflow/dags/weather_etl_dag.py
[2024-11-10T05:01:46.290+0000] {processor.py:809} INFO - DAG(s) dict_keys(['weather_etl']) retrieved from /opt/airflow/dags/weather_etl_dag.py
[2024-11-10T05:01:46.331+0000] {logging_mixin.py:149} INFO - [2024-11-10T05:01:46.330+0000] {dag.py:2726} INFO - Sync 1 DAGs
[2024-11-10T05:01:46.360+0000] {logging_mixin.py:149} INFO - [2024-11-10T05:01:46.360+0000] {dag.py:3490} INFO - Setting next_dagrun for weather_etl to 2024-11-10T00:00:00+00:00, run_after=2024-11-11T00:00:00+00:00
[2024-11-10T05:01:46.376+0000] {processor.py:178} INFO - Processing /opt/airflow/dags/weather_etl_dag.py took 0.501 seconds
[2024-11-10T05:02:16.839+0000] {processor.py:156} INFO - Started process (PID=462) to work on /opt/airflow/dags/weather_etl_dag.py
[2024-11-10T05:02:16.841+0000] {processor.py:799} INFO - Processing file /opt/airflow/dags/weather_etl_dag.py for tasks to queue
[2024-11-10T05:02:16.843+0000] {logging_mixin.py:149} INFO - [2024-11-10T05:02:16.843+0000] {dagbag.py:541} INFO - Filling up the DagBag from /opt/airflow/dags/weather_etl_dag.py
[2024-11-10T05:02:17.238+0000] {processor.py:809} INFO - DAG(s) dict_keys(['weather_etl']) retrieved from /opt/airflow/dags/weather_etl_dag.py
[2024-11-10T05:02:17.298+0000] {logging_mixin.py:149} INFO - [2024-11-10T05:02:17.298+0000] {dag.py:2726} INFO - Sync 1 DAGs
[2024-11-10T05:02:17.331+0000] {logging_mixin.py:149} INFO - [2024-11-10T05:02:17.331+0000] {dag.py:3490} INFO - Setting next_dagrun for weather_etl to 2024-11-10T00:00:00+00:00, run_after=2024-11-11T00:00:00+00:00
[2024-11-10T05:02:17.348+0000] {processor.py:178} INFO - Processing /opt/airflow/dags/weather_etl_dag.py took 0.518 seconds
[2024-11-10T05:02:47.555+0000] {processor.py:156} INFO - Started process (PID=471) to work on /opt/airflow/dags/weather_etl_dag.py
[2024-11-10T05:02:47.557+0000] {processor.py:799} INFO - Processing file /opt/airflow/dags/weather_etl_dag.py for tasks to queue
[2024-11-10T05:02:47.559+0000] {logging_mixin.py:149} INFO - [2024-11-10T05:02:47.558+0000] {dagbag.py:541} INFO - Filling up the DagBag from /opt/airflow/dags/weather_etl_dag.py
[2024-11-10T05:02:48.010+0000] {processor.py:809} INFO - DAG(s) dict_keys(['weather_etl']) retrieved from /opt/airflow/dags/weather_etl_dag.py
[2024-11-10T05:02:48.060+0000] {logging_mixin.py:149} INFO - [2024-11-10T05:02:48.059+0000] {dag.py:2726} INFO - Sync 1 DAGs
[2024-11-10T05:02:48.092+0000] {logging_mixin.py:149} INFO - [2024-11-10T05:02:48.092+0000] {dag.py:3490} INFO - Setting next_dagrun for weather_etl to 2024-11-10T00:00:00+00:00, run_after=2024-11-11T00:00:00+00:00
[2024-11-10T05:02:48.107+0000] {processor.py:178} INFO - Processing /opt/airflow/dags/weather_etl_dag.py took 0.562 seconds
[2024-11-10T05:03:18.465+0000] {processor.py:156} INFO - Started process (PID=480) to work on /opt/airflow/dags/weather_etl_dag.py
[2024-11-10T05:03:18.472+0000] {processor.py:799} INFO - Processing file /opt/airflow/dags/weather_etl_dag.py for tasks to queue
[2024-11-10T05:03:18.475+0000] {logging_mixin.py:149} INFO - [2024-11-10T05:03:18.475+0000] {dagbag.py:541} INFO - Filling up the DagBag from /opt/airflow/dags/weather_etl_dag.py
[2024-11-10T05:03:18.867+0000] {processor.py:809} INFO - DAG(s) dict_keys(['weather_etl']) retrieved from /opt/airflow/dags/weather_etl_dag.py
[2024-11-10T05:03:18.921+0000] {logging_mixin.py:149} INFO - [2024-11-10T05:03:18.920+0000] {dag.py:2726} INFO - Sync 1 DAGs
[2024-11-10T05:03:18.950+0000] {logging_mixin.py:149} INFO - [2024-11-10T05:03:18.950+0000] {dag.py:3490} INFO - Setting next_dagrun for weather_etl to 2024-11-10T00:00:00+00:00, run_after=2024-11-11T00:00:00+00:00
[2024-11-10T05:03:18.969+0000] {processor.py:178} INFO - Processing /opt/airflow/dags/weather_etl_dag.py took 0.514 seconds
[2024-11-10T05:03:49.232+0000] {processor.py:156} INFO - Started process (PID=489) to work on /opt/airflow/dags/weather_etl_dag.py
[2024-11-10T05:03:49.234+0000] {processor.py:799} INFO - Processing file /opt/airflow/dags/weather_etl_dag.py for tasks to queue
[2024-11-10T05:03:49.235+0000] {logging_mixin.py:149} INFO - [2024-11-10T05:03:49.235+0000] {dagbag.py:541} INFO - Filling up the DagBag from /opt/airflow/dags/weather_etl_dag.py
[2024-11-10T05:03:49.595+0000] {processor.py:809} INFO - DAG(s) dict_keys(['weather_etl']) retrieved from /opt/airflow/dags/weather_etl_dag.py
[2024-11-10T05:03:49.625+0000] {logging_mixin.py:149} INFO - [2024-11-10T05:03:49.624+0000] {dag.py:2726} INFO - Sync 1 DAGs
[2024-11-10T05:03:49.652+0000] {logging_mixin.py:149} INFO - [2024-11-10T05:03:49.652+0000] {dag.py:3490} INFO - Setting next_dagrun for weather_etl to 2024-11-10T00:00:00+00:00, run_after=2024-11-11T00:00:00+00:00
[2024-11-10T05:03:49.667+0000] {processor.py:178} INFO - Processing /opt/airflow/dags/weather_etl_dag.py took 0.443 seconds
[2024-11-10T05:04:10.463+0000] {processor.py:156} INFO - Started process (PID=498) to work on /opt/airflow/dags/weather_etl_dag.py
[2024-11-10T05:04:10.465+0000] {processor.py:799} INFO - Processing file /opt/airflow/dags/weather_etl_dag.py for tasks to queue
[2024-11-10T05:04:10.465+0000] {logging_mixin.py:149} INFO - [2024-11-10T05:04:10.465+0000] {dagbag.py:541} INFO - Filling up the DagBag from /opt/airflow/dags/weather_etl_dag.py
[2024-11-10T05:04:10.755+0000] {processor.py:809} INFO - DAG(s) dict_keys(['weather_etl']) retrieved from /opt/airflow/dags/weather_etl_dag.py
[2024-11-10T05:04:10.781+0000] {logging_mixin.py:149} INFO - [2024-11-10T05:04:10.780+0000] {dag.py:2726} INFO - Sync 1 DAGs
[2024-11-10T05:04:10.809+0000] {logging_mixin.py:149} INFO - [2024-11-10T05:04:10.808+0000] {dag.py:3490} INFO - Setting next_dagrun for weather_etl to 2024-11-10T00:00:00+00:00, run_after=2024-11-11T00:00:00+00:00
[2024-11-10T05:04:10.830+0000] {processor.py:178} INFO - Processing /opt/airflow/dags/weather_etl_dag.py took 0.372 seconds
[2024-11-10T05:04:34.703+0000] {processor.py:156} INFO - Started process (PID=507) to work on /opt/airflow/dags/weather_etl_dag.py
[2024-11-10T05:04:34.705+0000] {processor.py:799} INFO - Processing file /opt/airflow/dags/weather_etl_dag.py for tasks to queue
[2024-11-10T05:04:34.706+0000] {logging_mixin.py:149} INFO - [2024-11-10T05:04:34.706+0000] {dagbag.py:541} INFO - Filling up the DagBag from /opt/airflow/dags/weather_etl_dag.py
[2024-11-10T05:04:35.121+0000] {processor.py:809} INFO - DAG(s) dict_keys(['weather_etl']) retrieved from /opt/airflow/dags/weather_etl_dag.py
[2024-11-10T05:04:35.157+0000] {logging_mixin.py:149} INFO - [2024-11-10T05:04:35.155+0000] {dag.py:2726} INFO - Sync 1 DAGs
[2024-11-10T05:04:35.184+0000] {logging_mixin.py:149} INFO - [2024-11-10T05:04:35.183+0000] {dag.py:3490} INFO - Setting next_dagrun for weather_etl to 2024-11-10T00:00:00+00:00, run_after=2024-11-11T00:00:00+00:00
[2024-11-10T05:04:35.201+0000] {processor.py:178} INFO - Processing /opt/airflow/dags/weather_etl_dag.py took 0.505 seconds
[2024-11-10T05:05:05.474+0000] {processor.py:156} INFO - Started process (PID=516) to work on /opt/airflow/dags/weather_etl_dag.py
[2024-11-10T05:05:05.476+0000] {processor.py:799} INFO - Processing file /opt/airflow/dags/weather_etl_dag.py for tasks to queue
[2024-11-10T05:05:05.477+0000] {logging_mixin.py:149} INFO - [2024-11-10T05:05:05.477+0000] {dagbag.py:541} INFO - Filling up the DagBag from /opt/airflow/dags/weather_etl_dag.py
[2024-11-10T05:05:05.745+0000] {processor.py:809} INFO - DAG(s) dict_keys(['weather_etl']) retrieved from /opt/airflow/dags/weather_etl_dag.py
[2024-11-10T05:05:05.766+0000] {logging_mixin.py:149} INFO - [2024-11-10T05:05:05.766+0000] {dag.py:2726} INFO - Sync 1 DAGs
[2024-11-10T05:05:05.787+0000] {logging_mixin.py:149} INFO - [2024-11-10T05:05:05.787+0000] {dag.py:3490} INFO - Setting next_dagrun for weather_etl to 2024-11-10T00:00:00+00:00, run_after=2024-11-11T00:00:00+00:00
[2024-11-10T05:05:05.801+0000] {processor.py:178} INFO - Processing /opt/airflow/dags/weather_etl_dag.py took 0.334 seconds
[2024-11-10T05:05:36.073+0000] {processor.py:156} INFO - Started process (PID=525) to work on /opt/airflow/dags/weather_etl_dag.py
[2024-11-10T05:05:36.074+0000] {processor.py:799} INFO - Processing file /opt/airflow/dags/weather_etl_dag.py for tasks to queue
[2024-11-10T05:05:36.075+0000] {logging_mixin.py:149} INFO - [2024-11-10T05:05:36.075+0000] {dagbag.py:541} INFO - Filling up the DagBag from /opt/airflow/dags/weather_etl_dag.py
[2024-11-10T05:05:36.350+0000] {processor.py:809} INFO - DAG(s) dict_keys(['weather_etl']) retrieved from /opt/airflow/dags/weather_etl_dag.py
[2024-11-10T05:05:36.372+0000] {logging_mixin.py:149} INFO - [2024-11-10T05:05:36.372+0000] {dag.py:2726} INFO - Sync 1 DAGs
[2024-11-10T05:05:36.393+0000] {logging_mixin.py:149} INFO - [2024-11-10T05:05:36.393+0000] {dag.py:3490} INFO - Setting next_dagrun for weather_etl to 2024-11-10T00:00:00+00:00, run_after=2024-11-11T00:00:00+00:00
[2024-11-10T05:05:36.406+0000] {processor.py:178} INFO - Processing /opt/airflow/dags/weather_etl_dag.py took 0.338 seconds
[2024-11-10T05:06:06.676+0000] {processor.py:156} INFO - Started process (PID=534) to work on /opt/airflow/dags/weather_etl_dag.py
[2024-11-10T05:06:06.677+0000] {processor.py:799} INFO - Processing file /opt/airflow/dags/weather_etl_dag.py for tasks to queue
[2024-11-10T05:06:06.678+0000] {logging_mixin.py:149} INFO - [2024-11-10T05:06:06.678+0000] {dagbag.py:541} INFO - Filling up the DagBag from /opt/airflow/dags/weather_etl_dag.py
[2024-11-10T05:06:06.959+0000] {processor.py:809} INFO - DAG(s) dict_keys(['weather_etl']) retrieved from /opt/airflow/dags/weather_etl_dag.py
[2024-11-10T05:06:06.981+0000] {logging_mixin.py:149} INFO - [2024-11-10T05:06:06.981+0000] {dag.py:2726} INFO - Sync 1 DAGs
[2024-11-10T05:06:07.001+0000] {logging_mixin.py:149} INFO - [2024-11-10T05:06:07.001+0000] {dag.py:3490} INFO - Setting next_dagrun for weather_etl to 2024-11-10T00:00:00+00:00, run_after=2024-11-11T00:00:00+00:00
[2024-11-10T05:06:07.016+0000] {processor.py:178} INFO - Processing /opt/airflow/dags/weather_etl_dag.py took 0.346 seconds
[2024-11-10T05:06:33.094+0000] {processor.py:156} INFO - Started process (PID=30) to work on /opt/airflow/dags/weather_etl_dag.py
[2024-11-10T05:06:33.096+0000] {processor.py:799} INFO - Processing file /opt/airflow/dags/weather_etl_dag.py for tasks to queue
[2024-11-10T05:06:33.098+0000] {logging_mixin.py:149} INFO - [2024-11-10T05:06:33.098+0000] {dagbag.py:541} INFO - Filling up the DagBag from /opt/airflow/dags/weather_etl_dag.py
[2024-11-10T05:06:33.603+0000] {processor.py:809} INFO - DAG(s) dict_keys(['weather_etl']) retrieved from /opt/airflow/dags/weather_etl_dag.py
[2024-11-10T05:06:33.640+0000] {logging_mixin.py:149} INFO - [2024-11-10T05:06:33.639+0000] {dag.py:2726} INFO - Sync 1 DAGs
[2024-11-10T05:06:33.666+0000] {logging_mixin.py:149} INFO - [2024-11-10T05:06:33.666+0000] {dag.py:3490} INFO - Setting next_dagrun for weather_etl to 2024-11-10T00:00:00+00:00, run_after=2024-11-11T00:00:00+00:00
[2024-11-10T05:06:33.690+0000] {processor.py:178} INFO - Processing /opt/airflow/dags/weather_etl_dag.py took 0.601 seconds
[2024-11-10T05:07:04.026+0000] {processor.py:156} INFO - Started process (PID=39) to work on /opt/airflow/dags/weather_etl_dag.py
[2024-11-10T05:07:04.029+0000] {processor.py:799} INFO - Processing file /opt/airflow/dags/weather_etl_dag.py for tasks to queue
[2024-11-10T05:07:04.030+0000] {logging_mixin.py:149} INFO - [2024-11-10T05:07:04.030+0000] {dagbag.py:541} INFO - Filling up the DagBag from /opt/airflow/dags/weather_etl_dag.py
[2024-11-10T05:07:04.605+0000] {processor.py:809} INFO - DAG(s) dict_keys(['weather_etl']) retrieved from /opt/airflow/dags/weather_etl_dag.py
[2024-11-10T05:07:04.628+0000] {logging_mixin.py:149} INFO - [2024-11-10T05:07:04.628+0000] {dag.py:2726} INFO - Sync 1 DAGs
[2024-11-10T05:07:04.652+0000] {logging_mixin.py:149} INFO - [2024-11-10T05:07:04.652+0000] {dag.py:3490} INFO - Setting next_dagrun for weather_etl to 2024-11-10T00:00:00+00:00, run_after=2024-11-11T00:00:00+00:00
[2024-11-10T05:07:04.666+0000] {processor.py:178} INFO - Processing /opt/airflow/dags/weather_etl_dag.py took 0.647 seconds
[2024-11-10T05:07:34.966+0000] {processor.py:156} INFO - Started process (PID=48) to work on /opt/airflow/dags/weather_etl_dag.py
[2024-11-10T05:07:34.967+0000] {processor.py:799} INFO - Processing file /opt/airflow/dags/weather_etl_dag.py for tasks to queue
[2024-11-10T05:07:34.968+0000] {logging_mixin.py:149} INFO - [2024-11-10T05:07:34.968+0000] {dagbag.py:541} INFO - Filling up the DagBag from /opt/airflow/dags/weather_etl_dag.py
[2024-11-10T05:07:35.353+0000] {processor.py:809} INFO - DAG(s) dict_keys(['weather_etl']) retrieved from /opt/airflow/dags/weather_etl_dag.py
[2024-11-10T05:07:35.376+0000] {logging_mixin.py:149} INFO - [2024-11-10T05:07:35.376+0000] {dag.py:2726} INFO - Sync 1 DAGs
[2024-11-10T05:07:35.396+0000] {logging_mixin.py:149} INFO - [2024-11-10T05:07:35.396+0000] {dag.py:3490} INFO - Setting next_dagrun for weather_etl to 2024-11-10T00:00:00+00:00, run_after=2024-11-11T00:00:00+00:00
[2024-11-10T05:07:35.410+0000] {processor.py:178} INFO - Processing /opt/airflow/dags/weather_etl_dag.py took 0.450 seconds
[2024-11-10T05:08:05.793+0000] {processor.py:156} INFO - Started process (PID=57) to work on /opt/airflow/dags/weather_etl_dag.py
[2024-11-10T05:08:05.796+0000] {processor.py:799} INFO - Processing file /opt/airflow/dags/weather_etl_dag.py for tasks to queue
[2024-11-10T05:08:05.797+0000] {logging_mixin.py:149} INFO - [2024-11-10T05:08:05.797+0000] {dagbag.py:541} INFO - Filling up the DagBag from /opt/airflow/dags/weather_etl_dag.py
[2024-11-10T05:08:06.301+0000] {processor.py:809} INFO - DAG(s) dict_keys(['weather_etl']) retrieved from /opt/airflow/dags/weather_etl_dag.py
[2024-11-10T05:08:06.324+0000] {logging_mixin.py:149} INFO - [2024-11-10T05:08:06.324+0000] {dag.py:2726} INFO - Sync 1 DAGs
[2024-11-10T05:08:06.344+0000] {logging_mixin.py:149} INFO - [2024-11-10T05:08:06.344+0000] {dag.py:3490} INFO - Setting next_dagrun for weather_etl to 2024-11-10T00:00:00+00:00, run_after=2024-11-11T00:00:00+00:00
[2024-11-10T05:08:06.358+0000] {processor.py:178} INFO - Processing /opt/airflow/dags/weather_etl_dag.py took 0.572 seconds
[2024-11-10T05:08:36.462+0000] {processor.py:156} INFO - Started process (PID=66) to work on /opt/airflow/dags/weather_etl_dag.py
[2024-11-10T05:08:36.464+0000] {processor.py:799} INFO - Processing file /opt/airflow/dags/weather_etl_dag.py for tasks to queue
[2024-11-10T05:08:36.465+0000] {logging_mixin.py:149} INFO - [2024-11-10T05:08:36.465+0000] {dagbag.py:541} INFO - Filling up the DagBag from /opt/airflow/dags/weather_etl_dag.py
[2024-11-10T05:08:36.861+0000] {processor.py:809} INFO - DAG(s) dict_keys(['weather_etl']) retrieved from /opt/airflow/dags/weather_etl_dag.py
[2024-11-10T05:08:36.880+0000] {logging_mixin.py:149} INFO - [2024-11-10T05:08:36.880+0000] {dag.py:2726} INFO - Sync 1 DAGs
[2024-11-10T05:08:36.900+0000] {logging_mixin.py:149} INFO - [2024-11-10T05:08:36.900+0000] {dag.py:3490} INFO - Setting next_dagrun for weather_etl to 2024-11-10T00:00:00+00:00, run_after=2024-11-11T00:00:00+00:00
[2024-11-10T05:08:36.913+0000] {processor.py:178} INFO - Processing /opt/airflow/dags/weather_etl_dag.py took 0.456 seconds
[2024-11-10T05:09:06.972+0000] {processor.py:156} INFO - Started process (PID=75) to work on /opt/airflow/dags/weather_etl_dag.py
[2024-11-10T05:09:06.974+0000] {processor.py:799} INFO - Processing file /opt/airflow/dags/weather_etl_dag.py for tasks to queue
[2024-11-10T05:09:06.975+0000] {logging_mixin.py:149} INFO - [2024-11-10T05:09:06.975+0000] {dagbag.py:541} INFO - Filling up the DagBag from /opt/airflow/dags/weather_etl_dag.py
[2024-11-10T05:09:07.355+0000] {processor.py:809} INFO - DAG(s) dict_keys(['weather_etl']) retrieved from /opt/airflow/dags/weather_etl_dag.py
[2024-11-10T05:09:07.377+0000] {logging_mixin.py:149} INFO - [2024-11-10T05:09:07.377+0000] {dag.py:2726} INFO - Sync 1 DAGs
[2024-11-10T05:09:07.398+0000] {logging_mixin.py:149} INFO - [2024-11-10T05:09:07.397+0000] {dag.py:3490} INFO - Setting next_dagrun for weather_etl to 2024-11-10T00:00:00+00:00, run_after=2024-11-11T00:00:00+00:00
[2024-11-10T05:09:07.410+0000] {processor.py:178} INFO - Processing /opt/airflow/dags/weather_etl_dag.py took 0.443 seconds
[2024-11-10T05:09:37.569+0000] {processor.py:156} INFO - Started process (PID=84) to work on /opt/airflow/dags/weather_etl_dag.py
[2024-11-10T05:09:37.571+0000] {processor.py:799} INFO - Processing file /opt/airflow/dags/weather_etl_dag.py for tasks to queue
[2024-11-10T05:09:37.572+0000] {logging_mixin.py:149} INFO - [2024-11-10T05:09:37.571+0000] {dagbag.py:541} INFO - Filling up the DagBag from /opt/airflow/dags/weather_etl_dag.py
[2024-11-10T05:09:38.061+0000] {processor.py:809} INFO - DAG(s) dict_keys(['weather_etl']) retrieved from /opt/airflow/dags/weather_etl_dag.py
[2024-11-10T05:09:38.085+0000] {logging_mixin.py:149} INFO - [2024-11-10T05:09:38.085+0000] {dag.py:2726} INFO - Sync 1 DAGs
[2024-11-10T05:09:38.105+0000] {logging_mixin.py:149} INFO - [2024-11-10T05:09:38.105+0000] {dag.py:3490} INFO - Setting next_dagrun for weather_etl to 2024-11-10T00:00:00+00:00, run_after=2024-11-11T00:00:00+00:00
[2024-11-10T05:09:38.120+0000] {processor.py:178} INFO - Processing /opt/airflow/dags/weather_etl_dag.py took 0.559 seconds
[2024-11-10T05:10:08.474+0000] {processor.py:156} INFO - Started process (PID=93) to work on /opt/airflow/dags/weather_etl_dag.py
[2024-11-10T05:10:08.476+0000] {processor.py:799} INFO - Processing file /opt/airflow/dags/weather_etl_dag.py for tasks to queue
[2024-11-10T05:10:08.477+0000] {logging_mixin.py:149} INFO - [2024-11-10T05:10:08.477+0000] {dagbag.py:541} INFO - Filling up the DagBag from /opt/airflow/dags/weather_etl_dag.py
[2024-11-10T05:10:09.025+0000] {processor.py:809} INFO - DAG(s) dict_keys(['weather_etl']) retrieved from /opt/airflow/dags/weather_etl_dag.py
[2024-11-10T05:10:09.055+0000] {logging_mixin.py:149} INFO - [2024-11-10T05:10:09.055+0000] {dag.py:2726} INFO - Sync 1 DAGs
[2024-11-10T05:10:09.076+0000] {logging_mixin.py:149} INFO - [2024-11-10T05:10:09.076+0000] {dag.py:3490} INFO - Setting next_dagrun for weather_etl to 2024-11-10T00:00:00+00:00, run_after=2024-11-11T00:00:00+00:00
[2024-11-10T05:10:09.090+0000] {processor.py:178} INFO - Processing /opt/airflow/dags/weather_etl_dag.py took 0.623 seconds
[2024-11-10T05:10:39.329+0000] {processor.py:156} INFO - Started process (PID=102) to work on /opt/airflow/dags/weather_etl_dag.py
[2024-11-10T05:10:39.331+0000] {processor.py:799} INFO - Processing file /opt/airflow/dags/weather_etl_dag.py for tasks to queue
[2024-11-10T05:10:39.332+0000] {logging_mixin.py:149} INFO - [2024-11-10T05:10:39.331+0000] {dagbag.py:541} INFO - Filling up the DagBag from /opt/airflow/dags/weather_etl_dag.py
[2024-11-10T05:10:39.858+0000] {processor.py:809} INFO - DAG(s) dict_keys(['weather_etl']) retrieved from /opt/airflow/dags/weather_etl_dag.py
[2024-11-10T05:10:39.882+0000] {logging_mixin.py:149} INFO - [2024-11-10T05:10:39.881+0000] {dag.py:2726} INFO - Sync 1 DAGs
[2024-11-10T05:10:39.902+0000] {logging_mixin.py:149} INFO - [2024-11-10T05:10:39.902+0000] {dag.py:3490} INFO - Setting next_dagrun for weather_etl to 2024-11-10T00:00:00+00:00, run_after=2024-11-11T00:00:00+00:00
[2024-11-10T05:10:39.916+0000] {processor.py:178} INFO - Processing /opt/airflow/dags/weather_etl_dag.py took 0.598 seconds
[2024-11-10T05:11:10.223+0000] {processor.py:156} INFO - Started process (PID=111) to work on /opt/airflow/dags/weather_etl_dag.py
[2024-11-10T05:11:10.225+0000] {processor.py:799} INFO - Processing file /opt/airflow/dags/weather_etl_dag.py for tasks to queue
[2024-11-10T05:11:10.226+0000] {logging_mixin.py:149} INFO - [2024-11-10T05:11:10.226+0000] {dagbag.py:541} INFO - Filling up the DagBag from /opt/airflow/dags/weather_etl_dag.py
[2024-11-10T05:11:10.565+0000] {processor.py:809} INFO - DAG(s) dict_keys(['weather_etl']) retrieved from /opt/airflow/dags/weather_etl_dag.py
[2024-11-10T05:11:10.585+0000] {logging_mixin.py:149} INFO - [2024-11-10T05:11:10.585+0000] {dag.py:2726} INFO - Sync 1 DAGs
[2024-11-10T05:11:10.604+0000] {logging_mixin.py:149} INFO - [2024-11-10T05:11:10.604+0000] {dag.py:3490} INFO - Setting next_dagrun for weather_etl to 2024-11-10T00:00:00+00:00, run_after=2024-11-11T00:00:00+00:00
[2024-11-10T05:11:10.617+0000] {processor.py:178} INFO - Processing /opt/airflow/dags/weather_etl_dag.py took 0.398 seconds
[2024-11-10T05:11:40.911+0000] {processor.py:156} INFO - Started process (PID=120) to work on /opt/airflow/dags/weather_etl_dag.py
[2024-11-10T05:11:40.912+0000] {processor.py:799} INFO - Processing file /opt/airflow/dags/weather_etl_dag.py for tasks to queue
[2024-11-10T05:11:40.913+0000] {logging_mixin.py:149} INFO - [2024-11-10T05:11:40.913+0000] {dagbag.py:541} INFO - Filling up the DagBag from /opt/airflow/dags/weather_etl_dag.py
[2024-11-10T05:11:41.251+0000] {processor.py:809} INFO - DAG(s) dict_keys(['weather_etl']) retrieved from /opt/airflow/dags/weather_etl_dag.py
[2024-11-10T05:11:41.269+0000] {logging_mixin.py:149} INFO - [2024-11-10T05:11:41.269+0000] {dag.py:2726} INFO - Sync 1 DAGs
[2024-11-10T05:11:41.300+0000] {logging_mixin.py:149} INFO - [2024-11-10T05:11:41.299+0000] {dag.py:3490} INFO - Setting next_dagrun for weather_etl to 2024-11-10T00:00:00+00:00, run_after=2024-11-11T00:00:00+00:00
[2024-11-10T05:11:41.314+0000] {processor.py:178} INFO - Processing /opt/airflow/dags/weather_etl_dag.py took 0.407 seconds
[2024-11-10T05:12:11.668+0000] {processor.py:156} INFO - Started process (PID=129) to work on /opt/airflow/dags/weather_etl_dag.py
[2024-11-10T05:12:11.670+0000] {processor.py:799} INFO - Processing file /opt/airflow/dags/weather_etl_dag.py for tasks to queue
[2024-11-10T05:12:11.671+0000] {logging_mixin.py:149} INFO - [2024-11-10T05:12:11.671+0000] {dagbag.py:541} INFO - Filling up the DagBag from /opt/airflow/dags/weather_etl_dag.py
[2024-11-10T05:12:12.381+0000] {processor.py:809} INFO - DAG(s) dict_keys(['weather_etl']) retrieved from /opt/airflow/dags/weather_etl_dag.py
[2024-11-10T05:12:12.419+0000] {logging_mixin.py:149} INFO - [2024-11-10T05:12:12.419+0000] {dag.py:2726} INFO - Sync 1 DAGs
[2024-11-10T05:12:12.441+0000] {logging_mixin.py:149} INFO - [2024-11-10T05:12:12.441+0000] {dag.py:3490} INFO - Setting next_dagrun for weather_etl to 2024-11-10T00:00:00+00:00, run_after=2024-11-11T00:00:00+00:00
[2024-11-10T05:12:12.456+0000] {processor.py:178} INFO - Processing /opt/airflow/dags/weather_etl_dag.py took 0.795 seconds
[2024-11-10T05:12:42.822+0000] {processor.py:156} INFO - Started process (PID=138) to work on /opt/airflow/dags/weather_etl_dag.py
[2024-11-10T05:12:42.823+0000] {processor.py:799} INFO - Processing file /opt/airflow/dags/weather_etl_dag.py for tasks to queue
[2024-11-10T05:12:42.824+0000] {logging_mixin.py:149} INFO - [2024-11-10T05:12:42.824+0000] {dagbag.py:541} INFO - Filling up the DagBag from /opt/airflow/dags/weather_etl_dag.py
[2024-11-10T05:12:43.256+0000] {processor.py:809} INFO - DAG(s) dict_keys(['weather_etl']) retrieved from /opt/airflow/dags/weather_etl_dag.py
[2024-11-10T05:12:43.278+0000] {logging_mixin.py:149} INFO - [2024-11-10T05:12:43.277+0000] {dag.py:2726} INFO - Sync 1 DAGs
[2024-11-10T05:12:43.300+0000] {logging_mixin.py:149} INFO - [2024-11-10T05:12:43.300+0000] {dag.py:3490} INFO - Setting next_dagrun for weather_etl to 2024-11-10T00:00:00+00:00, run_after=2024-11-11T00:00:00+00:00
[2024-11-10T05:12:43.313+0000] {processor.py:178} INFO - Processing /opt/airflow/dags/weather_etl_dag.py took 0.497 seconds
[2024-11-10T05:13:13.662+0000] {processor.py:156} INFO - Started process (PID=147) to work on /opt/airflow/dags/weather_etl_dag.py
[2024-11-10T05:13:13.664+0000] {processor.py:799} INFO - Processing file /opt/airflow/dags/weather_etl_dag.py for tasks to queue
[2024-11-10T05:13:13.665+0000] {logging_mixin.py:149} INFO - [2024-11-10T05:13:13.665+0000] {dagbag.py:541} INFO - Filling up the DagBag from /opt/airflow/dags/weather_etl_dag.py
[2024-11-10T05:13:14.126+0000] {processor.py:809} INFO - DAG(s) dict_keys(['weather_etl']) retrieved from /opt/airflow/dags/weather_etl_dag.py
[2024-11-10T05:13:14.152+0000] {logging_mixin.py:149} INFO - [2024-11-10T05:13:14.152+0000] {dag.py:2726} INFO - Sync 1 DAGs
[2024-11-10T05:13:14.173+0000] {logging_mixin.py:149} INFO - [2024-11-10T05:13:14.173+0000] {dag.py:3490} INFO - Setting next_dagrun for weather_etl to 2024-11-10T00:00:00+00:00, run_after=2024-11-11T00:00:00+00:00
[2024-11-10T05:13:14.187+0000] {processor.py:178} INFO - Processing /opt/airflow/dags/weather_etl_dag.py took 0.532 seconds
[2024-11-10T05:13:44.523+0000] {processor.py:156} INFO - Started process (PID=156) to work on /opt/airflow/dags/weather_etl_dag.py
[2024-11-10T05:13:44.525+0000] {processor.py:799} INFO - Processing file /opt/airflow/dags/weather_etl_dag.py for tasks to queue
[2024-11-10T05:13:44.526+0000] {logging_mixin.py:149} INFO - [2024-11-10T05:13:44.526+0000] {dagbag.py:541} INFO - Filling up the DagBag from /opt/airflow/dags/weather_etl_dag.py
[2024-11-10T05:13:44.925+0000] {processor.py:809} INFO - DAG(s) dict_keys(['weather_etl']) retrieved from /opt/airflow/dags/weather_etl_dag.py
[2024-11-10T05:13:44.946+0000] {logging_mixin.py:149} INFO - [2024-11-10T05:13:44.946+0000] {dag.py:2726} INFO - Sync 1 DAGs
[2024-11-10T05:13:44.966+0000] {logging_mixin.py:149} INFO - [2024-11-10T05:13:44.966+0000] {dag.py:3490} INFO - Setting next_dagrun for weather_etl to 2024-11-10T00:00:00+00:00, run_after=2024-11-11T00:00:00+00:00
[2024-11-10T05:13:44.979+0000] {processor.py:178} INFO - Processing /opt/airflow/dags/weather_etl_dag.py took 0.462 seconds
[2024-11-10T05:14:15.460+0000] {processor.py:156} INFO - Started process (PID=165) to work on /opt/airflow/dags/weather_etl_dag.py
[2024-11-10T05:14:15.462+0000] {processor.py:799} INFO - Processing file /opt/airflow/dags/weather_etl_dag.py for tasks to queue
[2024-11-10T05:14:15.463+0000] {logging_mixin.py:149} INFO - [2024-11-10T05:14:15.463+0000] {dagbag.py:541} INFO - Filling up the DagBag from /opt/airflow/dags/weather_etl_dag.py
[2024-11-10T05:14:15.839+0000] {processor.py:809} INFO - DAG(s) dict_keys(['weather_etl']) retrieved from /opt/airflow/dags/weather_etl_dag.py
[2024-11-10T05:14:15.876+0000] {logging_mixin.py:149} INFO - [2024-11-10T05:14:15.876+0000] {dag.py:2726} INFO - Sync 1 DAGs
[2024-11-10T05:14:15.900+0000] {logging_mixin.py:149} INFO - [2024-11-10T05:14:15.900+0000] {dag.py:3490} INFO - Setting next_dagrun for weather_etl to 2024-11-10T00:00:00+00:00, run_after=2024-11-11T00:00:00+00:00
[2024-11-10T05:14:15.915+0000] {processor.py:178} INFO - Processing /opt/airflow/dags/weather_etl_dag.py took 0.462 seconds
[2024-11-10T05:14:46.179+0000] {processor.py:156} INFO - Started process (PID=174) to work on /opt/airflow/dags/weather_etl_dag.py
[2024-11-10T05:14:46.181+0000] {processor.py:799} INFO - Processing file /opt/airflow/dags/weather_etl_dag.py for tasks to queue
[2024-11-10T05:14:46.182+0000] {logging_mixin.py:149} INFO - [2024-11-10T05:14:46.182+0000] {dagbag.py:541} INFO - Filling up the DagBag from /opt/airflow/dags/weather_etl_dag.py
[2024-11-10T05:14:46.550+0000] {processor.py:809} INFO - DAG(s) dict_keys(['weather_etl']) retrieved from /opt/airflow/dags/weather_etl_dag.py
[2024-11-10T05:14:46.588+0000] {logging_mixin.py:149} INFO - [2024-11-10T05:14:46.587+0000] {dag.py:2726} INFO - Sync 1 DAGs
[2024-11-10T05:14:46.631+0000] {logging_mixin.py:149} INFO - [2024-11-10T05:14:46.631+0000] {dag.py:3490} INFO - Setting next_dagrun for weather_etl to 2024-11-10T00:00:00+00:00, run_after=2024-11-11T00:00:00+00:00
[2024-11-10T05:14:46.649+0000] {processor.py:178} INFO - Processing /opt/airflow/dags/weather_etl_dag.py took 0.477 seconds
[2024-11-10T05:15:16.985+0000] {processor.py:156} INFO - Started process (PID=183) to work on /opt/airflow/dags/weather_etl_dag.py
[2024-11-10T05:15:16.986+0000] {processor.py:799} INFO - Processing file /opt/airflow/dags/weather_etl_dag.py for tasks to queue
[2024-11-10T05:15:16.987+0000] {logging_mixin.py:149} INFO - [2024-11-10T05:15:16.987+0000] {dagbag.py:541} INFO - Filling up the DagBag from /opt/airflow/dags/weather_etl_dag.py
[2024-11-10T05:15:17.345+0000] {processor.py:809} INFO - DAG(s) dict_keys(['weather_etl']) retrieved from /opt/airflow/dags/weather_etl_dag.py
[2024-11-10T05:15:17.374+0000] {logging_mixin.py:149} INFO - [2024-11-10T05:15:17.374+0000] {dag.py:2726} INFO - Sync 1 DAGs
[2024-11-10T05:15:17.400+0000] {logging_mixin.py:149} INFO - [2024-11-10T05:15:17.400+0000] {dag.py:3490} INFO - Setting next_dagrun for weather_etl to 2024-11-10T00:00:00+00:00, run_after=2024-11-11T00:00:00+00:00
[2024-11-10T05:15:17.414+0000] {processor.py:178} INFO - Processing /opt/airflow/dags/weather_etl_dag.py took 0.433 seconds
[2024-11-10T05:15:47.797+0000] {processor.py:156} INFO - Started process (PID=192) to work on /opt/airflow/dags/weather_etl_dag.py
[2024-11-10T05:15:47.798+0000] {processor.py:799} INFO - Processing file /opt/airflow/dags/weather_etl_dag.py for tasks to queue
[2024-11-10T05:15:47.800+0000] {logging_mixin.py:149} INFO - [2024-11-10T05:15:47.800+0000] {dagbag.py:541} INFO - Filling up the DagBag from /opt/airflow/dags/weather_etl_dag.py
[2024-11-10T05:15:48.164+0000] {processor.py:809} INFO - DAG(s) dict_keys(['weather_etl']) retrieved from /opt/airflow/dags/weather_etl_dag.py
[2024-11-10T05:15:48.197+0000] {logging_mixin.py:149} INFO - [2024-11-10T05:15:48.197+0000] {dag.py:2726} INFO - Sync 1 DAGs
[2024-11-10T05:15:48.224+0000] {logging_mixin.py:149} INFO - [2024-11-10T05:15:48.224+0000] {dag.py:3490} INFO - Setting next_dagrun for weather_etl to 2024-11-10T00:00:00+00:00, run_after=2024-11-11T00:00:00+00:00
[2024-11-10T05:15:48.239+0000] {processor.py:178} INFO - Processing /opt/airflow/dags/weather_etl_dag.py took 0.449 seconds
[2024-11-10T05:16:18.536+0000] {processor.py:156} INFO - Started process (PID=201) to work on /opt/airflow/dags/weather_etl_dag.py
[2024-11-10T05:16:18.538+0000] {processor.py:799} INFO - Processing file /opt/airflow/dags/weather_etl_dag.py for tasks to queue
[2024-11-10T05:16:18.538+0000] {logging_mixin.py:149} INFO - [2024-11-10T05:16:18.538+0000] {dagbag.py:541} INFO - Filling up the DagBag from /opt/airflow/dags/weather_etl_dag.py
[2024-11-10T05:16:18.833+0000] {processor.py:809} INFO - DAG(s) dict_keys(['weather_etl']) retrieved from /opt/airflow/dags/weather_etl_dag.py
[2024-11-10T05:16:18.854+0000] {logging_mixin.py:149} INFO - [2024-11-10T05:16:18.853+0000] {dag.py:2726} INFO - Sync 1 DAGs
[2024-11-10T05:16:18.875+0000] {logging_mixin.py:149} INFO - [2024-11-10T05:16:18.875+0000] {dag.py:3490} INFO - Setting next_dagrun for weather_etl to 2024-11-10T00:00:00+00:00, run_after=2024-11-11T00:00:00+00:00
[2024-11-10T05:16:18.889+0000] {processor.py:178} INFO - Processing /opt/airflow/dags/weather_etl_dag.py took 0.360 seconds
[2024-11-10T05:16:49.211+0000] {processor.py:156} INFO - Started process (PID=210) to work on /opt/airflow/dags/weather_etl_dag.py
[2024-11-10T05:16:49.213+0000] {processor.py:799} INFO - Processing file /opt/airflow/dags/weather_etl_dag.py for tasks to queue
[2024-11-10T05:16:49.214+0000] {logging_mixin.py:149} INFO - [2024-11-10T05:16:49.214+0000] {dagbag.py:541} INFO - Filling up the DagBag from /opt/airflow/dags/weather_etl_dag.py
[2024-11-10T05:16:49.490+0000] {processor.py:809} INFO - DAG(s) dict_keys(['weather_etl']) retrieved from /opt/airflow/dags/weather_etl_dag.py
[2024-11-10T05:16:49.517+0000] {logging_mixin.py:149} INFO - [2024-11-10T05:16:49.517+0000] {dag.py:2726} INFO - Sync 1 DAGs
[2024-11-10T05:16:49.541+0000] {logging_mixin.py:149} INFO - [2024-11-10T05:16:49.541+0000] {dag.py:3490} INFO - Setting next_dagrun for weather_etl to 2024-11-10T00:00:00+00:00, run_after=2024-11-11T00:00:00+00:00
[2024-11-10T05:16:49.556+0000] {processor.py:178} INFO - Processing /opt/airflow/dags/weather_etl_dag.py took 0.351 seconds
[2024-11-10T05:17:19.890+0000] {processor.py:156} INFO - Started process (PID=219) to work on /opt/airflow/dags/weather_etl_dag.py
[2024-11-10T05:17:19.891+0000] {processor.py:799} INFO - Processing file /opt/airflow/dags/weather_etl_dag.py for tasks to queue
[2024-11-10T05:17:19.892+0000] {logging_mixin.py:149} INFO - [2024-11-10T05:17:19.892+0000] {dagbag.py:541} INFO - Filling up the DagBag from /opt/airflow/dags/weather_etl_dag.py
[2024-11-10T05:17:20.381+0000] {processor.py:809} INFO - DAG(s) dict_keys(['weather_etl']) retrieved from /opt/airflow/dags/weather_etl_dag.py
[2024-11-10T05:17:20.424+0000] {logging_mixin.py:149} INFO - [2024-11-10T05:17:20.423+0000] {dag.py:2726} INFO - Sync 1 DAGs
[2024-11-10T05:17:20.467+0000] {logging_mixin.py:149} INFO - [2024-11-10T05:17:20.467+0000] {dag.py:3490} INFO - Setting next_dagrun for weather_etl to 2024-11-10T00:00:00+00:00, run_after=2024-11-11T00:00:00+00:00
[2024-11-10T05:17:20.483+0000] {processor.py:178} INFO - Processing /opt/airflow/dags/weather_etl_dag.py took 0.602 seconds
