[2024-11-07T14:58:46.277+0000] {processor.py:156} INFO - Started process (PID=30) to work on /opt/airflow/dags/weather_etl_dag.py
[2024-11-07T14:58:46.280+0000] {processor.py:799} INFO - Processing file /opt/airflow/dags/weather_etl_dag.py for tasks to queue
[2024-11-07T14:58:46.282+0000] {logging_mixin.py:149} INFO - [2024-11-07T14:58:46.281+0000] {dagbag.py:541} INFO - Filling up the DagBag from /opt/airflow/dags/weather_etl_dag.py
[2024-11-07T14:58:47.575+0000] {processor.py:809} INFO - DAG(s) dict_keys(['weather_etl']) retrieved from /opt/airflow/dags/weather_etl_dag.py
[2024-11-07T14:58:47.784+0000] {logging_mixin.py:149} INFO - [2024-11-07T14:58:47.784+0000] {manager.py:504} INFO - Created Permission View: can edit on DAG:weather_etl
[2024-11-07T14:58:47.792+0000] {logging_mixin.py:149} INFO - [2024-11-07T14:58:47.791+0000] {manager.py:504} INFO - Created Permission View: can delete on DAG:weather_etl
[2024-11-07T14:58:47.797+0000] {logging_mixin.py:149} INFO - [2024-11-07T14:58:47.797+0000] {manager.py:504} INFO - Created Permission View: can read on DAG:weather_etl
[2024-11-07T14:58:47.798+0000] {logging_mixin.py:149} INFO - [2024-11-07T14:58:47.797+0000] {dag.py:2726} INFO - Sync 1 DAGs
[2024-11-07T14:58:47.811+0000] {logging_mixin.py:149} INFO - [2024-11-07T14:58:47.810+0000] {dag.py:2747} INFO - Creating ORM DAG for weather_etl
[2024-11-07T14:58:47.822+0000] {logging_mixin.py:149} INFO - [2024-11-07T14:58:47.822+0000] {dag.py:3490} INFO - Setting next_dagrun for weather_etl to 2024-11-06T00:00:00+00:00, run_after=2024-11-07T00:00:00+00:00
[2024-11-07T14:58:47.838+0000] {processor.py:178} INFO - Processing /opt/airflow/dags/weather_etl_dag.py took 1.579 seconds
[2024-11-07T14:59:18.179+0000] {processor.py:156} INFO - Started process (PID=39) to work on /opt/airflow/dags/weather_etl_dag.py
[2024-11-07T14:59:18.180+0000] {processor.py:799} INFO - Processing file /opt/airflow/dags/weather_etl_dag.py for tasks to queue
[2024-11-07T14:59:18.181+0000] {logging_mixin.py:149} INFO - [2024-11-07T14:59:18.181+0000] {dagbag.py:541} INFO - Filling up the DagBag from /opt/airflow/dags/weather_etl_dag.py
[2024-11-07T14:59:18.488+0000] {processor.py:809} INFO - DAG(s) dict_keys(['weather_etl']) retrieved from /opt/airflow/dags/weather_etl_dag.py
[2024-11-07T14:59:18.522+0000] {logging_mixin.py:149} INFO - [2024-11-07T14:59:18.521+0000] {dag.py:2726} INFO - Sync 1 DAGs
[2024-11-07T14:59:18.642+0000] {logging_mixin.py:149} INFO - [2024-11-07T14:59:18.642+0000] {dag.py:3490} INFO - Setting next_dagrun for weather_etl to 2024-11-06T00:00:00+00:00, run_after=2024-11-07T00:00:00+00:00
[2024-11-07T14:59:18.683+0000] {processor.py:178} INFO - Processing /opt/airflow/dags/weather_etl_dag.py took 0.508 seconds
[2024-11-07T14:59:48.907+0000] {processor.py:156} INFO - Started process (PID=48) to work on /opt/airflow/dags/weather_etl_dag.py
[2024-11-07T14:59:48.910+0000] {processor.py:799} INFO - Processing file /opt/airflow/dags/weather_etl_dag.py for tasks to queue
[2024-11-07T14:59:48.911+0000] {logging_mixin.py:149} INFO - [2024-11-07T14:59:48.911+0000] {dagbag.py:541} INFO - Filling up the DagBag from /opt/airflow/dags/weather_etl_dag.py
[2024-11-07T14:59:49.338+0000] {processor.py:809} INFO - DAG(s) dict_keys(['weather_etl']) retrieved from /opt/airflow/dags/weather_etl_dag.py
[2024-11-07T14:59:49.371+0000] {logging_mixin.py:149} INFO - [2024-11-07T14:59:49.370+0000] {dag.py:2726} INFO - Sync 1 DAGs
[2024-11-07T14:59:49.397+0000] {logging_mixin.py:149} INFO - [2024-11-07T14:59:49.397+0000] {dag.py:3490} INFO - Setting next_dagrun for weather_etl to 2024-11-06T00:00:00+00:00, run_after=2024-11-07T00:00:00+00:00
[2024-11-07T14:59:49.413+0000] {processor.py:178} INFO - Processing /opt/airflow/dags/weather_etl_dag.py took 0.511 seconds
[2024-11-07T15:00:19.760+0000] {processor.py:156} INFO - Started process (PID=57) to work on /opt/airflow/dags/weather_etl_dag.py
[2024-11-07T15:00:19.762+0000] {processor.py:799} INFO - Processing file /opt/airflow/dags/weather_etl_dag.py for tasks to queue
[2024-11-07T15:00:19.763+0000] {logging_mixin.py:149} INFO - [2024-11-07T15:00:19.762+0000] {dagbag.py:541} INFO - Filling up the DagBag from /opt/airflow/dags/weather_etl_dag.py
[2024-11-07T15:00:20.479+0000] {processor.py:809} INFO - DAG(s) dict_keys(['weather_etl']) retrieved from /opt/airflow/dags/weather_etl_dag.py
[2024-11-07T15:00:20.558+0000] {logging_mixin.py:149} INFO - [2024-11-07T15:00:20.557+0000] {dag.py:2726} INFO - Sync 1 DAGs
[2024-11-07T15:00:20.618+0000] {logging_mixin.py:149} INFO - [2024-11-07T15:00:20.618+0000] {dag.py:3490} INFO - Setting next_dagrun for weather_etl to 2024-11-06T00:00:00+00:00, run_after=2024-11-07T00:00:00+00:00
[2024-11-07T15:00:20.657+0000] {processor.py:178} INFO - Processing /opt/airflow/dags/weather_etl_dag.py took 0.904 seconds
[2024-11-07T15:00:50.724+0000] {processor.py:156} INFO - Started process (PID=66) to work on /opt/airflow/dags/weather_etl_dag.py
[2024-11-07T15:00:50.725+0000] {processor.py:799} INFO - Processing file /opt/airflow/dags/weather_etl_dag.py for tasks to queue
[2024-11-07T15:00:50.727+0000] {logging_mixin.py:149} INFO - [2024-11-07T15:00:50.726+0000] {dagbag.py:541} INFO - Filling up the DagBag from /opt/airflow/dags/weather_etl_dag.py
[2024-11-07T15:00:51.146+0000] {processor.py:809} INFO - DAG(s) dict_keys(['weather_etl']) retrieved from /opt/airflow/dags/weather_etl_dag.py
[2024-11-07T15:00:51.186+0000] {logging_mixin.py:149} INFO - [2024-11-07T15:00:51.185+0000] {dag.py:2726} INFO - Sync 1 DAGs
[2024-11-07T15:00:51.213+0000] {logging_mixin.py:149} INFO - [2024-11-07T15:00:51.213+0000] {dag.py:3490} INFO - Setting next_dagrun for weather_etl to 2024-11-06T00:00:00+00:00, run_after=2024-11-07T00:00:00+00:00
[2024-11-07T15:00:51.238+0000] {processor.py:178} INFO - Processing /opt/airflow/dags/weather_etl_dag.py took 0.519 seconds
[2024-11-07T15:01:21.311+0000] {processor.py:156} INFO - Started process (PID=75) to work on /opt/airflow/dags/weather_etl_dag.py
[2024-11-07T15:01:21.312+0000] {processor.py:799} INFO - Processing file /opt/airflow/dags/weather_etl_dag.py for tasks to queue
[2024-11-07T15:01:21.313+0000] {logging_mixin.py:149} INFO - [2024-11-07T15:01:21.313+0000] {dagbag.py:541} INFO - Filling up the DagBag from /opt/airflow/dags/weather_etl_dag.py
[2024-11-07T15:01:21.624+0000] {processor.py:809} INFO - DAG(s) dict_keys(['weather_etl']) retrieved from /opt/airflow/dags/weather_etl_dag.py
[2024-11-07T15:01:21.647+0000] {logging_mixin.py:149} INFO - [2024-11-07T15:01:21.647+0000] {dag.py:2726} INFO - Sync 1 DAGs
[2024-11-07T15:01:21.671+0000] {logging_mixin.py:149} INFO - [2024-11-07T15:01:21.671+0000] {dag.py:3490} INFO - Setting next_dagrun for weather_etl to 2024-11-06T00:00:00+00:00, run_after=2024-11-07T00:00:00+00:00
[2024-11-07T15:01:21.686+0000] {processor.py:178} INFO - Processing /opt/airflow/dags/weather_etl_dag.py took 0.379 seconds
[2024-11-07T15:01:51.832+0000] {processor.py:156} INFO - Started process (PID=84) to work on /opt/airflow/dags/weather_etl_dag.py
[2024-11-07T15:01:51.834+0000] {processor.py:799} INFO - Processing file /opt/airflow/dags/weather_etl_dag.py for tasks to queue
[2024-11-07T15:01:51.836+0000] {logging_mixin.py:149} INFO - [2024-11-07T15:01:51.836+0000] {dagbag.py:541} INFO - Filling up the DagBag from /opt/airflow/dags/weather_etl_dag.py
[2024-11-07T15:01:52.363+0000] {processor.py:809} INFO - DAG(s) dict_keys(['weather_etl']) retrieved from /opt/airflow/dags/weather_etl_dag.py
[2024-11-07T15:01:52.404+0000] {logging_mixin.py:149} INFO - [2024-11-07T15:01:52.404+0000] {dag.py:2726} INFO - Sync 1 DAGs
[2024-11-07T15:01:52.435+0000] {logging_mixin.py:149} INFO - [2024-11-07T15:01:52.435+0000] {dag.py:3490} INFO - Setting next_dagrun for weather_etl to 2024-11-07T00:00:00+00:00, run_after=2024-11-08T00:00:00+00:00
[2024-11-07T15:01:52.453+0000] {processor.py:178} INFO - Processing /opt/airflow/dags/weather_etl_dag.py took 0.627 seconds
[2024-11-07T15:02:22.796+0000] {processor.py:156} INFO - Started process (PID=93) to work on /opt/airflow/dags/weather_etl_dag.py
[2024-11-07T15:02:22.798+0000] {processor.py:799} INFO - Processing file /opt/airflow/dags/weather_etl_dag.py for tasks to queue
[2024-11-07T15:02:22.799+0000] {logging_mixin.py:149} INFO - [2024-11-07T15:02:22.798+0000] {dagbag.py:541} INFO - Filling up the DagBag from /opt/airflow/dags/weather_etl_dag.py
[2024-11-07T15:02:23.170+0000] {processor.py:809} INFO - DAG(s) dict_keys(['weather_etl']) retrieved from /opt/airflow/dags/weather_etl_dag.py
[2024-11-07T15:02:23.196+0000] {logging_mixin.py:149} INFO - [2024-11-07T15:02:23.195+0000] {dag.py:2726} INFO - Sync 1 DAGs
[2024-11-07T15:02:23.226+0000] {logging_mixin.py:149} INFO - [2024-11-07T15:02:23.226+0000] {dag.py:3490} INFO - Setting next_dagrun for weather_etl to 2024-11-07T00:00:00+00:00, run_after=2024-11-08T00:00:00+00:00
[2024-11-07T15:02:23.250+0000] {processor.py:178} INFO - Processing /opt/airflow/dags/weather_etl_dag.py took 0.459 seconds
[2024-11-07T15:02:53.571+0000] {processor.py:156} INFO - Started process (PID=102) to work on /opt/airflow/dags/weather_etl_dag.py
[2024-11-07T15:02:53.573+0000] {processor.py:799} INFO - Processing file /opt/airflow/dags/weather_etl_dag.py for tasks to queue
[2024-11-07T15:02:53.575+0000] {logging_mixin.py:149} INFO - [2024-11-07T15:02:53.575+0000] {dagbag.py:541} INFO - Filling up the DagBag from /opt/airflow/dags/weather_etl_dag.py
[2024-11-07T15:02:54.028+0000] {processor.py:809} INFO - DAG(s) dict_keys(['weather_etl']) retrieved from /opt/airflow/dags/weather_etl_dag.py
[2024-11-07T15:02:54.063+0000] {logging_mixin.py:149} INFO - [2024-11-07T15:02:54.063+0000] {dag.py:2726} INFO - Sync 1 DAGs
[2024-11-07T15:02:54.092+0000] {logging_mixin.py:149} INFO - [2024-11-07T15:02:54.092+0000] {dag.py:3490} INFO - Setting next_dagrun for weather_etl to 2024-11-07T00:00:00+00:00, run_after=2024-11-08T00:00:00+00:00
[2024-11-07T15:02:54.109+0000] {processor.py:178} INFO - Processing /opt/airflow/dags/weather_etl_dag.py took 0.546 seconds
[2024-11-07T15:03:24.470+0000] {processor.py:156} INFO - Started process (PID=111) to work on /opt/airflow/dags/weather_etl_dag.py
[2024-11-07T15:03:24.472+0000] {processor.py:799} INFO - Processing file /opt/airflow/dags/weather_etl_dag.py for tasks to queue
[2024-11-07T15:03:24.473+0000] {logging_mixin.py:149} INFO - [2024-11-07T15:03:24.473+0000] {dagbag.py:541} INFO - Filling up the DagBag from /opt/airflow/dags/weather_etl_dag.py
[2024-11-07T15:03:24.851+0000] {processor.py:809} INFO - DAG(s) dict_keys(['weather_etl']) retrieved from /opt/airflow/dags/weather_etl_dag.py
[2024-11-07T15:03:24.879+0000] {logging_mixin.py:149} INFO - [2024-11-07T15:03:24.879+0000] {dag.py:2726} INFO - Sync 1 DAGs
[2024-11-07T15:03:24.903+0000] {logging_mixin.py:149} INFO - [2024-11-07T15:03:24.903+0000] {dag.py:3490} INFO - Setting next_dagrun for weather_etl to 2024-11-07T00:00:00+00:00, run_after=2024-11-08T00:00:00+00:00
[2024-11-07T15:03:24.918+0000] {processor.py:178} INFO - Processing /opt/airflow/dags/weather_etl_dag.py took 0.457 seconds
[2024-11-07T15:03:55.161+0000] {processor.py:156} INFO - Started process (PID=120) to work on /opt/airflow/dags/weather_etl_dag.py
[2024-11-07T15:03:55.162+0000] {processor.py:799} INFO - Processing file /opt/airflow/dags/weather_etl_dag.py for tasks to queue
[2024-11-07T15:03:55.164+0000] {logging_mixin.py:149} INFO - [2024-11-07T15:03:55.163+0000] {dagbag.py:541} INFO - Filling up the DagBag from /opt/airflow/dags/weather_etl_dag.py
[2024-11-07T15:03:55.462+0000] {processor.py:809} INFO - DAG(s) dict_keys(['weather_etl']) retrieved from /opt/airflow/dags/weather_etl_dag.py
[2024-11-07T15:03:55.489+0000] {logging_mixin.py:149} INFO - [2024-11-07T15:03:55.489+0000] {dag.py:2726} INFO - Sync 1 DAGs
[2024-11-07T15:03:55.513+0000] {logging_mixin.py:149} INFO - [2024-11-07T15:03:55.513+0000] {dag.py:3490} INFO - Setting next_dagrun for weather_etl to 2024-11-07T00:00:00+00:00, run_after=2024-11-08T00:00:00+00:00
[2024-11-07T15:03:55.529+0000] {processor.py:178} INFO - Processing /opt/airflow/dags/weather_etl_dag.py took 0.372 seconds
[2024-11-07T15:04:25.831+0000] {processor.py:156} INFO - Started process (PID=129) to work on /opt/airflow/dags/weather_etl_dag.py
[2024-11-07T15:04:25.833+0000] {processor.py:799} INFO - Processing file /opt/airflow/dags/weather_etl_dag.py for tasks to queue
[2024-11-07T15:04:25.834+0000] {logging_mixin.py:149} INFO - [2024-11-07T15:04:25.834+0000] {dagbag.py:541} INFO - Filling up the DagBag from /opt/airflow/dags/weather_etl_dag.py
[2024-11-07T15:04:26.214+0000] {processor.py:809} INFO - DAG(s) dict_keys(['weather_etl']) retrieved from /opt/airflow/dags/weather_etl_dag.py
[2024-11-07T15:04:26.246+0000] {logging_mixin.py:149} INFO - [2024-11-07T15:04:26.245+0000] {dag.py:2726} INFO - Sync 1 DAGs
[2024-11-07T15:04:26.271+0000] {logging_mixin.py:149} INFO - [2024-11-07T15:04:26.271+0000] {dag.py:3490} INFO - Setting next_dagrun for weather_etl to 2024-11-07T00:00:00+00:00, run_after=2024-11-08T00:00:00+00:00
[2024-11-07T15:04:26.287+0000] {processor.py:178} INFO - Processing /opt/airflow/dags/weather_etl_dag.py took 0.463 seconds
[2024-11-07T15:04:56.614+0000] {processor.py:156} INFO - Started process (PID=138) to work on /opt/airflow/dags/weather_etl_dag.py
[2024-11-07T15:04:56.615+0000] {processor.py:799} INFO - Processing file /opt/airflow/dags/weather_etl_dag.py for tasks to queue
[2024-11-07T15:04:56.616+0000] {logging_mixin.py:149} INFO - [2024-11-07T15:04:56.616+0000] {dagbag.py:541} INFO - Filling up the DagBag from /opt/airflow/dags/weather_etl_dag.py
[2024-11-07T15:04:56.912+0000] {processor.py:809} INFO - DAG(s) dict_keys(['weather_etl']) retrieved from /opt/airflow/dags/weather_etl_dag.py
[2024-11-07T15:04:56.937+0000] {logging_mixin.py:149} INFO - [2024-11-07T15:04:56.936+0000] {dag.py:2726} INFO - Sync 1 DAGs
[2024-11-07T15:04:56.961+0000] {logging_mixin.py:149} INFO - [2024-11-07T15:04:56.961+0000] {dag.py:3490} INFO - Setting next_dagrun for weather_etl to 2024-11-07T00:00:00+00:00, run_after=2024-11-08T00:00:00+00:00
[2024-11-07T15:04:56.975+0000] {processor.py:178} INFO - Processing /opt/airflow/dags/weather_etl_dag.py took 0.366 seconds
[2024-11-07T15:05:27.251+0000] {processor.py:156} INFO - Started process (PID=147) to work on /opt/airflow/dags/weather_etl_dag.py
[2024-11-07T15:05:27.252+0000] {processor.py:799} INFO - Processing file /opt/airflow/dags/weather_etl_dag.py for tasks to queue
[2024-11-07T15:05:27.253+0000] {logging_mixin.py:149} INFO - [2024-11-07T15:05:27.253+0000] {dagbag.py:541} INFO - Filling up the DagBag from /opt/airflow/dags/weather_etl_dag.py
[2024-11-07T15:05:27.578+0000] {processor.py:809} INFO - DAG(s) dict_keys(['weather_etl']) retrieved from /opt/airflow/dags/weather_etl_dag.py
[2024-11-07T15:05:27.603+0000] {logging_mixin.py:149} INFO - [2024-11-07T15:05:27.602+0000] {dag.py:2726} INFO - Sync 1 DAGs
[2024-11-07T15:05:27.629+0000] {logging_mixin.py:149} INFO - [2024-11-07T15:05:27.629+0000] {dag.py:3490} INFO - Setting next_dagrun for weather_etl to 2024-11-07T00:00:00+00:00, run_after=2024-11-08T00:00:00+00:00
[2024-11-07T15:05:27.646+0000] {processor.py:178} INFO - Processing /opt/airflow/dags/weather_etl_dag.py took 0.398 seconds
[2024-11-07T15:05:58.027+0000] {processor.py:156} INFO - Started process (PID=156) to work on /opt/airflow/dags/weather_etl_dag.py
[2024-11-07T15:05:58.029+0000] {processor.py:799} INFO - Processing file /opt/airflow/dags/weather_etl_dag.py for tasks to queue
[2024-11-07T15:05:58.030+0000] {logging_mixin.py:149} INFO - [2024-11-07T15:05:58.030+0000] {dagbag.py:541} INFO - Filling up the DagBag from /opt/airflow/dags/weather_etl_dag.py
[2024-11-07T15:05:58.444+0000] {processor.py:809} INFO - DAG(s) dict_keys(['weather_etl']) retrieved from /opt/airflow/dags/weather_etl_dag.py
[2024-11-07T15:05:58.481+0000] {logging_mixin.py:149} INFO - [2024-11-07T15:05:58.480+0000] {dag.py:2726} INFO - Sync 1 DAGs
[2024-11-07T15:05:58.537+0000] {logging_mixin.py:149} INFO - [2024-11-07T15:05:58.536+0000] {dag.py:3490} INFO - Setting next_dagrun for weather_etl to 2024-11-07T00:00:00+00:00, run_after=2024-11-08T00:00:00+00:00
[2024-11-07T15:05:58.561+0000] {processor.py:178} INFO - Processing /opt/airflow/dags/weather_etl_dag.py took 0.544 seconds
[2024-11-07T15:06:28.929+0000] {processor.py:156} INFO - Started process (PID=165) to work on /opt/airflow/dags/weather_etl_dag.py
[2024-11-07T15:06:28.931+0000] {processor.py:799} INFO - Processing file /opt/airflow/dags/weather_etl_dag.py for tasks to queue
[2024-11-07T15:06:28.932+0000] {logging_mixin.py:149} INFO - [2024-11-07T15:06:28.932+0000] {dagbag.py:541} INFO - Filling up the DagBag from /opt/airflow/dags/weather_etl_dag.py
[2024-11-07T15:06:29.371+0000] {processor.py:809} INFO - DAG(s) dict_keys(['weather_etl']) retrieved from /opt/airflow/dags/weather_etl_dag.py
[2024-11-07T15:06:29.404+0000] {logging_mixin.py:149} INFO - [2024-11-07T15:06:29.404+0000] {dag.py:2726} INFO - Sync 1 DAGs
[2024-11-07T15:06:29.443+0000] {logging_mixin.py:149} INFO - [2024-11-07T15:06:29.443+0000] {dag.py:3490} INFO - Setting next_dagrun for weather_etl to 2024-11-07T00:00:00+00:00, run_after=2024-11-08T00:00:00+00:00
[2024-11-07T15:06:29.470+0000] {processor.py:178} INFO - Processing /opt/airflow/dags/weather_etl_dag.py took 0.547 seconds
[2024-11-07T15:06:59.821+0000] {processor.py:156} INFO - Started process (PID=174) to work on /opt/airflow/dags/weather_etl_dag.py
[2024-11-07T15:06:59.823+0000] {processor.py:799} INFO - Processing file /opt/airflow/dags/weather_etl_dag.py for tasks to queue
[2024-11-07T15:06:59.825+0000] {logging_mixin.py:149} INFO - [2024-11-07T15:06:59.824+0000] {dagbag.py:541} INFO - Filling up the DagBag from /opt/airflow/dags/weather_etl_dag.py
[2024-11-07T15:07:01.027+0000] {processor.py:809} INFO - DAG(s) dict_keys(['weather_etl']) retrieved from /opt/airflow/dags/weather_etl_dag.py
[2024-11-07T15:07:01.193+0000] {logging_mixin.py:149} INFO - [2024-11-07T15:07:01.192+0000] {dag.py:2726} INFO - Sync 1 DAGs
[2024-11-07T15:07:01.241+0000] {logging_mixin.py:149} INFO - [2024-11-07T15:07:01.241+0000] {dag.py:3490} INFO - Setting next_dagrun for weather_etl to 2024-11-07T00:00:00+00:00, run_after=2024-11-08T00:00:00+00:00
[2024-11-07T15:07:01.270+0000] {processor.py:178} INFO - Processing /opt/airflow/dags/weather_etl_dag.py took 1.458 seconds
[2024-11-07T15:07:31.522+0000] {processor.py:156} INFO - Started process (PID=183) to work on /opt/airflow/dags/weather_etl_dag.py
[2024-11-07T15:07:31.523+0000] {processor.py:799} INFO - Processing file /opt/airflow/dags/weather_etl_dag.py for tasks to queue
[2024-11-07T15:07:31.524+0000] {logging_mixin.py:149} INFO - [2024-11-07T15:07:31.524+0000] {dagbag.py:541} INFO - Filling up the DagBag from /opt/airflow/dags/weather_etl_dag.py
[2024-11-07T15:07:31.896+0000] {processor.py:809} INFO - DAG(s) dict_keys(['weather_etl']) retrieved from /opt/airflow/dags/weather_etl_dag.py
[2024-11-07T15:07:31.926+0000] {logging_mixin.py:149} INFO - [2024-11-07T15:07:31.926+0000] {dag.py:2726} INFO - Sync 1 DAGs
[2024-11-07T15:07:31.950+0000] {logging_mixin.py:149} INFO - [2024-11-07T15:07:31.950+0000] {dag.py:3490} INFO - Setting next_dagrun for weather_etl to 2024-11-07T00:00:00+00:00, run_after=2024-11-08T00:00:00+00:00
[2024-11-07T15:07:31.966+0000] {processor.py:178} INFO - Processing /opt/airflow/dags/weather_etl_dag.py took 0.449 seconds
[2024-11-07T15:08:02.252+0000] {processor.py:156} INFO - Started process (PID=192) to work on /opt/airflow/dags/weather_etl_dag.py
[2024-11-07T15:08:02.254+0000] {processor.py:799} INFO - Processing file /opt/airflow/dags/weather_etl_dag.py for tasks to queue
[2024-11-07T15:08:02.255+0000] {logging_mixin.py:149} INFO - [2024-11-07T15:08:02.255+0000] {dagbag.py:541} INFO - Filling up the DagBag from /opt/airflow/dags/weather_etl_dag.py
[2024-11-07T15:08:02.576+0000] {processor.py:809} INFO - DAG(s) dict_keys(['weather_etl']) retrieved from /opt/airflow/dags/weather_etl_dag.py
[2024-11-07T15:08:02.603+0000] {logging_mixin.py:149} INFO - [2024-11-07T15:08:02.603+0000] {dag.py:2726} INFO - Sync 1 DAGs
[2024-11-07T15:08:02.629+0000] {logging_mixin.py:149} INFO - [2024-11-07T15:08:02.629+0000] {dag.py:3490} INFO - Setting next_dagrun for weather_etl to 2024-11-07T00:00:00+00:00, run_after=2024-11-08T00:00:00+00:00
[2024-11-07T15:08:02.648+0000] {processor.py:178} INFO - Processing /opt/airflow/dags/weather_etl_dag.py took 0.402 seconds
[2024-11-07T15:08:32.934+0000] {processor.py:156} INFO - Started process (PID=201) to work on /opt/airflow/dags/weather_etl_dag.py
[2024-11-07T15:08:32.935+0000] {processor.py:799} INFO - Processing file /opt/airflow/dags/weather_etl_dag.py for tasks to queue
[2024-11-07T15:08:32.936+0000] {logging_mixin.py:149} INFO - [2024-11-07T15:08:32.936+0000] {dagbag.py:541} INFO - Filling up the DagBag from /opt/airflow/dags/weather_etl_dag.py
[2024-11-07T15:08:33.328+0000] {processor.py:809} INFO - DAG(s) dict_keys(['weather_etl']) retrieved from /opt/airflow/dags/weather_etl_dag.py
[2024-11-07T15:08:33.356+0000] {logging_mixin.py:149} INFO - [2024-11-07T15:08:33.355+0000] {dag.py:2726} INFO - Sync 1 DAGs
[2024-11-07T15:08:33.382+0000] {logging_mixin.py:149} INFO - [2024-11-07T15:08:33.381+0000] {dag.py:3490} INFO - Setting next_dagrun for weather_etl to 2024-11-07T00:00:00+00:00, run_after=2024-11-08T00:00:00+00:00
[2024-11-07T15:08:33.397+0000] {processor.py:178} INFO - Processing /opt/airflow/dags/weather_etl_dag.py took 0.468 seconds
[2024-11-07T15:09:03.649+0000] {processor.py:156} INFO - Started process (PID=210) to work on /opt/airflow/dags/weather_etl_dag.py
[2024-11-07T15:09:03.650+0000] {processor.py:799} INFO - Processing file /opt/airflow/dags/weather_etl_dag.py for tasks to queue
[2024-11-07T15:09:03.650+0000] {logging_mixin.py:149} INFO - [2024-11-07T15:09:03.650+0000] {dagbag.py:541} INFO - Filling up the DagBag from /opt/airflow/dags/weather_etl_dag.py
[2024-11-07T15:09:03.963+0000] {processor.py:809} INFO - DAG(s) dict_keys(['weather_etl']) retrieved from /opt/airflow/dags/weather_etl_dag.py
[2024-11-07T15:09:03.990+0000] {logging_mixin.py:149} INFO - [2024-11-07T15:09:03.990+0000] {dag.py:2726} INFO - Sync 1 DAGs
[2024-11-07T15:09:04.016+0000] {logging_mixin.py:149} INFO - [2024-11-07T15:09:04.016+0000] {dag.py:3490} INFO - Setting next_dagrun for weather_etl to 2024-11-07T00:00:00+00:00, run_after=2024-11-08T00:00:00+00:00
[2024-11-07T15:09:04.032+0000] {processor.py:178} INFO - Processing /opt/airflow/dags/weather_etl_dag.py took 0.388 seconds
[2024-11-07T15:09:34.363+0000] {processor.py:156} INFO - Started process (PID=219) to work on /opt/airflow/dags/weather_etl_dag.py
[2024-11-07T15:09:34.365+0000] {processor.py:799} INFO - Processing file /opt/airflow/dags/weather_etl_dag.py for tasks to queue
[2024-11-07T15:09:34.367+0000] {logging_mixin.py:149} INFO - [2024-11-07T15:09:34.367+0000] {dagbag.py:541} INFO - Filling up the DagBag from /opt/airflow/dags/weather_etl_dag.py
[2024-11-07T15:09:35.466+0000] {processor.py:809} INFO - DAG(s) dict_keys(['weather_etl']) retrieved from /opt/airflow/dags/weather_etl_dag.py
[2024-11-07T15:09:35.594+0000] {logging_mixin.py:149} INFO - [2024-11-07T15:09:35.593+0000] {dag.py:2726} INFO - Sync 1 DAGs
[2024-11-07T15:09:35.648+0000] {logging_mixin.py:149} INFO - [2024-11-07T15:09:35.648+0000] {dag.py:3490} INFO - Setting next_dagrun for weather_etl to 2024-11-07T00:00:00+00:00, run_after=2024-11-08T00:00:00+00:00
[2024-11-07T15:09:35.675+0000] {processor.py:178} INFO - Processing /opt/airflow/dags/weather_etl_dag.py took 1.322 seconds
[2024-11-07T15:10:05.950+0000] {processor.py:156} INFO - Started process (PID=228) to work on /opt/airflow/dags/weather_etl_dag.py
[2024-11-07T15:10:05.952+0000] {processor.py:799} INFO - Processing file /opt/airflow/dags/weather_etl_dag.py for tasks to queue
[2024-11-07T15:10:05.953+0000] {logging_mixin.py:149} INFO - [2024-11-07T15:10:05.953+0000] {dagbag.py:541} INFO - Filling up the DagBag from /opt/airflow/dags/weather_etl_dag.py
[2024-11-07T15:10:06.307+0000] {processor.py:809} INFO - DAG(s) dict_keys(['weather_etl']) retrieved from /opt/airflow/dags/weather_etl_dag.py
[2024-11-07T15:10:06.336+0000] {logging_mixin.py:149} INFO - [2024-11-07T15:10:06.335+0000] {dag.py:2726} INFO - Sync 1 DAGs
[2024-11-07T15:10:06.359+0000] {logging_mixin.py:149} INFO - [2024-11-07T15:10:06.359+0000] {dag.py:3490} INFO - Setting next_dagrun for weather_etl to 2024-11-07T00:00:00+00:00, run_after=2024-11-08T00:00:00+00:00
[2024-11-07T15:10:06.375+0000] {processor.py:178} INFO - Processing /opt/airflow/dags/weather_etl_dag.py took 0.430 seconds
[2024-11-07T15:10:36.664+0000] {processor.py:156} INFO - Started process (PID=237) to work on /opt/airflow/dags/weather_etl_dag.py
[2024-11-07T15:10:36.665+0000] {processor.py:799} INFO - Processing file /opt/airflow/dags/weather_etl_dag.py for tasks to queue
[2024-11-07T15:10:36.666+0000] {logging_mixin.py:149} INFO - [2024-11-07T15:10:36.666+0000] {dagbag.py:541} INFO - Filling up the DagBag from /opt/airflow/dags/weather_etl_dag.py
[2024-11-07T15:10:37.105+0000] {processor.py:809} INFO - DAG(s) dict_keys(['weather_etl']) retrieved from /opt/airflow/dags/weather_etl_dag.py
[2024-11-07T15:10:37.144+0000] {logging_mixin.py:149} INFO - [2024-11-07T15:10:37.143+0000] {dag.py:2726} INFO - Sync 1 DAGs
[2024-11-07T15:10:37.168+0000] {logging_mixin.py:149} INFO - [2024-11-07T15:10:37.168+0000] {dag.py:3490} INFO - Setting next_dagrun for weather_etl to 2024-11-07T00:00:00+00:00, run_after=2024-11-08T00:00:00+00:00
[2024-11-07T15:10:37.185+0000] {processor.py:178} INFO - Processing /opt/airflow/dags/weather_etl_dag.py took 0.527 seconds
[2024-11-07T15:11:07.480+0000] {processor.py:156} INFO - Started process (PID=246) to work on /opt/airflow/dags/weather_etl_dag.py
[2024-11-07T15:11:07.481+0000] {processor.py:799} INFO - Processing file /opt/airflow/dags/weather_etl_dag.py for tasks to queue
[2024-11-07T15:11:07.482+0000] {logging_mixin.py:149} INFO - [2024-11-07T15:11:07.482+0000] {dagbag.py:541} INFO - Filling up the DagBag from /opt/airflow/dags/weather_etl_dag.py
[2024-11-07T15:11:07.772+0000] {processor.py:809} INFO - DAG(s) dict_keys(['weather_etl']) retrieved from /opt/airflow/dags/weather_etl_dag.py
[2024-11-07T15:11:07.793+0000] {logging_mixin.py:149} INFO - [2024-11-07T15:11:07.793+0000] {dag.py:2726} INFO - Sync 1 DAGs
[2024-11-07T15:11:07.815+0000] {logging_mixin.py:149} INFO - [2024-11-07T15:11:07.815+0000] {dag.py:3490} INFO - Setting next_dagrun for weather_etl to 2024-11-07T00:00:00+00:00, run_after=2024-11-08T00:00:00+00:00
[2024-11-07T15:11:07.829+0000] {processor.py:178} INFO - Processing /opt/airflow/dags/weather_etl_dag.py took 0.353 seconds
[2024-11-07T15:11:38.100+0000] {processor.py:156} INFO - Started process (PID=255) to work on /opt/airflow/dags/weather_etl_dag.py
[2024-11-07T15:11:38.102+0000] {processor.py:799} INFO - Processing file /opt/airflow/dags/weather_etl_dag.py for tasks to queue
[2024-11-07T15:11:38.103+0000] {logging_mixin.py:149} INFO - [2024-11-07T15:11:38.102+0000] {dagbag.py:541} INFO - Filling up the DagBag from /opt/airflow/dags/weather_etl_dag.py
[2024-11-07T15:11:38.625+0000] {processor.py:809} INFO - DAG(s) dict_keys(['weather_etl']) retrieved from /opt/airflow/dags/weather_etl_dag.py
[2024-11-07T15:11:38.675+0000] {logging_mixin.py:149} INFO - [2024-11-07T15:11:38.675+0000] {dag.py:2726} INFO - Sync 1 DAGs
[2024-11-07T15:11:38.715+0000] {logging_mixin.py:149} INFO - [2024-11-07T15:11:38.715+0000] {dag.py:3490} INFO - Setting next_dagrun for weather_etl to 2024-11-07T00:00:00+00:00, run_after=2024-11-08T00:00:00+00:00
[2024-11-07T15:11:38.739+0000] {processor.py:178} INFO - Processing /opt/airflow/dags/weather_etl_dag.py took 0.646 seconds
[2024-11-07T15:12:09.059+0000] {processor.py:156} INFO - Started process (PID=264) to work on /opt/airflow/dags/weather_etl_dag.py
[2024-11-07T15:12:09.060+0000] {processor.py:799} INFO - Processing file /opt/airflow/dags/weather_etl_dag.py for tasks to queue
[2024-11-07T15:12:09.061+0000] {logging_mixin.py:149} INFO - [2024-11-07T15:12:09.061+0000] {dagbag.py:541} INFO - Filling up the DagBag from /opt/airflow/dags/weather_etl_dag.py
[2024-11-07T15:12:09.606+0000] {processor.py:809} INFO - DAG(s) dict_keys(['weather_etl']) retrieved from /opt/airflow/dags/weather_etl_dag.py
[2024-11-07T15:12:09.642+0000] {logging_mixin.py:149} INFO - [2024-11-07T15:12:09.641+0000] {dag.py:2726} INFO - Sync 1 DAGs
[2024-11-07T15:12:09.672+0000] {logging_mixin.py:149} INFO - [2024-11-07T15:12:09.672+0000] {dag.py:3490} INFO - Setting next_dagrun for weather_etl to 2024-11-07T00:00:00+00:00, run_after=2024-11-08T00:00:00+00:00
[2024-11-07T15:12:09.691+0000] {processor.py:178} INFO - Processing /opt/airflow/dags/weather_etl_dag.py took 0.638 seconds
[2024-11-07T15:12:40.026+0000] {processor.py:156} INFO - Started process (PID=273) to work on /opt/airflow/dags/weather_etl_dag.py
[2024-11-07T15:12:40.028+0000] {processor.py:799} INFO - Processing file /opt/airflow/dags/weather_etl_dag.py for tasks to queue
[2024-11-07T15:12:40.030+0000] {logging_mixin.py:149} INFO - [2024-11-07T15:12:40.029+0000] {dagbag.py:541} INFO - Filling up the DagBag from /opt/airflow/dags/weather_etl_dag.py
[2024-11-07T15:12:40.619+0000] {processor.py:809} INFO - DAG(s) dict_keys(['weather_etl']) retrieved from /opt/airflow/dags/weather_etl_dag.py
[2024-11-07T15:12:40.674+0000] {logging_mixin.py:149} INFO - [2024-11-07T15:12:40.674+0000] {dag.py:2726} INFO - Sync 1 DAGs
[2024-11-07T15:12:40.701+0000] {logging_mixin.py:149} INFO - [2024-11-07T15:12:40.701+0000] {dag.py:3490} INFO - Setting next_dagrun for weather_etl to 2024-11-07T00:00:00+00:00, run_after=2024-11-08T00:00:00+00:00
[2024-11-07T15:12:40.717+0000] {processor.py:178} INFO - Processing /opt/airflow/dags/weather_etl_dag.py took 0.704 seconds
[2024-11-07T15:13:11.032+0000] {processor.py:156} INFO - Started process (PID=282) to work on /opt/airflow/dags/weather_etl_dag.py
[2024-11-07T15:13:11.034+0000] {processor.py:799} INFO - Processing file /opt/airflow/dags/weather_etl_dag.py for tasks to queue
[2024-11-07T15:13:11.037+0000] {logging_mixin.py:149} INFO - [2024-11-07T15:13:11.037+0000] {dagbag.py:541} INFO - Filling up the DagBag from /opt/airflow/dags/weather_etl_dag.py
[2024-11-07T15:13:11.481+0000] {processor.py:809} INFO - DAG(s) dict_keys(['weather_etl']) retrieved from /opt/airflow/dags/weather_etl_dag.py
[2024-11-07T15:13:11.512+0000] {logging_mixin.py:149} INFO - [2024-11-07T15:13:11.511+0000] {dag.py:2726} INFO - Sync 1 DAGs
[2024-11-07T15:13:11.540+0000] {logging_mixin.py:149} INFO - [2024-11-07T15:13:11.539+0000] {dag.py:3490} INFO - Setting next_dagrun for weather_etl to 2024-11-07T00:00:00+00:00, run_after=2024-11-08T00:00:00+00:00
[2024-11-07T15:13:11.557+0000] {processor.py:178} INFO - Processing /opt/airflow/dags/weather_etl_dag.py took 0.532 seconds
[2024-11-07T15:13:41.838+0000] {processor.py:156} INFO - Started process (PID=291) to work on /opt/airflow/dags/weather_etl_dag.py
[2024-11-07T15:13:41.839+0000] {processor.py:799} INFO - Processing file /opt/airflow/dags/weather_etl_dag.py for tasks to queue
[2024-11-07T15:13:41.840+0000] {logging_mixin.py:149} INFO - [2024-11-07T15:13:41.840+0000] {dagbag.py:541} INFO - Filling up the DagBag from /opt/airflow/dags/weather_etl_dag.py
[2024-11-07T15:13:42.145+0000] {processor.py:809} INFO - DAG(s) dict_keys(['weather_etl']) retrieved from /opt/airflow/dags/weather_etl_dag.py
[2024-11-07T15:13:42.167+0000] {logging_mixin.py:149} INFO - [2024-11-07T15:13:42.167+0000] {dag.py:2726} INFO - Sync 1 DAGs
[2024-11-07T15:13:42.190+0000] {logging_mixin.py:149} INFO - [2024-11-07T15:13:42.190+0000] {dag.py:3490} INFO - Setting next_dagrun for weather_etl to 2024-11-07T00:00:00+00:00, run_after=2024-11-08T00:00:00+00:00
[2024-11-07T15:13:42.206+0000] {processor.py:178} INFO - Processing /opt/airflow/dags/weather_etl_dag.py took 0.372 seconds
[2024-11-07T15:14:12.503+0000] {processor.py:156} INFO - Started process (PID=300) to work on /opt/airflow/dags/weather_etl_dag.py
[2024-11-07T15:14:12.504+0000] {processor.py:799} INFO - Processing file /opt/airflow/dags/weather_etl_dag.py for tasks to queue
[2024-11-07T15:14:12.505+0000] {logging_mixin.py:149} INFO - [2024-11-07T15:14:12.505+0000] {dagbag.py:541} INFO - Filling up the DagBag from /opt/airflow/dags/weather_etl_dag.py
[2024-11-07T15:14:12.831+0000] {processor.py:809} INFO - DAG(s) dict_keys(['weather_etl']) retrieved from /opt/airflow/dags/weather_etl_dag.py
[2024-11-07T15:14:12.857+0000] {logging_mixin.py:149} INFO - [2024-11-07T15:14:12.856+0000] {dag.py:2726} INFO - Sync 1 DAGs
[2024-11-07T15:14:12.891+0000] {logging_mixin.py:149} INFO - [2024-11-07T15:14:12.891+0000] {dag.py:3490} INFO - Setting next_dagrun for weather_etl to 2024-11-07T00:00:00+00:00, run_after=2024-11-08T00:00:00+00:00
[2024-11-07T15:14:12.910+0000] {processor.py:178} INFO - Processing /opt/airflow/dags/weather_etl_dag.py took 0.412 seconds
[2024-11-07T15:14:43.213+0000] {processor.py:156} INFO - Started process (PID=309) to work on /opt/airflow/dags/weather_etl_dag.py
[2024-11-07T15:14:43.214+0000] {processor.py:799} INFO - Processing file /opt/airflow/dags/weather_etl_dag.py for tasks to queue
[2024-11-07T15:14:43.216+0000] {logging_mixin.py:149} INFO - [2024-11-07T15:14:43.215+0000] {dagbag.py:541} INFO - Filling up the DagBag from /opt/airflow/dags/weather_etl_dag.py
[2024-11-07T15:14:43.602+0000] {processor.py:809} INFO - DAG(s) dict_keys(['weather_etl']) retrieved from /opt/airflow/dags/weather_etl_dag.py
[2024-11-07T15:14:43.638+0000] {logging_mixin.py:149} INFO - [2024-11-07T15:14:43.638+0000] {dag.py:2726} INFO - Sync 1 DAGs
[2024-11-07T15:14:43.673+0000] {logging_mixin.py:149} INFO - [2024-11-07T15:14:43.673+0000] {dag.py:3490} INFO - Setting next_dagrun for weather_etl to 2024-11-07T00:00:00+00:00, run_after=2024-11-08T00:00:00+00:00
[2024-11-07T15:14:43.690+0000] {processor.py:178} INFO - Processing /opt/airflow/dags/weather_etl_dag.py took 0.480 seconds
[2024-11-07T15:15:13.947+0000] {processor.py:156} INFO - Started process (PID=318) to work on /opt/airflow/dags/weather_etl_dag.py
[2024-11-07T15:15:13.949+0000] {processor.py:799} INFO - Processing file /opt/airflow/dags/weather_etl_dag.py for tasks to queue
[2024-11-07T15:15:13.950+0000] {logging_mixin.py:149} INFO - [2024-11-07T15:15:13.950+0000] {dagbag.py:541} INFO - Filling up the DagBag from /opt/airflow/dags/weather_etl_dag.py
[2024-11-07T15:15:14.387+0000] {processor.py:809} INFO - DAG(s) dict_keys(['weather_etl']) retrieved from /opt/airflow/dags/weather_etl_dag.py
[2024-11-07T15:15:14.426+0000] {logging_mixin.py:149} INFO - [2024-11-07T15:15:14.424+0000] {dag.py:2726} INFO - Sync 1 DAGs
[2024-11-07T15:15:14.459+0000] {logging_mixin.py:149} INFO - [2024-11-07T15:15:14.458+0000] {dag.py:3490} INFO - Setting next_dagrun for weather_etl to 2024-11-07T00:00:00+00:00, run_after=2024-11-08T00:00:00+00:00
[2024-11-07T15:15:14.479+0000] {processor.py:178} INFO - Processing /opt/airflow/dags/weather_etl_dag.py took 0.542 seconds
[2024-11-07T15:15:44.761+0000] {processor.py:156} INFO - Started process (PID=327) to work on /opt/airflow/dags/weather_etl_dag.py
[2024-11-07T15:15:44.763+0000] {processor.py:799} INFO - Processing file /opt/airflow/dags/weather_etl_dag.py for tasks to queue
[2024-11-07T15:15:44.764+0000] {logging_mixin.py:149} INFO - [2024-11-07T15:15:44.764+0000] {dagbag.py:541} INFO - Filling up the DagBag from /opt/airflow/dags/weather_etl_dag.py
[2024-11-07T15:15:45.147+0000] {processor.py:809} INFO - DAG(s) dict_keys(['weather_etl']) retrieved from /opt/airflow/dags/weather_etl_dag.py
[2024-11-07T15:15:45.178+0000] {logging_mixin.py:149} INFO - [2024-11-07T15:15:45.177+0000] {dag.py:2726} INFO - Sync 1 DAGs
[2024-11-07T15:15:45.202+0000] {logging_mixin.py:149} INFO - [2024-11-07T15:15:45.202+0000] {dag.py:3490} INFO - Setting next_dagrun for weather_etl to 2024-11-07T00:00:00+00:00, run_after=2024-11-08T00:00:00+00:00
[2024-11-07T15:15:45.217+0000] {processor.py:178} INFO - Processing /opt/airflow/dags/weather_etl_dag.py took 0.464 seconds
[2024-11-07T15:16:15.508+0000] {processor.py:156} INFO - Started process (PID=336) to work on /opt/airflow/dags/weather_etl_dag.py
[2024-11-07T15:16:15.509+0000] {processor.py:799} INFO - Processing file /opt/airflow/dags/weather_etl_dag.py for tasks to queue
[2024-11-07T15:16:15.509+0000] {logging_mixin.py:149} INFO - [2024-11-07T15:16:15.509+0000] {dagbag.py:541} INFO - Filling up the DagBag from /opt/airflow/dags/weather_etl_dag.py
[2024-11-07T15:16:15.822+0000] {processor.py:809} INFO - DAG(s) dict_keys(['weather_etl']) retrieved from /opt/airflow/dags/weather_etl_dag.py
[2024-11-07T15:16:15.846+0000] {logging_mixin.py:149} INFO - [2024-11-07T15:16:15.845+0000] {dag.py:2726} INFO - Sync 1 DAGs
[2024-11-07T15:16:15.869+0000] {logging_mixin.py:149} INFO - [2024-11-07T15:16:15.869+0000] {dag.py:3490} INFO - Setting next_dagrun for weather_etl to 2024-11-07T00:00:00+00:00, run_after=2024-11-08T00:00:00+00:00
[2024-11-07T15:16:15.892+0000] {processor.py:178} INFO - Processing /opt/airflow/dags/weather_etl_dag.py took 0.389 seconds
[2024-11-07T15:16:46.150+0000] {processor.py:156} INFO - Started process (PID=345) to work on /opt/airflow/dags/weather_etl_dag.py
[2024-11-07T15:16:46.152+0000] {processor.py:799} INFO - Processing file /opt/airflow/dags/weather_etl_dag.py for tasks to queue
[2024-11-07T15:16:46.153+0000] {logging_mixin.py:149} INFO - [2024-11-07T15:16:46.153+0000] {dagbag.py:541} INFO - Filling up the DagBag from /opt/airflow/dags/weather_etl_dag.py
[2024-11-07T15:16:46.426+0000] {processor.py:809} INFO - DAG(s) dict_keys(['weather_etl']) retrieved from /opt/airflow/dags/weather_etl_dag.py
[2024-11-07T15:16:46.482+0000] {logging_mixin.py:149} INFO - [2024-11-07T15:16:46.482+0000] {dag.py:2726} INFO - Sync 1 DAGs
[2024-11-07T15:16:46.499+0000] {logging_mixin.py:149} INFO - [2024-11-07T15:16:46.499+0000] {dag.py:3490} INFO - Setting next_dagrun for weather_etl to 2024-11-07T00:00:00+00:00, run_after=2024-11-08T00:00:00+00:00
[2024-11-07T15:16:46.512+0000] {processor.py:178} INFO - Processing /opt/airflow/dags/weather_etl_dag.py took 0.365 seconds
[2024-11-07T15:17:16.758+0000] {processor.py:156} INFO - Started process (PID=354) to work on /opt/airflow/dags/weather_etl_dag.py
[2024-11-07T15:17:16.759+0000] {processor.py:799} INFO - Processing file /opt/airflow/dags/weather_etl_dag.py for tasks to queue
[2024-11-07T15:17:16.759+0000] {logging_mixin.py:149} INFO - [2024-11-07T15:17:16.759+0000] {dagbag.py:541} INFO - Filling up the DagBag from /opt/airflow/dags/weather_etl_dag.py
[2024-11-07T15:17:17.097+0000] {processor.py:809} INFO - DAG(s) dict_keys(['weather_etl']) retrieved from /opt/airflow/dags/weather_etl_dag.py
[2024-11-07T15:17:17.122+0000] {logging_mixin.py:149} INFO - [2024-11-07T15:17:17.122+0000] {dag.py:2726} INFO - Sync 1 DAGs
[2024-11-07T15:17:17.140+0000] {logging_mixin.py:149} INFO - [2024-11-07T15:17:17.140+0000] {dag.py:3490} INFO - Setting next_dagrun for weather_etl to 2024-11-07T00:00:00+00:00, run_after=2024-11-08T00:00:00+00:00
[2024-11-07T15:17:17.154+0000] {processor.py:178} INFO - Processing /opt/airflow/dags/weather_etl_dag.py took 0.400 seconds
[2024-11-07T15:17:47.410+0000] {processor.py:156} INFO - Started process (PID=363) to work on /opt/airflow/dags/weather_etl_dag.py
[2024-11-07T15:17:47.410+0000] {processor.py:799} INFO - Processing file /opt/airflow/dags/weather_etl_dag.py for tasks to queue
[2024-11-07T15:17:47.411+0000] {logging_mixin.py:149} INFO - [2024-11-07T15:17:47.411+0000] {dagbag.py:541} INFO - Filling up the DagBag from /opt/airflow/dags/weather_etl_dag.py
[2024-11-07T15:17:47.613+0000] {processor.py:809} INFO - DAG(s) dict_keys(['weather_etl']) retrieved from /opt/airflow/dags/weather_etl_dag.py
[2024-11-07T15:17:47.628+0000] {logging_mixin.py:149} INFO - [2024-11-07T15:17:47.627+0000] {dag.py:2726} INFO - Sync 1 DAGs
[2024-11-07T15:17:47.642+0000] {logging_mixin.py:149} INFO - [2024-11-07T15:17:47.642+0000] {dag.py:3490} INFO - Setting next_dagrun for weather_etl to 2024-11-07T00:00:00+00:00, run_after=2024-11-08T00:00:00+00:00
[2024-11-07T15:17:47.652+0000] {processor.py:178} INFO - Processing /opt/airflow/dags/weather_etl_dag.py took 0.245 seconds
[2024-11-07T15:18:17.691+0000] {processor.py:156} INFO - Started process (PID=372) to work on /opt/airflow/dags/weather_etl_dag.py
[2024-11-07T15:18:17.692+0000] {processor.py:799} INFO - Processing file /opt/airflow/dags/weather_etl_dag.py for tasks to queue
[2024-11-07T15:18:17.693+0000] {logging_mixin.py:149} INFO - [2024-11-07T15:18:17.693+0000] {dagbag.py:541} INFO - Filling up the DagBag from /opt/airflow/dags/weather_etl_dag.py
[2024-11-07T15:18:17.939+0000] {processor.py:809} INFO - DAG(s) dict_keys(['weather_etl']) retrieved from /opt/airflow/dags/weather_etl_dag.py
[2024-11-07T15:18:17.956+0000] {logging_mixin.py:149} INFO - [2024-11-07T15:18:17.955+0000] {dag.py:2726} INFO - Sync 1 DAGs
[2024-11-07T15:18:17.971+0000] {logging_mixin.py:149} INFO - [2024-11-07T15:18:17.971+0000] {dag.py:3490} INFO - Setting next_dagrun for weather_etl to 2024-11-07T00:00:00+00:00, run_after=2024-11-08T00:00:00+00:00
[2024-11-07T15:18:17.989+0000] {processor.py:178} INFO - Processing /opt/airflow/dags/weather_etl_dag.py took 0.301 seconds
[2024-11-07T15:18:48.146+0000] {processor.py:156} INFO - Started process (PID=381) to work on /opt/airflow/dags/weather_etl_dag.py
[2024-11-07T15:18:48.146+0000] {processor.py:799} INFO - Processing file /opt/airflow/dags/weather_etl_dag.py for tasks to queue
[2024-11-07T15:18:48.147+0000] {logging_mixin.py:149} INFO - [2024-11-07T15:18:48.147+0000] {dagbag.py:541} INFO - Filling up the DagBag from /opt/airflow/dags/weather_etl_dag.py
[2024-11-07T15:18:48.394+0000] {processor.py:809} INFO - DAG(s) dict_keys(['weather_etl']) retrieved from /opt/airflow/dags/weather_etl_dag.py
[2024-11-07T15:18:48.414+0000] {logging_mixin.py:149} INFO - [2024-11-07T15:18:48.414+0000] {dag.py:2726} INFO - Sync 1 DAGs
[2024-11-07T15:18:48.432+0000] {logging_mixin.py:149} INFO - [2024-11-07T15:18:48.432+0000] {dag.py:3490} INFO - Setting next_dagrun for weather_etl to 2024-11-07T00:00:00+00:00, run_after=2024-11-08T00:00:00+00:00
[2024-11-07T15:18:48.443+0000] {processor.py:178} INFO - Processing /opt/airflow/dags/weather_etl_dag.py took 0.301 seconds
[2024-11-07T15:19:18.476+0000] {processor.py:156} INFO - Started process (PID=390) to work on /opt/airflow/dags/weather_etl_dag.py
[2024-11-07T15:19:18.477+0000] {processor.py:799} INFO - Processing file /opt/airflow/dags/weather_etl_dag.py for tasks to queue
[2024-11-07T15:19:18.478+0000] {logging_mixin.py:149} INFO - [2024-11-07T15:19:18.477+0000] {dagbag.py:541} INFO - Filling up the DagBag from /opt/airflow/dags/weather_etl_dag.py
[2024-11-07T15:19:18.763+0000] {processor.py:809} INFO - DAG(s) dict_keys(['weather_etl']) retrieved from /opt/airflow/dags/weather_etl_dag.py
[2024-11-07T15:19:18.780+0000] {logging_mixin.py:149} INFO - [2024-11-07T15:19:18.779+0000] {dag.py:2726} INFO - Sync 1 DAGs
[2024-11-07T15:19:18.795+0000] {logging_mixin.py:149} INFO - [2024-11-07T15:19:18.795+0000] {dag.py:3490} INFO - Setting next_dagrun for weather_etl to 2024-11-07T00:00:00+00:00, run_after=2024-11-08T00:00:00+00:00
[2024-11-07T15:19:18.807+0000] {processor.py:178} INFO - Processing /opt/airflow/dags/weather_etl_dag.py took 0.334 seconds
[2024-11-07T15:19:49.017+0000] {processor.py:156} INFO - Started process (PID=399) to work on /opt/airflow/dags/weather_etl_dag.py
[2024-11-07T15:19:49.017+0000] {processor.py:799} INFO - Processing file /opt/airflow/dags/weather_etl_dag.py for tasks to queue
[2024-11-07T15:19:49.018+0000] {logging_mixin.py:149} INFO - [2024-11-07T15:19:49.018+0000] {dagbag.py:541} INFO - Filling up the DagBag from /opt/airflow/dags/weather_etl_dag.py
[2024-11-07T15:19:49.246+0000] {processor.py:809} INFO - DAG(s) dict_keys(['weather_etl']) retrieved from /opt/airflow/dags/weather_etl_dag.py
[2024-11-07T15:19:49.265+0000] {logging_mixin.py:149} INFO - [2024-11-07T15:19:49.265+0000] {dag.py:2726} INFO - Sync 1 DAGs
[2024-11-07T15:19:49.283+0000] {logging_mixin.py:149} INFO - [2024-11-07T15:19:49.283+0000] {dag.py:3490} INFO - Setting next_dagrun for weather_etl to 2024-11-07T00:00:00+00:00, run_after=2024-11-08T00:00:00+00:00
[2024-11-07T15:19:49.294+0000] {processor.py:178} INFO - Processing /opt/airflow/dags/weather_etl_dag.py took 0.280 seconds
[2024-11-07T15:20:19.345+0000] {processor.py:156} INFO - Started process (PID=408) to work on /opt/airflow/dags/weather_etl_dag.py
[2024-11-07T15:20:19.346+0000] {processor.py:799} INFO - Processing file /opt/airflow/dags/weather_etl_dag.py for tasks to queue
[2024-11-07T15:20:19.347+0000] {logging_mixin.py:149} INFO - [2024-11-07T15:20:19.347+0000] {dagbag.py:541} INFO - Filling up the DagBag from /opt/airflow/dags/weather_etl_dag.py
[2024-11-07T15:20:19.585+0000] {processor.py:809} INFO - DAG(s) dict_keys(['weather_etl']) retrieved from /opt/airflow/dags/weather_etl_dag.py
[2024-11-07T15:20:19.602+0000] {logging_mixin.py:149} INFO - [2024-11-07T15:20:19.602+0000] {dag.py:2726} INFO - Sync 1 DAGs
[2024-11-07T15:20:19.620+0000] {logging_mixin.py:149} INFO - [2024-11-07T15:20:19.620+0000] {dag.py:3490} INFO - Setting next_dagrun for weather_etl to 2024-11-07T00:00:00+00:00, run_after=2024-11-08T00:00:00+00:00
[2024-11-07T15:20:19.631+0000] {processor.py:178} INFO - Processing /opt/airflow/dags/weather_etl_dag.py took 0.291 seconds
[2024-11-07T15:20:49.880+0000] {processor.py:156} INFO - Started process (PID=417) to work on /opt/airflow/dags/weather_etl_dag.py
[2024-11-07T15:20:49.882+0000] {processor.py:799} INFO - Processing file /opt/airflow/dags/weather_etl_dag.py for tasks to queue
[2024-11-07T15:20:49.882+0000] {logging_mixin.py:149} INFO - [2024-11-07T15:20:49.882+0000] {dagbag.py:541} INFO - Filling up the DagBag from /opt/airflow/dags/weather_etl_dag.py
[2024-11-07T15:20:50.198+0000] {processor.py:809} INFO - DAG(s) dict_keys(['weather_etl']) retrieved from /opt/airflow/dags/weather_etl_dag.py
[2024-11-07T15:20:50.233+0000] {logging_mixin.py:149} INFO - [2024-11-07T15:20:50.233+0000] {dag.py:2726} INFO - Sync 1 DAGs
[2024-11-07T15:20:50.255+0000] {logging_mixin.py:149} INFO - [2024-11-07T15:20:50.254+0000] {dag.py:3490} INFO - Setting next_dagrun for weather_etl to 2024-11-07T00:00:00+00:00, run_after=2024-11-08T00:00:00+00:00
[2024-11-07T15:20:50.267+0000] {processor.py:178} INFO - Processing /opt/airflow/dags/weather_etl_dag.py took 0.392 seconds
[2024-11-07T15:21:20.593+0000] {processor.py:156} INFO - Started process (PID=426) to work on /opt/airflow/dags/weather_etl_dag.py
[2024-11-07T15:21:20.596+0000] {processor.py:799} INFO - Processing file /opt/airflow/dags/weather_etl_dag.py for tasks to queue
[2024-11-07T15:21:20.597+0000] {logging_mixin.py:149} INFO - [2024-11-07T15:21:20.597+0000] {dagbag.py:541} INFO - Filling up the DagBag from /opt/airflow/dags/weather_etl_dag.py
[2024-11-07T15:21:20.914+0000] {processor.py:809} INFO - DAG(s) dict_keys(['weather_etl']) retrieved from /opt/airflow/dags/weather_etl_dag.py
[2024-11-07T15:21:20.947+0000] {logging_mixin.py:149} INFO - [2024-11-07T15:21:20.946+0000] {dag.py:2726} INFO - Sync 1 DAGs
[2024-11-07T15:21:20.968+0000] {logging_mixin.py:149} INFO - [2024-11-07T15:21:20.968+0000] {dag.py:3490} INFO - Setting next_dagrun for weather_etl to 2024-11-07T00:00:00+00:00, run_after=2024-11-08T00:00:00+00:00
[2024-11-07T15:21:20.981+0000] {processor.py:178} INFO - Processing /opt/airflow/dags/weather_etl_dag.py took 0.401 seconds
[2024-11-07T15:21:51.288+0000] {processor.py:156} INFO - Started process (PID=435) to work on /opt/airflow/dags/weather_etl_dag.py
[2024-11-07T15:21:51.290+0000] {processor.py:799} INFO - Processing file /opt/airflow/dags/weather_etl_dag.py for tasks to queue
[2024-11-07T15:21:51.292+0000] {logging_mixin.py:149} INFO - [2024-11-07T15:21:51.292+0000] {dagbag.py:541} INFO - Filling up the DagBag from /opt/airflow/dags/weather_etl_dag.py
[2024-11-07T15:21:51.743+0000] {processor.py:809} INFO - DAG(s) dict_keys(['weather_etl']) retrieved from /opt/airflow/dags/weather_etl_dag.py
[2024-11-07T15:21:51.789+0000] {logging_mixin.py:149} INFO - [2024-11-07T15:21:51.788+0000] {dag.py:2726} INFO - Sync 1 DAGs
[2024-11-07T15:21:51.826+0000] {logging_mixin.py:149} INFO - [2024-11-07T15:21:51.826+0000] {dag.py:3490} INFO - Setting next_dagrun for weather_etl to 2024-11-07T00:00:00+00:00, run_after=2024-11-08T00:00:00+00:00
[2024-11-07T15:21:51.847+0000] {processor.py:178} INFO - Processing /opt/airflow/dags/weather_etl_dag.py took 0.568 seconds
[2024-11-07T15:22:22.189+0000] {processor.py:156} INFO - Started process (PID=444) to work on /opt/airflow/dags/weather_etl_dag.py
[2024-11-07T15:22:22.190+0000] {processor.py:799} INFO - Processing file /opt/airflow/dags/weather_etl_dag.py for tasks to queue
[2024-11-07T15:22:22.191+0000] {logging_mixin.py:149} INFO - [2024-11-07T15:22:22.191+0000] {dagbag.py:541} INFO - Filling up the DagBag from /opt/airflow/dags/weather_etl_dag.py
[2024-11-07T15:22:22.477+0000] {processor.py:809} INFO - DAG(s) dict_keys(['weather_etl']) retrieved from /opt/airflow/dags/weather_etl_dag.py
[2024-11-07T15:22:22.504+0000] {logging_mixin.py:149} INFO - [2024-11-07T15:22:22.504+0000] {dag.py:2726} INFO - Sync 1 DAGs
[2024-11-07T15:22:22.524+0000] {logging_mixin.py:149} INFO - [2024-11-07T15:22:22.524+0000] {dag.py:3490} INFO - Setting next_dagrun for weather_etl to 2024-11-07T00:00:00+00:00, run_after=2024-11-08T00:00:00+00:00
[2024-11-07T15:22:22.535+0000] {processor.py:178} INFO - Processing /opt/airflow/dags/weather_etl_dag.py took 0.351 seconds
[2024-11-07T15:22:52.827+0000] {processor.py:156} INFO - Started process (PID=453) to work on /opt/airflow/dags/weather_etl_dag.py
[2024-11-07T15:22:52.829+0000] {processor.py:799} INFO - Processing file /opt/airflow/dags/weather_etl_dag.py for tasks to queue
[2024-11-07T15:22:52.830+0000] {logging_mixin.py:149} INFO - [2024-11-07T15:22:52.830+0000] {dagbag.py:541} INFO - Filling up the DagBag from /opt/airflow/dags/weather_etl_dag.py
[2024-11-07T15:22:53.148+0000] {processor.py:809} INFO - DAG(s) dict_keys(['weather_etl']) retrieved from /opt/airflow/dags/weather_etl_dag.py
[2024-11-07T15:22:53.176+0000] {logging_mixin.py:149} INFO - [2024-11-07T15:22:53.176+0000] {dag.py:2726} INFO - Sync 1 DAGs
[2024-11-07T15:22:53.196+0000] {logging_mixin.py:149} INFO - [2024-11-07T15:22:53.196+0000] {dag.py:3490} INFO - Setting next_dagrun for weather_etl to 2024-11-07T00:00:00+00:00, run_after=2024-11-08T00:00:00+00:00
[2024-11-07T15:22:53.209+0000] {processor.py:178} INFO - Processing /opt/airflow/dags/weather_etl_dag.py took 0.390 seconds
[2024-11-07T15:23:23.476+0000] {processor.py:156} INFO - Started process (PID=462) to work on /opt/airflow/dags/weather_etl_dag.py
[2024-11-07T15:23:23.478+0000] {processor.py:799} INFO - Processing file /opt/airflow/dags/weather_etl_dag.py for tasks to queue
[2024-11-07T15:23:23.479+0000] {logging_mixin.py:149} INFO - [2024-11-07T15:23:23.479+0000] {dagbag.py:541} INFO - Filling up the DagBag from /opt/airflow/dags/weather_etl_dag.py
[2024-11-07T15:23:23.772+0000] {processor.py:809} INFO - DAG(s) dict_keys(['weather_etl']) retrieved from /opt/airflow/dags/weather_etl_dag.py
[2024-11-07T15:23:23.800+0000] {logging_mixin.py:149} INFO - [2024-11-07T15:23:23.799+0000] {dag.py:2726} INFO - Sync 1 DAGs
[2024-11-07T15:23:23.821+0000] {logging_mixin.py:149} INFO - [2024-11-07T15:23:23.821+0000] {dag.py:3490} INFO - Setting next_dagrun for weather_etl to 2024-11-07T00:00:00+00:00, run_after=2024-11-08T00:00:00+00:00
[2024-11-07T15:23:23.833+0000] {processor.py:178} INFO - Processing /opt/airflow/dags/weather_etl_dag.py took 0.363 seconds
[2024-11-07T15:23:54.122+0000] {processor.py:156} INFO - Started process (PID=471) to work on /opt/airflow/dags/weather_etl_dag.py
[2024-11-07T15:23:54.122+0000] {processor.py:799} INFO - Processing file /opt/airflow/dags/weather_etl_dag.py for tasks to queue
[2024-11-07T15:23:54.123+0000] {logging_mixin.py:149} INFO - [2024-11-07T15:23:54.123+0000] {dagbag.py:541} INFO - Filling up the DagBag from /opt/airflow/dags/weather_etl_dag.py
[2024-11-07T15:23:54.351+0000] {processor.py:809} INFO - DAG(s) dict_keys(['weather_etl']) retrieved from /opt/airflow/dags/weather_etl_dag.py
[2024-11-07T15:23:54.373+0000] {logging_mixin.py:149} INFO - [2024-11-07T15:23:54.373+0000] {dag.py:2726} INFO - Sync 1 DAGs
[2024-11-07T15:23:54.392+0000] {logging_mixin.py:149} INFO - [2024-11-07T15:23:54.392+0000] {dag.py:3490} INFO - Setting next_dagrun for weather_etl to 2024-11-07T00:00:00+00:00, run_after=2024-11-08T00:00:00+00:00
[2024-11-07T15:23:54.404+0000] {processor.py:178} INFO - Processing /opt/airflow/dags/weather_etl_dag.py took 0.285 seconds
[2024-11-07T15:24:24.691+0000] {processor.py:156} INFO - Started process (PID=480) to work on /opt/airflow/dags/weather_etl_dag.py
[2024-11-07T15:24:24.692+0000] {processor.py:799} INFO - Processing file /opt/airflow/dags/weather_etl_dag.py for tasks to queue
[2024-11-07T15:24:24.692+0000] {logging_mixin.py:149} INFO - [2024-11-07T15:24:24.692+0000] {dagbag.py:541} INFO - Filling up the DagBag from /opt/airflow/dags/weather_etl_dag.py
[2024-11-07T15:24:24.992+0000] {processor.py:809} INFO - DAG(s) dict_keys(['weather_etl']) retrieved from /opt/airflow/dags/weather_etl_dag.py
[2024-11-07T15:24:25.016+0000] {logging_mixin.py:149} INFO - [2024-11-07T15:24:25.016+0000] {dag.py:2726} INFO - Sync 1 DAGs
[2024-11-07T15:24:25.036+0000] {logging_mixin.py:149} INFO - [2024-11-07T15:24:25.036+0000] {dag.py:3490} INFO - Setting next_dagrun for weather_etl to 2024-11-07T00:00:00+00:00, run_after=2024-11-08T00:00:00+00:00
[2024-11-07T15:24:25.047+0000] {processor.py:178} INFO - Processing /opt/airflow/dags/weather_etl_dag.py took 0.362 seconds
[2024-11-07T15:24:55.337+0000] {processor.py:156} INFO - Started process (PID=489) to work on /opt/airflow/dags/weather_etl_dag.py
[2024-11-07T15:24:55.343+0000] {processor.py:799} INFO - Processing file /opt/airflow/dags/weather_etl_dag.py for tasks to queue
[2024-11-07T15:24:55.345+0000] {logging_mixin.py:149} INFO - [2024-11-07T15:24:55.345+0000] {dagbag.py:541} INFO - Filling up the DagBag from /opt/airflow/dags/weather_etl_dag.py
[2024-11-07T15:24:55.785+0000] {processor.py:809} INFO - DAG(s) dict_keys(['weather_etl']) retrieved from /opt/airflow/dags/weather_etl_dag.py
[2024-11-07T15:24:55.820+0000] {logging_mixin.py:149} INFO - [2024-11-07T15:24:55.819+0000] {dag.py:2726} INFO - Sync 1 DAGs
[2024-11-07T15:24:55.849+0000] {logging_mixin.py:149} INFO - [2024-11-07T15:24:55.849+0000] {dag.py:3490} INFO - Setting next_dagrun for weather_etl to 2024-11-07T00:00:00+00:00, run_after=2024-11-08T00:00:00+00:00
[2024-11-07T15:24:55.876+0000] {processor.py:178} INFO - Processing /opt/airflow/dags/weather_etl_dag.py took 0.546 seconds
[2024-11-07T15:25:26.169+0000] {processor.py:156} INFO - Started process (PID=498) to work on /opt/airflow/dags/weather_etl_dag.py
[2024-11-07T15:25:26.170+0000] {processor.py:799} INFO - Processing file /opt/airflow/dags/weather_etl_dag.py for tasks to queue
[2024-11-07T15:25:26.170+0000] {logging_mixin.py:149} INFO - [2024-11-07T15:25:26.170+0000] {dagbag.py:541} INFO - Filling up the DagBag from /opt/airflow/dags/weather_etl_dag.py
[2024-11-07T15:25:26.536+0000] {processor.py:809} INFO - DAG(s) dict_keys(['weather_etl']) retrieved from /opt/airflow/dags/weather_etl_dag.py
[2024-11-07T15:25:26.562+0000] {logging_mixin.py:149} INFO - [2024-11-07T15:25:26.562+0000] {dag.py:2726} INFO - Sync 1 DAGs
[2024-11-07T15:25:26.581+0000] {logging_mixin.py:149} INFO - [2024-11-07T15:25:26.581+0000] {dag.py:3490} INFO - Setting next_dagrun for weather_etl to 2024-11-07T00:00:00+00:00, run_after=2024-11-08T00:00:00+00:00
[2024-11-07T15:25:26.593+0000] {processor.py:178} INFO - Processing /opt/airflow/dags/weather_etl_dag.py took 0.428 seconds
[2024-11-07T15:25:56.822+0000] {processor.py:156} INFO - Started process (PID=507) to work on /opt/airflow/dags/weather_etl_dag.py
[2024-11-07T15:25:56.823+0000] {processor.py:799} INFO - Processing file /opt/airflow/dags/weather_etl_dag.py for tasks to queue
[2024-11-07T15:25:56.823+0000] {logging_mixin.py:149} INFO - [2024-11-07T15:25:56.823+0000] {dagbag.py:541} INFO - Filling up the DagBag from /opt/airflow/dags/weather_etl_dag.py
[2024-11-07T15:25:57.158+0000] {processor.py:809} INFO - DAG(s) dict_keys(['weather_etl']) retrieved from /opt/airflow/dags/weather_etl_dag.py
[2024-11-07T15:25:57.183+0000] {logging_mixin.py:149} INFO - [2024-11-07T15:25:57.182+0000] {dag.py:2726} INFO - Sync 1 DAGs
[2024-11-07T15:25:57.203+0000] {logging_mixin.py:149} INFO - [2024-11-07T15:25:57.203+0000] {dag.py:3490} INFO - Setting next_dagrun for weather_etl to 2024-11-07T00:00:00+00:00, run_after=2024-11-08T00:00:00+00:00
[2024-11-07T15:25:57.216+0000] {processor.py:178} INFO - Processing /opt/airflow/dags/weather_etl_dag.py took 0.397 seconds
[2024-11-07T15:26:27.575+0000] {processor.py:156} INFO - Started process (PID=516) to work on /opt/airflow/dags/weather_etl_dag.py
[2024-11-07T15:26:27.577+0000] {processor.py:799} INFO - Processing file /opt/airflow/dags/weather_etl_dag.py for tasks to queue
[2024-11-07T15:26:27.578+0000] {logging_mixin.py:149} INFO - [2024-11-07T15:26:27.578+0000] {dagbag.py:541} INFO - Filling up the DagBag from /opt/airflow/dags/weather_etl_dag.py
[2024-11-07T15:26:27.883+0000] {processor.py:809} INFO - DAG(s) dict_keys(['weather_etl']) retrieved from /opt/airflow/dags/weather_etl_dag.py
[2024-11-07T15:26:27.931+0000] {logging_mixin.py:149} INFO - [2024-11-07T15:26:27.930+0000] {dag.py:2726} INFO - Sync 1 DAGs
[2024-11-07T15:26:27.958+0000] {logging_mixin.py:149} INFO - [2024-11-07T15:26:27.957+0000] {dag.py:3490} INFO - Setting next_dagrun for weather_etl to 2024-11-07T00:00:00+00:00, run_after=2024-11-08T00:00:00+00:00
[2024-11-07T15:26:27.970+0000] {processor.py:178} INFO - Processing /opt/airflow/dags/weather_etl_dag.py took 0.402 seconds
[2024-11-07T15:26:58.257+0000] {processor.py:156} INFO - Started process (PID=525) to work on /opt/airflow/dags/weather_etl_dag.py
[2024-11-07T15:26:58.262+0000] {processor.py:799} INFO - Processing file /opt/airflow/dags/weather_etl_dag.py for tasks to queue
[2024-11-07T15:26:58.263+0000] {logging_mixin.py:149} INFO - [2024-11-07T15:26:58.263+0000] {dagbag.py:541} INFO - Filling up the DagBag from /opt/airflow/dags/weather_etl_dag.py
[2024-11-07T15:26:58.617+0000] {processor.py:809} INFO - DAG(s) dict_keys(['weather_etl']) retrieved from /opt/airflow/dags/weather_etl_dag.py
[2024-11-07T15:26:58.648+0000] {logging_mixin.py:149} INFO - [2024-11-07T15:26:58.648+0000] {dag.py:2726} INFO - Sync 1 DAGs
[2024-11-07T15:26:58.672+0000] {logging_mixin.py:149} INFO - [2024-11-07T15:26:58.672+0000] {dag.py:3490} INFO - Setting next_dagrun for weather_etl to 2024-11-07T00:00:00+00:00, run_after=2024-11-08T00:00:00+00:00
[2024-11-07T15:26:58.686+0000] {processor.py:178} INFO - Processing /opt/airflow/dags/weather_etl_dag.py took 0.440 seconds
[2024-11-07T15:27:28.985+0000] {processor.py:156} INFO - Started process (PID=534) to work on /opt/airflow/dags/weather_etl_dag.py
[2024-11-07T15:27:28.987+0000] {processor.py:799} INFO - Processing file /opt/airflow/dags/weather_etl_dag.py for tasks to queue
[2024-11-07T15:27:28.988+0000] {logging_mixin.py:149} INFO - [2024-11-07T15:27:28.988+0000] {dagbag.py:541} INFO - Filling up the DagBag from /opt/airflow/dags/weather_etl_dag.py
[2024-11-07T15:27:29.306+0000] {processor.py:809} INFO - DAG(s) dict_keys(['weather_etl']) retrieved from /opt/airflow/dags/weather_etl_dag.py
[2024-11-07T15:27:29.335+0000] {logging_mixin.py:149} INFO - [2024-11-07T15:27:29.334+0000] {dag.py:2726} INFO - Sync 1 DAGs
[2024-11-07T15:27:29.354+0000] {logging_mixin.py:149} INFO - [2024-11-07T15:27:29.354+0000] {dag.py:3490} INFO - Setting next_dagrun for weather_etl to 2024-11-07T00:00:00+00:00, run_after=2024-11-08T00:00:00+00:00
[2024-11-07T15:27:29.366+0000] {processor.py:178} INFO - Processing /opt/airflow/dags/weather_etl_dag.py took 0.387 seconds
[2024-11-07T15:27:59.631+0000] {processor.py:156} INFO - Started process (PID=543) to work on /opt/airflow/dags/weather_etl_dag.py
[2024-11-07T15:27:59.633+0000] {processor.py:799} INFO - Processing file /opt/airflow/dags/weather_etl_dag.py for tasks to queue
[2024-11-07T15:27:59.634+0000] {logging_mixin.py:149} INFO - [2024-11-07T15:27:59.634+0000] {dagbag.py:541} INFO - Filling up the DagBag from /opt/airflow/dags/weather_etl_dag.py
[2024-11-07T15:27:59.928+0000] {processor.py:809} INFO - DAG(s) dict_keys(['weather_etl']) retrieved from /opt/airflow/dags/weather_etl_dag.py
[2024-11-07T15:27:59.971+0000] {logging_mixin.py:149} INFO - [2024-11-07T15:27:59.971+0000] {dag.py:2726} INFO - Sync 1 DAGs
[2024-11-07T15:27:59.992+0000] {logging_mixin.py:149} INFO - [2024-11-07T15:27:59.992+0000] {dag.py:3490} INFO - Setting next_dagrun for weather_etl to 2024-11-07T00:00:00+00:00, run_after=2024-11-08T00:00:00+00:00
[2024-11-07T15:28:00.005+0000] {processor.py:178} INFO - Processing /opt/airflow/dags/weather_etl_dag.py took 0.380 seconds
[2024-11-07T15:28:30.300+0000] {processor.py:156} INFO - Started process (PID=552) to work on /opt/airflow/dags/weather_etl_dag.py
[2024-11-07T15:28:30.303+0000] {processor.py:799} INFO - Processing file /opt/airflow/dags/weather_etl_dag.py for tasks to queue
[2024-11-07T15:28:30.304+0000] {logging_mixin.py:149} INFO - [2024-11-07T15:28:30.304+0000] {dagbag.py:541} INFO - Filling up the DagBag from /opt/airflow/dags/weather_etl_dag.py
[2024-11-07T15:28:30.616+0000] {processor.py:809} INFO - DAG(s) dict_keys(['weather_etl']) retrieved from /opt/airflow/dags/weather_etl_dag.py
[2024-11-07T15:28:30.652+0000] {logging_mixin.py:149} INFO - [2024-11-07T15:28:30.652+0000] {dag.py:2726} INFO - Sync 1 DAGs
[2024-11-07T15:28:30.675+0000] {logging_mixin.py:149} INFO - [2024-11-07T15:28:30.675+0000] {dag.py:3490} INFO - Setting next_dagrun for weather_etl to 2024-11-07T00:00:00+00:00, run_after=2024-11-08T00:00:00+00:00
[2024-11-07T15:28:30.688+0000] {processor.py:178} INFO - Processing /opt/airflow/dags/weather_etl_dag.py took 0.395 seconds
[2024-11-07T15:29:00.963+0000] {processor.py:156} INFO - Started process (PID=561) to work on /opt/airflow/dags/weather_etl_dag.py
[2024-11-07T15:29:00.965+0000] {processor.py:799} INFO - Processing file /opt/airflow/dags/weather_etl_dag.py for tasks to queue
[2024-11-07T15:29:00.965+0000] {logging_mixin.py:149} INFO - [2024-11-07T15:29:00.965+0000] {dagbag.py:541} INFO - Filling up the DagBag from /opt/airflow/dags/weather_etl_dag.py
[2024-11-07T15:29:01.289+0000] {processor.py:809} INFO - DAG(s) dict_keys(['weather_etl']) retrieved from /opt/airflow/dags/weather_etl_dag.py
[2024-11-07T15:29:01.319+0000] {logging_mixin.py:149} INFO - [2024-11-07T15:29:01.319+0000] {dag.py:2726} INFO - Sync 1 DAGs
[2024-11-07T15:29:01.353+0000] {logging_mixin.py:149} INFO - [2024-11-07T15:29:01.353+0000] {dag.py:3490} INFO - Setting next_dagrun for weather_etl to 2024-11-07T00:00:00+00:00, run_after=2024-11-08T00:00:00+00:00
[2024-11-07T15:29:01.368+0000] {processor.py:178} INFO - Processing /opt/airflow/dags/weather_etl_dag.py took 0.409 seconds
[2024-11-07T15:29:31.642+0000] {processor.py:156} INFO - Started process (PID=570) to work on /opt/airflow/dags/weather_etl_dag.py
[2024-11-07T15:29:31.643+0000] {processor.py:799} INFO - Processing file /opt/airflow/dags/weather_etl_dag.py for tasks to queue
[2024-11-07T15:29:31.643+0000] {logging_mixin.py:149} INFO - [2024-11-07T15:29:31.643+0000] {dagbag.py:541} INFO - Filling up the DagBag from /opt/airflow/dags/weather_etl_dag.py
[2024-11-07T15:29:31.881+0000] {processor.py:809} INFO - DAG(s) dict_keys(['weather_etl']) retrieved from /opt/airflow/dags/weather_etl_dag.py
[2024-11-07T15:29:31.900+0000] {logging_mixin.py:149} INFO - [2024-11-07T15:29:31.899+0000] {dag.py:2726} INFO - Sync 1 DAGs
[2024-11-07T15:29:31.920+0000] {logging_mixin.py:149} INFO - [2024-11-07T15:29:31.920+0000] {dag.py:3490} INFO - Setting next_dagrun for weather_etl to 2024-11-07T00:00:00+00:00, run_after=2024-11-08T00:00:00+00:00
[2024-11-07T15:29:31.936+0000] {processor.py:178} INFO - Processing /opt/airflow/dags/weather_etl_dag.py took 0.297 seconds
[2024-11-07T15:30:02.239+0000] {processor.py:156} INFO - Started process (PID=579) to work on /opt/airflow/dags/weather_etl_dag.py
[2024-11-07T15:30:02.242+0000] {processor.py:799} INFO - Processing file /opt/airflow/dags/weather_etl_dag.py for tasks to queue
[2024-11-07T15:30:02.243+0000] {logging_mixin.py:149} INFO - [2024-11-07T15:30:02.243+0000] {dagbag.py:541} INFO - Filling up the DagBag from /opt/airflow/dags/weather_etl_dag.py
[2024-11-07T15:30:02.571+0000] {processor.py:809} INFO - DAG(s) dict_keys(['weather_etl']) retrieved from /opt/airflow/dags/weather_etl_dag.py
[2024-11-07T15:30:02.597+0000] {logging_mixin.py:149} INFO - [2024-11-07T15:30:02.597+0000] {dag.py:2726} INFO - Sync 1 DAGs
[2024-11-07T15:30:02.620+0000] {logging_mixin.py:149} INFO - [2024-11-07T15:30:02.620+0000] {dag.py:3490} INFO - Setting next_dagrun for weather_etl to 2024-11-07T00:00:00+00:00, run_after=2024-11-08T00:00:00+00:00
[2024-11-07T15:30:02.635+0000] {processor.py:178} INFO - Processing /opt/airflow/dags/weather_etl_dag.py took 0.404 seconds
