[2024-11-13T14:43:06.202+0000] {processor.py:156} INFO - Started process (PID=30) to work on /opt/airflow/dags/weather_etl_dag.py
[2024-11-13T14:43:06.205+0000] {processor.py:799} INFO - Processing file /opt/airflow/dags/weather_etl_dag.py for tasks to queue
[2024-11-13T14:43:06.206+0000] {logging_mixin.py:149} INFO - [2024-11-13T14:43:06.206+0000] {dagbag.py:541} INFO - Filling up the DagBag from /opt/airflow/dags/weather_etl_dag.py
[2024-11-13T14:43:07.897+0000] {processor.py:809} INFO - DAG(s) dict_keys(['weather_etl']) retrieved from /opt/airflow/dags/weather_etl_dag.py
[2024-11-13T14:43:07.947+0000] {logging_mixin.py:149} INFO - [2024-11-13T14:43:07.947+0000] {dag.py:2726} INFO - Sync 1 DAGs
[2024-11-13T14:43:07.972+0000] {logging_mixin.py:149} INFO - [2024-11-13T14:43:07.972+0000] {dag.py:3490} INFO - Setting next_dagrun for weather_etl to 2024-11-13T00:00:00+00:00, run_after=2024-11-14T00:00:00+00:00
[2024-11-13T14:43:07.989+0000] {processor.py:178} INFO - Processing /opt/airflow/dags/weather_etl_dag.py took 1.791 seconds
[2024-11-13T14:43:38.329+0000] {processor.py:156} INFO - Started process (PID=47) to work on /opt/airflow/dags/weather_etl_dag.py
[2024-11-13T14:43:38.331+0000] {processor.py:799} INFO - Processing file /opt/airflow/dags/weather_etl_dag.py for tasks to queue
[2024-11-13T14:43:38.332+0000] {logging_mixin.py:149} INFO - [2024-11-13T14:43:38.332+0000] {dagbag.py:541} INFO - Filling up the DagBag from /opt/airflow/dags/weather_etl_dag.py
[2024-11-13T14:43:38.756+0000] {processor.py:809} INFO - DAG(s) dict_keys(['weather_etl']) retrieved from /opt/airflow/dags/weather_etl_dag.py
[2024-11-13T14:43:38.789+0000] {logging_mixin.py:149} INFO - [2024-11-13T14:43:38.788+0000] {dag.py:2726} INFO - Sync 1 DAGs
[2024-11-13T14:43:38.813+0000] {logging_mixin.py:149} INFO - [2024-11-13T14:43:38.812+0000] {dag.py:3490} INFO - Setting next_dagrun for weather_etl to 2024-11-13T00:00:00+00:00, run_after=2024-11-14T00:00:00+00:00
[2024-11-13T14:43:38.828+0000] {processor.py:178} INFO - Processing /opt/airflow/dags/weather_etl_dag.py took 0.512 seconds
[2024-11-13T14:44:09.002+0000] {processor.py:156} INFO - Started process (PID=56) to work on /opt/airflow/dags/weather_etl_dag.py
[2024-11-13T14:44:09.004+0000] {processor.py:799} INFO - Processing file /opt/airflow/dags/weather_etl_dag.py for tasks to queue
[2024-11-13T14:44:09.006+0000] {logging_mixin.py:149} INFO - [2024-11-13T14:44:09.006+0000] {dagbag.py:541} INFO - Filling up the DagBag from /opt/airflow/dags/weather_etl_dag.py
[2024-11-13T14:44:09.833+0000] {processor.py:809} INFO - DAG(s) dict_keys(['weather_etl']) retrieved from /opt/airflow/dags/weather_etl_dag.py
[2024-11-13T14:44:09.887+0000] {logging_mixin.py:149} INFO - [2024-11-13T14:44:09.886+0000] {dag.py:2726} INFO - Sync 1 DAGs
[2024-11-13T14:44:09.977+0000] {logging_mixin.py:149} INFO - [2024-11-13T14:44:09.977+0000] {dag.py:3490} INFO - Setting next_dagrun for weather_etl to 2024-11-13T00:00:00+00:00, run_after=2024-11-14T00:00:00+00:00
[2024-11-13T14:44:10.017+0000] {processor.py:178} INFO - Processing /opt/airflow/dags/weather_etl_dag.py took 1.021 seconds
[2024-11-13T14:44:40.303+0000] {processor.py:156} INFO - Started process (PID=65) to work on /opt/airflow/dags/weather_etl_dag.py
[2024-11-13T14:44:40.306+0000] {processor.py:799} INFO - Processing file /opt/airflow/dags/weather_etl_dag.py for tasks to queue
[2024-11-13T14:44:40.307+0000] {logging_mixin.py:149} INFO - [2024-11-13T14:44:40.307+0000] {dagbag.py:541} INFO - Filling up the DagBag from /opt/airflow/dags/weather_etl_dag.py
[2024-11-13T14:44:40.673+0000] {processor.py:809} INFO - DAG(s) dict_keys(['weather_etl']) retrieved from /opt/airflow/dags/weather_etl_dag.py
[2024-11-13T14:44:40.704+0000] {logging_mixin.py:149} INFO - [2024-11-13T14:44:40.704+0000] {dag.py:2726} INFO - Sync 1 DAGs
[2024-11-13T14:44:40.736+0000] {logging_mixin.py:149} INFO - [2024-11-13T14:44:40.736+0000] {dag.py:3490} INFO - Setting next_dagrun for weather_etl to 2024-11-13T00:00:00+00:00, run_after=2024-11-14T00:00:00+00:00
[2024-11-13T14:44:40.754+0000] {processor.py:178} INFO - Processing /opt/airflow/dags/weather_etl_dag.py took 0.456 seconds
[2024-11-13T14:45:11.102+0000] {processor.py:156} INFO - Started process (PID=74) to work on /opt/airflow/dags/weather_etl_dag.py
[2024-11-13T14:45:11.103+0000] {processor.py:799} INFO - Processing file /opt/airflow/dags/weather_etl_dag.py for tasks to queue
[2024-11-13T14:45:11.105+0000] {logging_mixin.py:149} INFO - [2024-11-13T14:45:11.104+0000] {dagbag.py:541} INFO - Filling up the DagBag from /opt/airflow/dags/weather_etl_dag.py
[2024-11-13T14:45:11.483+0000] {processor.py:809} INFO - DAG(s) dict_keys(['weather_etl']) retrieved from /opt/airflow/dags/weather_etl_dag.py
[2024-11-13T14:45:11.523+0000] {logging_mixin.py:149} INFO - [2024-11-13T14:45:11.523+0000] {dag.py:2726} INFO - Sync 1 DAGs
[2024-11-13T14:45:11.550+0000] {logging_mixin.py:149} INFO - [2024-11-13T14:45:11.550+0000] {dag.py:3490} INFO - Setting next_dagrun for weather_etl to 2024-11-13T00:00:00+00:00, run_after=2024-11-14T00:00:00+00:00
[2024-11-13T14:45:11.565+0000] {processor.py:178} INFO - Processing /opt/airflow/dags/weather_etl_dag.py took 0.472 seconds
[2024-11-13T14:45:41.892+0000] {processor.py:156} INFO - Started process (PID=83) to work on /opt/airflow/dags/weather_etl_dag.py
[2024-11-13T14:45:41.894+0000] {processor.py:799} INFO - Processing file /opt/airflow/dags/weather_etl_dag.py for tasks to queue
[2024-11-13T14:45:41.896+0000] {logging_mixin.py:149} INFO - [2024-11-13T14:45:41.895+0000] {dagbag.py:541} INFO - Filling up the DagBag from /opt/airflow/dags/weather_etl_dag.py
[2024-11-13T14:45:42.188+0000] {processor.py:809} INFO - DAG(s) dict_keys(['weather_etl']) retrieved from /opt/airflow/dags/weather_etl_dag.py
[2024-11-13T14:45:42.210+0000] {logging_mixin.py:149} INFO - [2024-11-13T14:45:42.210+0000] {dag.py:2726} INFO - Sync 1 DAGs
[2024-11-13T14:45:42.231+0000] {logging_mixin.py:149} INFO - [2024-11-13T14:45:42.230+0000] {dag.py:3490} INFO - Setting next_dagrun for weather_etl to 2024-11-13T00:00:00+00:00, run_after=2024-11-14T00:00:00+00:00
[2024-11-13T14:45:42.244+0000] {processor.py:178} INFO - Processing /opt/airflow/dags/weather_etl_dag.py took 0.360 seconds
[2024-11-13T14:46:12.602+0000] {processor.py:156} INFO - Started process (PID=92) to work on /opt/airflow/dags/weather_etl_dag.py
[2024-11-13T14:46:12.605+0000] {processor.py:799} INFO - Processing file /opt/airflow/dags/weather_etl_dag.py for tasks to queue
[2024-11-13T14:46:12.606+0000] {logging_mixin.py:149} INFO - [2024-11-13T14:46:12.606+0000] {dagbag.py:541} INFO - Filling up the DagBag from /opt/airflow/dags/weather_etl_dag.py
[2024-11-13T14:46:12.967+0000] {processor.py:809} INFO - DAG(s) dict_keys(['weather_etl']) retrieved from /opt/airflow/dags/weather_etl_dag.py
[2024-11-13T14:46:13.006+0000] {logging_mixin.py:149} INFO - [2024-11-13T14:46:13.006+0000] {dag.py:2726} INFO - Sync 1 DAGs
[2024-11-13T14:46:13.031+0000] {logging_mixin.py:149} INFO - [2024-11-13T14:46:13.031+0000] {dag.py:3490} INFO - Setting next_dagrun for weather_etl to 2024-11-13T00:00:00+00:00, run_after=2024-11-14T00:00:00+00:00
[2024-11-13T14:46:13.047+0000] {processor.py:178} INFO - Processing /opt/airflow/dags/weather_etl_dag.py took 0.462 seconds
[2024-11-13T14:46:43.356+0000] {processor.py:156} INFO - Started process (PID=101) to work on /opt/airflow/dags/weather_etl_dag.py
[2024-11-13T14:46:43.358+0000] {processor.py:799} INFO - Processing file /opt/airflow/dags/weather_etl_dag.py for tasks to queue
[2024-11-13T14:46:43.359+0000] {logging_mixin.py:149} INFO - [2024-11-13T14:46:43.359+0000] {dagbag.py:541} INFO - Filling up the DagBag from /opt/airflow/dags/weather_etl_dag.py
[2024-11-13T14:46:43.631+0000] {processor.py:809} INFO - DAG(s) dict_keys(['weather_etl']) retrieved from /opt/airflow/dags/weather_etl_dag.py
[2024-11-13T14:46:43.652+0000] {logging_mixin.py:149} INFO - [2024-11-13T14:46:43.652+0000] {dag.py:2726} INFO - Sync 1 DAGs
[2024-11-13T14:46:43.674+0000] {logging_mixin.py:149} INFO - [2024-11-13T14:46:43.673+0000] {dag.py:3490} INFO - Setting next_dagrun for weather_etl to 2024-11-13T00:00:00+00:00, run_after=2024-11-14T00:00:00+00:00
[2024-11-13T14:46:43.689+0000] {processor.py:178} INFO - Processing /opt/airflow/dags/weather_etl_dag.py took 0.337 seconds
[2024-11-13T14:47:13.969+0000] {processor.py:156} INFO - Started process (PID=110) to work on /opt/airflow/dags/weather_etl_dag.py
[2024-11-13T14:47:13.972+0000] {processor.py:799} INFO - Processing file /opt/airflow/dags/weather_etl_dag.py for tasks to queue
[2024-11-13T14:47:13.973+0000] {logging_mixin.py:149} INFO - [2024-11-13T14:47:13.973+0000] {dagbag.py:541} INFO - Filling up the DagBag from /opt/airflow/dags/weather_etl_dag.py
[2024-11-13T14:47:14.344+0000] {processor.py:809} INFO - DAG(s) dict_keys(['weather_etl']) retrieved from /opt/airflow/dags/weather_etl_dag.py
[2024-11-13T14:47:14.380+0000] {logging_mixin.py:149} INFO - [2024-11-13T14:47:14.380+0000] {dag.py:2726} INFO - Sync 1 DAGs
[2024-11-13T14:47:14.406+0000] {logging_mixin.py:149} INFO - [2024-11-13T14:47:14.406+0000] {dag.py:3490} INFO - Setting next_dagrun for weather_etl to 2024-11-13T00:00:00+00:00, run_after=2024-11-14T00:00:00+00:00
[2024-11-13T14:47:14.422+0000] {processor.py:178} INFO - Processing /opt/airflow/dags/weather_etl_dag.py took 0.463 seconds
[2024-11-13T14:47:44.717+0000] {processor.py:156} INFO - Started process (PID=119) to work on /opt/airflow/dags/weather_etl_dag.py
[2024-11-13T14:47:44.719+0000] {processor.py:799} INFO - Processing file /opt/airflow/dags/weather_etl_dag.py for tasks to queue
[2024-11-13T14:47:44.720+0000] {logging_mixin.py:149} INFO - [2024-11-13T14:47:44.720+0000] {dagbag.py:541} INFO - Filling up the DagBag from /opt/airflow/dags/weather_etl_dag.py
[2024-11-13T14:47:44.988+0000] {processor.py:809} INFO - DAG(s) dict_keys(['weather_etl']) retrieved from /opt/airflow/dags/weather_etl_dag.py
[2024-11-13T14:47:45.009+0000] {logging_mixin.py:149} INFO - [2024-11-13T14:47:45.009+0000] {dag.py:2726} INFO - Sync 1 DAGs
[2024-11-13T14:47:45.030+0000] {logging_mixin.py:149} INFO - [2024-11-13T14:47:45.030+0000] {dag.py:3490} INFO - Setting next_dagrun for weather_etl to 2024-11-13T00:00:00+00:00, run_after=2024-11-14T00:00:00+00:00
[2024-11-13T14:47:45.043+0000] {processor.py:178} INFO - Processing /opt/airflow/dags/weather_etl_dag.py took 0.331 seconds
[2024-11-13T14:48:15.397+0000] {processor.py:156} INFO - Started process (PID=128) to work on /opt/airflow/dags/weather_etl_dag.py
[2024-11-13T14:48:15.400+0000] {processor.py:799} INFO - Processing file /opt/airflow/dags/weather_etl_dag.py for tasks to queue
[2024-11-13T14:48:15.401+0000] {logging_mixin.py:149} INFO - [2024-11-13T14:48:15.401+0000] {dagbag.py:541} INFO - Filling up the DagBag from /opt/airflow/dags/weather_etl_dag.py
[2024-11-13T14:48:15.761+0000] {processor.py:809} INFO - DAG(s) dict_keys(['weather_etl']) retrieved from /opt/airflow/dags/weather_etl_dag.py
[2024-11-13T14:48:15.797+0000] {logging_mixin.py:149} INFO - [2024-11-13T14:48:15.797+0000] {dag.py:2726} INFO - Sync 1 DAGs
[2024-11-13T14:48:15.825+0000] {logging_mixin.py:149} INFO - [2024-11-13T14:48:15.825+0000] {dag.py:3490} INFO - Setting next_dagrun for weather_etl to 2024-11-13T00:00:00+00:00, run_after=2024-11-14T00:00:00+00:00
[2024-11-13T14:48:15.840+0000] {processor.py:178} INFO - Processing /opt/airflow/dags/weather_etl_dag.py took 0.452 seconds
[2024-11-13T14:48:46.200+0000] {processor.py:156} INFO - Started process (PID=137) to work on /opt/airflow/dags/weather_etl_dag.py
[2024-11-13T14:48:46.203+0000] {processor.py:799} INFO - Processing file /opt/airflow/dags/weather_etl_dag.py for tasks to queue
[2024-11-13T14:48:46.204+0000] {logging_mixin.py:149} INFO - [2024-11-13T14:48:46.204+0000] {dagbag.py:541} INFO - Filling up the DagBag from /opt/airflow/dags/weather_etl_dag.py
[2024-11-13T14:48:46.566+0000] {processor.py:809} INFO - DAG(s) dict_keys(['weather_etl']) retrieved from /opt/airflow/dags/weather_etl_dag.py
[2024-11-13T14:48:46.610+0000] {logging_mixin.py:149} INFO - [2024-11-13T14:48:46.610+0000] {dag.py:2726} INFO - Sync 1 DAGs
[2024-11-13T14:48:46.636+0000] {logging_mixin.py:149} INFO - [2024-11-13T14:48:46.636+0000] {dag.py:3490} INFO - Setting next_dagrun for weather_etl to 2024-11-13T00:00:00+00:00, run_after=2024-11-14T00:00:00+00:00
[2024-11-13T14:48:46.651+0000] {processor.py:178} INFO - Processing /opt/airflow/dags/weather_etl_dag.py took 0.460 seconds
[2024-11-13T14:49:16.982+0000] {processor.py:156} INFO - Started process (PID=146) to work on /opt/airflow/dags/weather_etl_dag.py
[2024-11-13T14:49:16.984+0000] {processor.py:799} INFO - Processing file /opt/airflow/dags/weather_etl_dag.py for tasks to queue
[2024-11-13T14:49:16.985+0000] {logging_mixin.py:149} INFO - [2024-11-13T14:49:16.984+0000] {dagbag.py:541} INFO - Filling up the DagBag from /opt/airflow/dags/weather_etl_dag.py
[2024-11-13T14:49:17.248+0000] {processor.py:809} INFO - DAG(s) dict_keys(['weather_etl']) retrieved from /opt/airflow/dags/weather_etl_dag.py
[2024-11-13T14:49:17.268+0000] {logging_mixin.py:149} INFO - [2024-11-13T14:49:17.268+0000] {dag.py:2726} INFO - Sync 1 DAGs
[2024-11-13T14:49:17.288+0000] {logging_mixin.py:149} INFO - [2024-11-13T14:49:17.288+0000] {dag.py:3490} INFO - Setting next_dagrun for weather_etl to 2024-11-13T00:00:00+00:00, run_after=2024-11-14T00:00:00+00:00
[2024-11-13T14:49:17.301+0000] {processor.py:178} INFO - Processing /opt/airflow/dags/weather_etl_dag.py took 0.323 seconds
[2024-11-13T14:49:47.568+0000] {processor.py:156} INFO - Started process (PID=155) to work on /opt/airflow/dags/weather_etl_dag.py
[2024-11-13T14:49:47.570+0000] {processor.py:799} INFO - Processing file /opt/airflow/dags/weather_etl_dag.py for tasks to queue
[2024-11-13T14:49:47.571+0000] {logging_mixin.py:149} INFO - [2024-11-13T14:49:47.571+0000] {dagbag.py:541} INFO - Filling up the DagBag from /opt/airflow/dags/weather_etl_dag.py
[2024-11-13T14:49:47.980+0000] {processor.py:809} INFO - DAG(s) dict_keys(['weather_etl']) retrieved from /opt/airflow/dags/weather_etl_dag.py
[2024-11-13T14:49:48.016+0000] {logging_mixin.py:149} INFO - [2024-11-13T14:49:48.016+0000] {dag.py:2726} INFO - Sync 1 DAGs
[2024-11-13T14:49:48.042+0000] {logging_mixin.py:149} INFO - [2024-11-13T14:49:48.042+0000] {dag.py:3490} INFO - Setting next_dagrun for weather_etl to 2024-11-13T00:00:00+00:00, run_after=2024-11-14T00:00:00+00:00
[2024-11-13T14:49:48.061+0000] {processor.py:178} INFO - Processing /opt/airflow/dags/weather_etl_dag.py took 0.501 seconds
[2024-11-13T14:50:18.351+0000] {processor.py:156} INFO - Started process (PID=164) to work on /opt/airflow/dags/weather_etl_dag.py
[2024-11-13T14:50:18.352+0000] {processor.py:799} INFO - Processing file /opt/airflow/dags/weather_etl_dag.py for tasks to queue
[2024-11-13T14:50:18.353+0000] {logging_mixin.py:149} INFO - [2024-11-13T14:50:18.353+0000] {dagbag.py:541} INFO - Filling up the DagBag from /opt/airflow/dags/weather_etl_dag.py
[2024-11-13T14:50:18.622+0000] {processor.py:809} INFO - DAG(s) dict_keys(['weather_etl']) retrieved from /opt/airflow/dags/weather_etl_dag.py
[2024-11-13T14:50:18.646+0000] {logging_mixin.py:149} INFO - [2024-11-13T14:50:18.646+0000] {dag.py:2726} INFO - Sync 1 DAGs
[2024-11-13T14:50:18.668+0000] {logging_mixin.py:149} INFO - [2024-11-13T14:50:18.668+0000] {dag.py:3490} INFO - Setting next_dagrun for weather_etl to 2024-11-13T00:00:00+00:00, run_after=2024-11-14T00:00:00+00:00
[2024-11-13T14:50:18.681+0000] {processor.py:178} INFO - Processing /opt/airflow/dags/weather_etl_dag.py took 0.334 seconds
[2024-11-13T14:50:49.043+0000] {processor.py:156} INFO - Started process (PID=173) to work on /opt/airflow/dags/weather_etl_dag.py
[2024-11-13T14:50:49.046+0000] {processor.py:799} INFO - Processing file /opt/airflow/dags/weather_etl_dag.py for tasks to queue
[2024-11-13T14:50:49.047+0000] {logging_mixin.py:149} INFO - [2024-11-13T14:50:49.047+0000] {dagbag.py:541} INFO - Filling up the DagBag from /opt/airflow/dags/weather_etl_dag.py
[2024-11-13T14:50:49.467+0000] {processor.py:809} INFO - DAG(s) dict_keys(['weather_etl']) retrieved from /opt/airflow/dags/weather_etl_dag.py
[2024-11-13T14:50:49.507+0000] {logging_mixin.py:149} INFO - [2024-11-13T14:50:49.506+0000] {dag.py:2726} INFO - Sync 1 DAGs
[2024-11-13T14:50:49.540+0000] {logging_mixin.py:149} INFO - [2024-11-13T14:50:49.540+0000] {dag.py:3490} INFO - Setting next_dagrun for weather_etl to 2024-11-13T00:00:00+00:00, run_after=2024-11-14T00:00:00+00:00
[2024-11-13T14:50:49.561+0000] {processor.py:178} INFO - Processing /opt/airflow/dags/weather_etl_dag.py took 0.526 seconds
[2024-11-13T14:51:19.846+0000] {processor.py:156} INFO - Started process (PID=182) to work on /opt/airflow/dags/weather_etl_dag.py
[2024-11-13T14:51:19.847+0000] {processor.py:799} INFO - Processing file /opt/airflow/dags/weather_etl_dag.py for tasks to queue
[2024-11-13T14:51:19.848+0000] {logging_mixin.py:149} INFO - [2024-11-13T14:51:19.848+0000] {dagbag.py:541} INFO - Filling up the DagBag from /opt/airflow/dags/weather_etl_dag.py
[2024-11-13T14:51:20.113+0000] {processor.py:809} INFO - DAG(s) dict_keys(['weather_etl']) retrieved from /opt/airflow/dags/weather_etl_dag.py
[2024-11-13T14:51:20.134+0000] {logging_mixin.py:149} INFO - [2024-11-13T14:51:20.134+0000] {dag.py:2726} INFO - Sync 1 DAGs
[2024-11-13T14:51:20.154+0000] {logging_mixin.py:149} INFO - [2024-11-13T14:51:20.154+0000] {dag.py:3490} INFO - Setting next_dagrun for weather_etl to 2024-11-13T00:00:00+00:00, run_after=2024-11-14T00:00:00+00:00
[2024-11-13T14:51:20.167+0000] {processor.py:178} INFO - Processing /opt/airflow/dags/weather_etl_dag.py took 0.326 seconds
[2024-11-13T14:51:50.553+0000] {processor.py:156} INFO - Started process (PID=191) to work on /opt/airflow/dags/weather_etl_dag.py
[2024-11-13T14:51:50.555+0000] {processor.py:799} INFO - Processing file /opt/airflow/dags/weather_etl_dag.py for tasks to queue
[2024-11-13T14:51:50.556+0000] {logging_mixin.py:149} INFO - [2024-11-13T14:51:50.556+0000] {dagbag.py:541} INFO - Filling up the DagBag from /opt/airflow/dags/weather_etl_dag.py
[2024-11-13T14:51:50.930+0000] {processor.py:809} INFO - DAG(s) dict_keys(['weather_etl']) retrieved from /opt/airflow/dags/weather_etl_dag.py
[2024-11-13T14:51:50.967+0000] {logging_mixin.py:149} INFO - [2024-11-13T14:51:50.966+0000] {dag.py:2726} INFO - Sync 1 DAGs
[2024-11-13T14:51:50.991+0000] {logging_mixin.py:149} INFO - [2024-11-13T14:51:50.991+0000] {dag.py:3490} INFO - Setting next_dagrun for weather_etl to 2024-11-13T00:00:00+00:00, run_after=2024-11-14T00:00:00+00:00
[2024-11-13T14:51:51.006+0000] {processor.py:178} INFO - Processing /opt/airflow/dags/weather_etl_dag.py took 0.463 seconds
[2024-11-13T14:52:21.304+0000] {processor.py:156} INFO - Started process (PID=200) to work on /opt/airflow/dags/weather_etl_dag.py
[2024-11-13T14:52:21.306+0000] {processor.py:799} INFO - Processing file /opt/airflow/dags/weather_etl_dag.py for tasks to queue
[2024-11-13T14:52:21.307+0000] {logging_mixin.py:149} INFO - [2024-11-13T14:52:21.307+0000] {dagbag.py:541} INFO - Filling up the DagBag from /opt/airflow/dags/weather_etl_dag.py
[2024-11-13T14:52:21.575+0000] {processor.py:809} INFO - DAG(s) dict_keys(['weather_etl']) retrieved from /opt/airflow/dags/weather_etl_dag.py
[2024-11-13T14:52:21.596+0000] {logging_mixin.py:149} INFO - [2024-11-13T14:52:21.596+0000] {dag.py:2726} INFO - Sync 1 DAGs
[2024-11-13T14:52:21.616+0000] {logging_mixin.py:149} INFO - [2024-11-13T14:52:21.616+0000] {dag.py:3490} INFO - Setting next_dagrun for weather_etl to 2024-11-13T00:00:00+00:00, run_after=2024-11-14T00:00:00+00:00
[2024-11-13T14:52:21.630+0000] {processor.py:178} INFO - Processing /opt/airflow/dags/weather_etl_dag.py took 0.332 seconds
[2024-11-13T14:52:51.963+0000] {processor.py:156} INFO - Started process (PID=209) to work on /opt/airflow/dags/weather_etl_dag.py
[2024-11-13T14:52:51.966+0000] {processor.py:799} INFO - Processing file /opt/airflow/dags/weather_etl_dag.py for tasks to queue
[2024-11-13T14:52:51.967+0000] {logging_mixin.py:149} INFO - [2024-11-13T14:52:51.967+0000] {dagbag.py:541} INFO - Filling up the DagBag from /opt/airflow/dags/weather_etl_dag.py
[2024-11-13T14:52:52.336+0000] {processor.py:809} INFO - DAG(s) dict_keys(['weather_etl']) retrieved from /opt/airflow/dags/weather_etl_dag.py
[2024-11-13T14:52:52.372+0000] {logging_mixin.py:149} INFO - [2024-11-13T14:52:52.371+0000] {dag.py:2726} INFO - Sync 1 DAGs
[2024-11-13T14:52:52.398+0000] {logging_mixin.py:149} INFO - [2024-11-13T14:52:52.398+0000] {dag.py:3490} INFO - Setting next_dagrun for weather_etl to 2024-11-13T00:00:00+00:00, run_after=2024-11-14T00:00:00+00:00
[2024-11-13T14:52:52.417+0000] {processor.py:178} INFO - Processing /opt/airflow/dags/weather_etl_dag.py took 0.462 seconds
[2024-11-13T14:53:22.715+0000] {processor.py:156} INFO - Started process (PID=218) to work on /opt/airflow/dags/weather_etl_dag.py
[2024-11-13T14:53:22.717+0000] {processor.py:799} INFO - Processing file /opt/airflow/dags/weather_etl_dag.py for tasks to queue
[2024-11-13T14:53:22.718+0000] {logging_mixin.py:149} INFO - [2024-11-13T14:53:22.718+0000] {dagbag.py:541} INFO - Filling up the DagBag from /opt/airflow/dags/weather_etl_dag.py
[2024-11-13T14:53:22.982+0000] {processor.py:809} INFO - DAG(s) dict_keys(['weather_etl']) retrieved from /opt/airflow/dags/weather_etl_dag.py
[2024-11-13T14:53:23.003+0000] {logging_mixin.py:149} INFO - [2024-11-13T14:53:23.002+0000] {dag.py:2726} INFO - Sync 1 DAGs
[2024-11-13T14:53:23.023+0000] {logging_mixin.py:149} INFO - [2024-11-13T14:53:23.023+0000] {dag.py:3490} INFO - Setting next_dagrun for weather_etl to 2024-11-13T00:00:00+00:00, run_after=2024-11-14T00:00:00+00:00
[2024-11-13T14:53:23.036+0000] {processor.py:178} INFO - Processing /opt/airflow/dags/weather_etl_dag.py took 0.325 seconds
[2024-11-13T14:53:53.379+0000] {processor.py:156} INFO - Started process (PID=227) to work on /opt/airflow/dags/weather_etl_dag.py
[2024-11-13T14:53:53.382+0000] {processor.py:799} INFO - Processing file /opt/airflow/dags/weather_etl_dag.py for tasks to queue
[2024-11-13T14:53:53.384+0000] {logging_mixin.py:149} INFO - [2024-11-13T14:53:53.384+0000] {dagbag.py:541} INFO - Filling up the DagBag from /opt/airflow/dags/weather_etl_dag.py
[2024-11-13T14:53:53.795+0000] {processor.py:809} INFO - DAG(s) dict_keys(['weather_etl']) retrieved from /opt/airflow/dags/weather_etl_dag.py
[2024-11-13T14:53:53.831+0000] {logging_mixin.py:149} INFO - [2024-11-13T14:53:53.831+0000] {dag.py:2726} INFO - Sync 1 DAGs
[2024-11-13T14:53:53.856+0000] {logging_mixin.py:149} INFO - [2024-11-13T14:53:53.856+0000] {dag.py:3490} INFO - Setting next_dagrun for weather_etl to 2024-11-13T00:00:00+00:00, run_after=2024-11-14T00:00:00+00:00
[2024-11-13T14:53:53.871+0000] {processor.py:178} INFO - Processing /opt/airflow/dags/weather_etl_dag.py took 0.500 seconds
[2024-11-13T14:54:24.195+0000] {processor.py:156} INFO - Started process (PID=236) to work on /opt/airflow/dags/weather_etl_dag.py
[2024-11-13T14:54:24.196+0000] {processor.py:799} INFO - Processing file /opt/airflow/dags/weather_etl_dag.py for tasks to queue
[2024-11-13T14:54:24.197+0000] {logging_mixin.py:149} INFO - [2024-11-13T14:54:24.196+0000] {dagbag.py:541} INFO - Filling up the DagBag from /opt/airflow/dags/weather_etl_dag.py
[2024-11-13T14:54:24.474+0000] {processor.py:809} INFO - DAG(s) dict_keys(['weather_etl']) retrieved from /opt/airflow/dags/weather_etl_dag.py
[2024-11-13T14:54:24.495+0000] {logging_mixin.py:149} INFO - [2024-11-13T14:54:24.494+0000] {dag.py:2726} INFO - Sync 1 DAGs
[2024-11-13T14:54:24.514+0000] {logging_mixin.py:149} INFO - [2024-11-13T14:54:24.514+0000] {dag.py:3490} INFO - Setting next_dagrun for weather_etl to 2024-11-13T00:00:00+00:00, run_after=2024-11-14T00:00:00+00:00
[2024-11-13T14:54:24.527+0000] {processor.py:178} INFO - Processing /opt/airflow/dags/weather_etl_dag.py took 0.336 seconds
[2024-11-13T14:54:54.807+0000] {processor.py:156} INFO - Started process (PID=245) to work on /opt/airflow/dags/weather_etl_dag.py
[2024-11-13T14:54:54.809+0000] {processor.py:799} INFO - Processing file /opt/airflow/dags/weather_etl_dag.py for tasks to queue
[2024-11-13T14:54:54.810+0000] {logging_mixin.py:149} INFO - [2024-11-13T14:54:54.810+0000] {dagbag.py:541} INFO - Filling up the DagBag from /opt/airflow/dags/weather_etl_dag.py
[2024-11-13T14:54:55.198+0000] {processor.py:809} INFO - DAG(s) dict_keys(['weather_etl']) retrieved from /opt/airflow/dags/weather_etl_dag.py
[2024-11-13T14:54:55.236+0000] {logging_mixin.py:149} INFO - [2024-11-13T14:54:55.235+0000] {dag.py:2726} INFO - Sync 1 DAGs
[2024-11-13T14:54:55.261+0000] {logging_mixin.py:149} INFO - [2024-11-13T14:54:55.261+0000] {dag.py:3490} INFO - Setting next_dagrun for weather_etl to 2024-11-13T00:00:00+00:00, run_after=2024-11-14T00:00:00+00:00
[2024-11-13T14:54:55.276+0000] {processor.py:178} INFO - Processing /opt/airflow/dags/weather_etl_dag.py took 0.481 seconds
[2024-11-13T14:55:25.599+0000] {processor.py:156} INFO - Started process (PID=254) to work on /opt/airflow/dags/weather_etl_dag.py
[2024-11-13T14:55:25.601+0000] {processor.py:799} INFO - Processing file /opt/airflow/dags/weather_etl_dag.py for tasks to queue
[2024-11-13T14:55:25.601+0000] {logging_mixin.py:149} INFO - [2024-11-13T14:55:25.601+0000] {dagbag.py:541} INFO - Filling up the DagBag from /opt/airflow/dags/weather_etl_dag.py
[2024-11-13T14:55:25.871+0000] {processor.py:809} INFO - DAG(s) dict_keys(['weather_etl']) retrieved from /opt/airflow/dags/weather_etl_dag.py
[2024-11-13T14:55:25.892+0000] {logging_mixin.py:149} INFO - [2024-11-13T14:55:25.892+0000] {dag.py:2726} INFO - Sync 1 DAGs
[2024-11-13T14:55:25.911+0000] {logging_mixin.py:149} INFO - [2024-11-13T14:55:25.911+0000] {dag.py:3490} INFO - Setting next_dagrun for weather_etl to 2024-11-13T00:00:00+00:00, run_after=2024-11-14T00:00:00+00:00
[2024-11-13T14:55:25.924+0000] {processor.py:178} INFO - Processing /opt/airflow/dags/weather_etl_dag.py took 0.331 seconds
[2024-11-13T14:55:56.208+0000] {processor.py:156} INFO - Started process (PID=263) to work on /opt/airflow/dags/weather_etl_dag.py
[2024-11-13T14:55:56.210+0000] {processor.py:799} INFO - Processing file /opt/airflow/dags/weather_etl_dag.py for tasks to queue
[2024-11-13T14:55:56.211+0000] {logging_mixin.py:149} INFO - [2024-11-13T14:55:56.211+0000] {dagbag.py:541} INFO - Filling up the DagBag from /opt/airflow/dags/weather_etl_dag.py
[2024-11-13T14:55:56.611+0000] {processor.py:809} INFO - DAG(s) dict_keys(['weather_etl']) retrieved from /opt/airflow/dags/weather_etl_dag.py
[2024-11-13T14:55:56.649+0000] {logging_mixin.py:149} INFO - [2024-11-13T14:55:56.648+0000] {dag.py:2726} INFO - Sync 1 DAGs
[2024-11-13T14:55:56.673+0000] {logging_mixin.py:149} INFO - [2024-11-13T14:55:56.673+0000] {dag.py:3490} INFO - Setting next_dagrun for weather_etl to 2024-11-13T00:00:00+00:00, run_after=2024-11-14T00:00:00+00:00
[2024-11-13T14:55:56.689+0000] {processor.py:178} INFO - Processing /opt/airflow/dags/weather_etl_dag.py took 0.499 seconds
[2024-11-13T14:56:27.014+0000] {processor.py:156} INFO - Started process (PID=272) to work on /opt/airflow/dags/weather_etl_dag.py
[2024-11-13T14:56:27.016+0000] {processor.py:799} INFO - Processing file /opt/airflow/dags/weather_etl_dag.py for tasks to queue
[2024-11-13T14:56:27.017+0000] {logging_mixin.py:149} INFO - [2024-11-13T14:56:27.017+0000] {dagbag.py:541} INFO - Filling up the DagBag from /opt/airflow/dags/weather_etl_dag.py
[2024-11-13T14:56:27.310+0000] {processor.py:809} INFO - DAG(s) dict_keys(['weather_etl']) retrieved from /opt/airflow/dags/weather_etl_dag.py
[2024-11-13T14:56:27.331+0000] {logging_mixin.py:149} INFO - [2024-11-13T14:56:27.331+0000] {dag.py:2726} INFO - Sync 1 DAGs
[2024-11-13T14:56:27.352+0000] {logging_mixin.py:149} INFO - [2024-11-13T14:56:27.352+0000] {dag.py:3490} INFO - Setting next_dagrun for weather_etl to 2024-11-13T00:00:00+00:00, run_after=2024-11-14T00:00:00+00:00
[2024-11-13T14:56:27.365+0000] {processor.py:178} INFO - Processing /opt/airflow/dags/weather_etl_dag.py took 0.360 seconds
[2024-11-13T14:56:57.695+0000] {processor.py:156} INFO - Started process (PID=281) to work on /opt/airflow/dags/weather_etl_dag.py
[2024-11-13T14:56:57.697+0000] {processor.py:799} INFO - Processing file /opt/airflow/dags/weather_etl_dag.py for tasks to queue
[2024-11-13T14:56:57.698+0000] {logging_mixin.py:149} INFO - [2024-11-13T14:56:57.698+0000] {dagbag.py:541} INFO - Filling up the DagBag from /opt/airflow/dags/weather_etl_dag.py
[2024-11-13T14:56:57.998+0000] {processor.py:809} INFO - DAG(s) dict_keys(['weather_etl']) retrieved from /opt/airflow/dags/weather_etl_dag.py
[2024-11-13T14:56:58.021+0000] {logging_mixin.py:149} INFO - [2024-11-13T14:56:58.020+0000] {dag.py:2726} INFO - Sync 1 DAGs
[2024-11-13T14:56:58.043+0000] {logging_mixin.py:149} INFO - [2024-11-13T14:56:58.042+0000] {dag.py:3490} INFO - Setting next_dagrun for weather_etl to 2024-11-13T00:00:00+00:00, run_after=2024-11-14T00:00:00+00:00
[2024-11-13T14:56:58.056+0000] {processor.py:178} INFO - Processing /opt/airflow/dags/weather_etl_dag.py took 0.370 seconds
[2024-11-13T14:57:28.368+0000] {processor.py:156} INFO - Started process (PID=290) to work on /opt/airflow/dags/weather_etl_dag.py
[2024-11-13T14:57:28.369+0000] {processor.py:799} INFO - Processing file /opt/airflow/dags/weather_etl_dag.py for tasks to queue
[2024-11-13T14:57:28.370+0000] {logging_mixin.py:149} INFO - [2024-11-13T14:57:28.370+0000] {dagbag.py:541} INFO - Filling up the DagBag from /opt/airflow/dags/weather_etl_dag.py
[2024-11-13T14:57:28.714+0000] {processor.py:809} INFO - DAG(s) dict_keys(['weather_etl']) retrieved from /opt/airflow/dags/weather_etl_dag.py
[2024-11-13T14:57:28.742+0000] {logging_mixin.py:149} INFO - [2024-11-13T14:57:28.741+0000] {dag.py:2726} INFO - Sync 1 DAGs
[2024-11-13T14:57:28.764+0000] {logging_mixin.py:149} INFO - [2024-11-13T14:57:28.764+0000] {dag.py:3490} INFO - Setting next_dagrun for weather_etl to 2024-11-13T00:00:00+00:00, run_after=2024-11-14T00:00:00+00:00
[2024-11-13T14:57:28.779+0000] {processor.py:178} INFO - Processing /opt/airflow/dags/weather_etl_dag.py took 0.418 seconds
[2024-11-13T14:57:59.118+0000] {processor.py:156} INFO - Started process (PID=299) to work on /opt/airflow/dags/weather_etl_dag.py
[2024-11-13T14:57:59.120+0000] {processor.py:799} INFO - Processing file /opt/airflow/dags/weather_etl_dag.py for tasks to queue
[2024-11-13T14:57:59.121+0000] {logging_mixin.py:149} INFO - [2024-11-13T14:57:59.121+0000] {dagbag.py:541} INFO - Filling up the DagBag from /opt/airflow/dags/weather_etl_dag.py
[2024-11-13T14:57:59.423+0000] {processor.py:809} INFO - DAG(s) dict_keys(['weather_etl']) retrieved from /opt/airflow/dags/weather_etl_dag.py
[2024-11-13T14:57:59.446+0000] {logging_mixin.py:149} INFO - [2024-11-13T14:57:59.445+0000] {dag.py:2726} INFO - Sync 1 DAGs
[2024-11-13T14:57:59.466+0000] {logging_mixin.py:149} INFO - [2024-11-13T14:57:59.466+0000] {dag.py:3490} INFO - Setting next_dagrun for weather_etl to 2024-11-13T00:00:00+00:00, run_after=2024-11-14T00:00:00+00:00
[2024-11-13T14:57:59.480+0000] {processor.py:178} INFO - Processing /opt/airflow/dags/weather_etl_dag.py took 0.372 seconds
[2024-11-13T14:58:29.821+0000] {processor.py:156} INFO - Started process (PID=308) to work on /opt/airflow/dags/weather_etl_dag.py
[2024-11-13T14:58:29.822+0000] {processor.py:799} INFO - Processing file /opt/airflow/dags/weather_etl_dag.py for tasks to queue
[2024-11-13T14:58:29.823+0000] {logging_mixin.py:149} INFO - [2024-11-13T14:58:29.823+0000] {dagbag.py:541} INFO - Filling up the DagBag from /opt/airflow/dags/weather_etl_dag.py
[2024-11-13T14:58:30.112+0000] {processor.py:809} INFO - DAG(s) dict_keys(['weather_etl']) retrieved from /opt/airflow/dags/weather_etl_dag.py
[2024-11-13T14:58:30.133+0000] {logging_mixin.py:149} INFO - [2024-11-13T14:58:30.133+0000] {dag.py:2726} INFO - Sync 1 DAGs
[2024-11-13T14:58:30.154+0000] {logging_mixin.py:149} INFO - [2024-11-13T14:58:30.154+0000] {dag.py:3490} INFO - Setting next_dagrun for weather_etl to 2024-11-13T00:00:00+00:00, run_after=2024-11-14T00:00:00+00:00
[2024-11-13T14:58:30.168+0000] {processor.py:178} INFO - Processing /opt/airflow/dags/weather_etl_dag.py took 0.354 seconds
[2024-11-13T14:59:00.492+0000] {processor.py:156} INFO - Started process (PID=317) to work on /opt/airflow/dags/weather_etl_dag.py
[2024-11-13T14:59:00.494+0000] {processor.py:799} INFO - Processing file /opt/airflow/dags/weather_etl_dag.py for tasks to queue
[2024-11-13T14:59:00.495+0000] {logging_mixin.py:149} INFO - [2024-11-13T14:59:00.494+0000] {dagbag.py:541} INFO - Filling up the DagBag from /opt/airflow/dags/weather_etl_dag.py
[2024-11-13T14:59:00.837+0000] {processor.py:809} INFO - DAG(s) dict_keys(['weather_etl']) retrieved from /opt/airflow/dags/weather_etl_dag.py
[2024-11-13T14:59:00.865+0000] {logging_mixin.py:149} INFO - [2024-11-13T14:59:00.865+0000] {dag.py:2726} INFO - Sync 1 DAGs
[2024-11-13T14:59:00.888+0000] {logging_mixin.py:149} INFO - [2024-11-13T14:59:00.888+0000] {dag.py:3490} INFO - Setting next_dagrun for weather_etl to 2024-11-13T00:00:00+00:00, run_after=2024-11-14T00:00:00+00:00
[2024-11-13T14:59:00.904+0000] {processor.py:178} INFO - Processing /opt/airflow/dags/weather_etl_dag.py took 0.417 seconds
[2024-11-13T14:59:31.192+0000] {processor.py:156} INFO - Started process (PID=326) to work on /opt/airflow/dags/weather_etl_dag.py
[2024-11-13T14:59:31.196+0000] {processor.py:799} INFO - Processing file /opt/airflow/dags/weather_etl_dag.py for tasks to queue
[2024-11-13T14:59:31.197+0000] {logging_mixin.py:149} INFO - [2024-11-13T14:59:31.197+0000] {dagbag.py:541} INFO - Filling up the DagBag from /opt/airflow/dags/weather_etl_dag.py
[2024-11-13T14:59:31.641+0000] {processor.py:809} INFO - DAG(s) dict_keys(['weather_etl']) retrieved from /opt/airflow/dags/weather_etl_dag.py
[2024-11-13T14:59:31.677+0000] {logging_mixin.py:149} INFO - [2024-11-13T14:59:31.676+0000] {dag.py:2726} INFO - Sync 1 DAGs
[2024-11-13T14:59:31.703+0000] {logging_mixin.py:149} INFO - [2024-11-13T14:59:31.703+0000] {dag.py:3490} INFO - Setting next_dagrun for weather_etl to 2024-11-13T00:00:00+00:00, run_after=2024-11-14T00:00:00+00:00
[2024-11-13T14:59:31.718+0000] {processor.py:178} INFO - Processing /opt/airflow/dags/weather_etl_dag.py took 0.535 seconds
[2024-11-13T15:00:01.994+0000] {processor.py:156} INFO - Started process (PID=335) to work on /opt/airflow/dags/weather_etl_dag.py
[2024-11-13T15:00:01.997+0000] {processor.py:799} INFO - Processing file /opt/airflow/dags/weather_etl_dag.py for tasks to queue
[2024-11-13T15:00:01.998+0000] {logging_mixin.py:149} INFO - [2024-11-13T15:00:01.998+0000] {dagbag.py:541} INFO - Filling up the DagBag from /opt/airflow/dags/weather_etl_dag.py
[2024-11-13T15:00:02.462+0000] {processor.py:809} INFO - DAG(s) dict_keys(['weather_etl']) retrieved from /opt/airflow/dags/weather_etl_dag.py
[2024-11-13T15:00:02.496+0000] {logging_mixin.py:149} INFO - [2024-11-13T15:00:02.495+0000] {dag.py:2726} INFO - Sync 1 DAGs
[2024-11-13T15:00:02.526+0000] {logging_mixin.py:149} INFO - [2024-11-13T15:00:02.526+0000] {dag.py:3490} INFO - Setting next_dagrun for weather_etl to 2024-11-13T00:00:00+00:00, run_after=2024-11-14T00:00:00+00:00
[2024-11-13T15:00:02.544+0000] {processor.py:178} INFO - Processing /opt/airflow/dags/weather_etl_dag.py took 0.559 seconds
[2024-11-13T15:00:32.758+0000] {processor.py:156} INFO - Started process (PID=344) to work on /opt/airflow/dags/weather_etl_dag.py
[2024-11-13T15:00:32.761+0000] {processor.py:799} INFO - Processing file /opt/airflow/dags/weather_etl_dag.py for tasks to queue
[2024-11-13T15:00:32.763+0000] {logging_mixin.py:149} INFO - [2024-11-13T15:00:32.763+0000] {dagbag.py:541} INFO - Filling up the DagBag from /opt/airflow/dags/weather_etl_dag.py
[2024-11-13T15:00:33.196+0000] {processor.py:809} INFO - DAG(s) dict_keys(['weather_etl']) retrieved from /opt/airflow/dags/weather_etl_dag.py
[2024-11-13T15:00:33.229+0000] {logging_mixin.py:149} INFO - [2024-11-13T15:00:33.228+0000] {dag.py:2726} INFO - Sync 1 DAGs
[2024-11-13T15:00:33.252+0000] {logging_mixin.py:149} INFO - [2024-11-13T15:00:33.252+0000] {dag.py:3490} INFO - Setting next_dagrun for weather_etl to 2024-11-13T00:00:00+00:00, run_after=2024-11-14T00:00:00+00:00
[2024-11-13T15:00:33.267+0000] {processor.py:178} INFO - Processing /opt/airflow/dags/weather_etl_dag.py took 0.518 seconds
[2024-11-13T15:01:03.588+0000] {processor.py:156} INFO - Started process (PID=353) to work on /opt/airflow/dags/weather_etl_dag.py
[2024-11-13T15:01:03.589+0000] {processor.py:799} INFO - Processing file /opt/airflow/dags/weather_etl_dag.py for tasks to queue
[2024-11-13T15:01:03.591+0000] {logging_mixin.py:149} INFO - [2024-11-13T15:01:03.590+0000] {dagbag.py:541} INFO - Filling up the DagBag from /opt/airflow/dags/weather_etl_dag.py
[2024-11-13T15:01:03.879+0000] {processor.py:809} INFO - DAG(s) dict_keys(['weather_etl']) retrieved from /opt/airflow/dags/weather_etl_dag.py
[2024-11-13T15:01:03.902+0000] {logging_mixin.py:149} INFO - [2024-11-13T15:01:03.902+0000] {dag.py:2726} INFO - Sync 1 DAGs
[2024-11-13T15:01:03.922+0000] {logging_mixin.py:149} INFO - [2024-11-13T15:01:03.922+0000] {dag.py:3490} INFO - Setting next_dagrun for weather_etl to 2024-11-13T00:00:00+00:00, run_after=2024-11-14T00:00:00+00:00
[2024-11-13T15:01:03.936+0000] {processor.py:178} INFO - Processing /opt/airflow/dags/weather_etl_dag.py took 0.357 seconds
[2024-11-13T15:01:34.266+0000] {processor.py:156} INFO - Started process (PID=362) to work on /opt/airflow/dags/weather_etl_dag.py
[2024-11-13T15:01:34.268+0000] {processor.py:799} INFO - Processing file /opt/airflow/dags/weather_etl_dag.py for tasks to queue
[2024-11-13T15:01:34.269+0000] {logging_mixin.py:149} INFO - [2024-11-13T15:01:34.269+0000] {dagbag.py:541} INFO - Filling up the DagBag from /opt/airflow/dags/weather_etl_dag.py
[2024-11-13T15:01:34.671+0000] {processor.py:809} INFO - DAG(s) dict_keys(['weather_etl']) retrieved from /opt/airflow/dags/weather_etl_dag.py
[2024-11-13T15:01:34.707+0000] {logging_mixin.py:149} INFO - [2024-11-13T15:01:34.707+0000] {dag.py:2726} INFO - Sync 1 DAGs
[2024-11-13T15:01:34.732+0000] {logging_mixin.py:149} INFO - [2024-11-13T15:01:34.732+0000] {dag.py:3490} INFO - Setting next_dagrun for weather_etl to 2024-11-13T00:00:00+00:00, run_after=2024-11-14T00:00:00+00:00
[2024-11-13T15:01:34.747+0000] {processor.py:178} INFO - Processing /opt/airflow/dags/weather_etl_dag.py took 0.489 seconds
[2024-11-13T15:02:05.074+0000] {processor.py:156} INFO - Started process (PID=371) to work on /opt/airflow/dags/weather_etl_dag.py
[2024-11-13T15:02:05.077+0000] {processor.py:799} INFO - Processing file /opt/airflow/dags/weather_etl_dag.py for tasks to queue
[2024-11-13T15:02:05.079+0000] {logging_mixin.py:149} INFO - [2024-11-13T15:02:05.078+0000] {dagbag.py:541} INFO - Filling up the DagBag from /opt/airflow/dags/weather_etl_dag.py
[2024-11-13T15:02:05.396+0000] {processor.py:809} INFO - DAG(s) dict_keys(['weather_etl']) retrieved from /opt/airflow/dags/weather_etl_dag.py
[2024-11-13T15:02:05.420+0000] {logging_mixin.py:149} INFO - [2024-11-13T15:02:05.419+0000] {dag.py:2726} INFO - Sync 1 DAGs
[2024-11-13T15:02:05.441+0000] {logging_mixin.py:149} INFO - [2024-11-13T15:02:05.441+0000] {dag.py:3490} INFO - Setting next_dagrun for weather_etl to 2024-11-13T00:00:00+00:00, run_after=2024-11-14T00:00:00+00:00
[2024-11-13T15:02:05.456+0000] {processor.py:178} INFO - Processing /opt/airflow/dags/weather_etl_dag.py took 0.390 seconds
[2024-11-13T15:02:35.786+0000] {processor.py:156} INFO - Started process (PID=380) to work on /opt/airflow/dags/weather_etl_dag.py
[2024-11-13T15:02:35.788+0000] {processor.py:799} INFO - Processing file /opt/airflow/dags/weather_etl_dag.py for tasks to queue
[2024-11-13T15:02:35.789+0000] {logging_mixin.py:149} INFO - [2024-11-13T15:02:35.789+0000] {dagbag.py:541} INFO - Filling up the DagBag from /opt/airflow/dags/weather_etl_dag.py
[2024-11-13T15:02:36.214+0000] {processor.py:809} INFO - DAG(s) dict_keys(['weather_etl']) retrieved from /opt/airflow/dags/weather_etl_dag.py
[2024-11-13T15:02:36.248+0000] {logging_mixin.py:149} INFO - [2024-11-13T15:02:36.247+0000] {dag.py:2726} INFO - Sync 1 DAGs
[2024-11-13T15:02:36.274+0000] {logging_mixin.py:149} INFO - [2024-11-13T15:02:36.274+0000] {dag.py:3490} INFO - Setting next_dagrun for weather_etl to 2024-11-13T00:00:00+00:00, run_after=2024-11-14T00:00:00+00:00
[2024-11-13T15:02:36.289+0000] {processor.py:178} INFO - Processing /opt/airflow/dags/weather_etl_dag.py took 0.511 seconds
[2024-11-13T15:03:06.656+0000] {processor.py:156} INFO - Started process (PID=389) to work on /opt/airflow/dags/weather_etl_dag.py
[2024-11-13T15:03:06.658+0000] {processor.py:799} INFO - Processing file /opt/airflow/dags/weather_etl_dag.py for tasks to queue
[2024-11-13T15:03:06.659+0000] {logging_mixin.py:149} INFO - [2024-11-13T15:03:06.659+0000] {dagbag.py:541} INFO - Filling up the DagBag from /opt/airflow/dags/weather_etl_dag.py
[2024-11-13T15:03:07.120+0000] {processor.py:809} INFO - DAG(s) dict_keys(['weather_etl']) retrieved from /opt/airflow/dags/weather_etl_dag.py
[2024-11-13T15:03:07.156+0000] {logging_mixin.py:149} INFO - [2024-11-13T15:03:07.156+0000] {dag.py:2726} INFO - Sync 1 DAGs
[2024-11-13T15:03:07.181+0000] {logging_mixin.py:149} INFO - [2024-11-13T15:03:07.181+0000] {dag.py:3490} INFO - Setting next_dagrun for weather_etl to 2024-11-13T00:00:00+00:00, run_after=2024-11-14T00:00:00+00:00
[2024-11-13T15:03:07.195+0000] {processor.py:178} INFO - Processing /opt/airflow/dags/weather_etl_dag.py took 0.548 seconds
[2024-11-13T15:03:37.417+0000] {processor.py:156} INFO - Started process (PID=398) to work on /opt/airflow/dags/weather_etl_dag.py
[2024-11-13T15:03:37.418+0000] {processor.py:799} INFO - Processing file /opt/airflow/dags/weather_etl_dag.py for tasks to queue
[2024-11-13T15:03:37.419+0000] {logging_mixin.py:149} INFO - [2024-11-13T15:03:37.419+0000] {dagbag.py:541} INFO - Filling up the DagBag from /opt/airflow/dags/weather_etl_dag.py
[2024-11-13T15:03:37.695+0000] {processor.py:809} INFO - DAG(s) dict_keys(['weather_etl']) retrieved from /opt/airflow/dags/weather_etl_dag.py
[2024-11-13T15:03:37.717+0000] {logging_mixin.py:149} INFO - [2024-11-13T15:03:37.717+0000] {dag.py:2726} INFO - Sync 1 DAGs
[2024-11-13T15:03:37.738+0000] {logging_mixin.py:149} INFO - [2024-11-13T15:03:37.738+0000] {dag.py:3490} INFO - Setting next_dagrun for weather_etl to 2024-11-13T00:00:00+00:00, run_after=2024-11-14T00:00:00+00:00
[2024-11-13T15:03:37.751+0000] {processor.py:178} INFO - Processing /opt/airflow/dags/weather_etl_dag.py took 0.340 seconds
[2024-11-13T15:04:07.818+0000] {processor.py:156} INFO - Started process (PID=407) to work on /opt/airflow/dags/weather_etl_dag.py
[2024-11-13T15:04:07.821+0000] {processor.py:799} INFO - Processing file /opt/airflow/dags/weather_etl_dag.py for tasks to queue
[2024-11-13T15:04:07.823+0000] {logging_mixin.py:149} INFO - [2024-11-13T15:04:07.822+0000] {dagbag.py:541} INFO - Filling up the DagBag from /opt/airflow/dags/weather_etl_dag.py
[2024-11-13T15:04:08.266+0000] {processor.py:809} INFO - DAG(s) dict_keys(['weather_etl']) retrieved from /opt/airflow/dags/weather_etl_dag.py
[2024-11-13T15:04:08.303+0000] {logging_mixin.py:149} INFO - [2024-11-13T15:04:08.302+0000] {dag.py:2726} INFO - Sync 1 DAGs
[2024-11-13T15:04:08.331+0000] {logging_mixin.py:149} INFO - [2024-11-13T15:04:08.331+0000] {dag.py:3490} INFO - Setting next_dagrun for weather_etl to 2024-11-13T00:00:00+00:00, run_after=2024-11-14T00:00:00+00:00
[2024-11-13T15:04:08.346+0000] {processor.py:178} INFO - Processing /opt/airflow/dags/weather_etl_dag.py took 0.536 seconds
[2024-11-13T15:04:38.637+0000] {processor.py:156} INFO - Started process (PID=416) to work on /opt/airflow/dags/weather_etl_dag.py
[2024-11-13T15:04:38.639+0000] {processor.py:799} INFO - Processing file /opt/airflow/dags/weather_etl_dag.py for tasks to queue
[2024-11-13T15:04:38.640+0000] {logging_mixin.py:149} INFO - [2024-11-13T15:04:38.640+0000] {dagbag.py:541} INFO - Filling up the DagBag from /opt/airflow/dags/weather_etl_dag.py
[2024-11-13T15:04:38.987+0000] {processor.py:809} INFO - DAG(s) dict_keys(['weather_etl']) retrieved from /opt/airflow/dags/weather_etl_dag.py
[2024-11-13T15:04:39.011+0000] {logging_mixin.py:149} INFO - [2024-11-13T15:04:39.011+0000] {dag.py:2726} INFO - Sync 1 DAGs
[2024-11-13T15:04:39.032+0000] {logging_mixin.py:149} INFO - [2024-11-13T15:04:39.032+0000] {dag.py:3490} INFO - Setting next_dagrun for weather_etl to 2024-11-13T00:00:00+00:00, run_after=2024-11-14T00:00:00+00:00
[2024-11-13T15:04:39.046+0000] {processor.py:178} INFO - Processing /opt/airflow/dags/weather_etl_dag.py took 0.417 seconds
[2024-11-13T15:05:09.346+0000] {processor.py:156} INFO - Started process (PID=425) to work on /opt/airflow/dags/weather_etl_dag.py
[2024-11-13T15:05:09.347+0000] {processor.py:799} INFO - Processing file /opt/airflow/dags/weather_etl_dag.py for tasks to queue
[2024-11-13T15:05:09.348+0000] {logging_mixin.py:149} INFO - [2024-11-13T15:05:09.348+0000] {dagbag.py:541} INFO - Filling up the DagBag from /opt/airflow/dags/weather_etl_dag.py
[2024-11-13T15:05:09.750+0000] {processor.py:809} INFO - DAG(s) dict_keys(['weather_etl']) retrieved from /opt/airflow/dags/weather_etl_dag.py
[2024-11-13T15:05:09.792+0000] {logging_mixin.py:149} INFO - [2024-11-13T15:05:09.792+0000] {dag.py:2726} INFO - Sync 1 DAGs
[2024-11-13T15:05:09.824+0000] {logging_mixin.py:149} INFO - [2024-11-13T15:05:09.824+0000] {dag.py:3490} INFO - Setting next_dagrun for weather_etl to 2024-11-13T00:00:00+00:00, run_after=2024-11-14T00:00:00+00:00
[2024-11-13T15:05:09.887+0000] {processor.py:178} INFO - Processing /opt/airflow/dags/weather_etl_dag.py took 0.546 seconds
[2024-11-13T15:05:40.328+0000] {processor.py:156} INFO - Started process (PID=434) to work on /opt/airflow/dags/weather_etl_dag.py
[2024-11-13T15:05:40.331+0000] {processor.py:799} INFO - Processing file /opt/airflow/dags/weather_etl_dag.py for tasks to queue
[2024-11-13T15:05:40.332+0000] {logging_mixin.py:149} INFO - [2024-11-13T15:05:40.332+0000] {dagbag.py:541} INFO - Filling up the DagBag from /opt/airflow/dags/weather_etl_dag.py
[2024-11-13T15:05:40.777+0000] {processor.py:809} INFO - DAG(s) dict_keys(['weather_etl']) retrieved from /opt/airflow/dags/weather_etl_dag.py
[2024-11-13T15:05:40.831+0000] {logging_mixin.py:149} INFO - [2024-11-13T15:05:40.830+0000] {dag.py:2726} INFO - Sync 1 DAGs
[2024-11-13T15:05:40.882+0000] {logging_mixin.py:149} INFO - [2024-11-13T15:05:40.881+0000] {dag.py:3490} INFO - Setting next_dagrun for weather_etl to 2024-11-13T00:00:00+00:00, run_after=2024-11-14T00:00:00+00:00
[2024-11-13T15:05:40.979+0000] {processor.py:178} INFO - Processing /opt/airflow/dags/weather_etl_dag.py took 0.666 seconds
[2024-11-13T15:06:11.350+0000] {processor.py:156} INFO - Started process (PID=443) to work on /opt/airflow/dags/weather_etl_dag.py
[2024-11-13T15:06:11.353+0000] {processor.py:799} INFO - Processing file /opt/airflow/dags/weather_etl_dag.py for tasks to queue
[2024-11-13T15:06:11.354+0000] {logging_mixin.py:149} INFO - [2024-11-13T15:06:11.354+0000] {dagbag.py:541} INFO - Filling up the DagBag from /opt/airflow/dags/weather_etl_dag.py
[2024-11-13T15:06:11.788+0000] {processor.py:809} INFO - DAG(s) dict_keys(['weather_etl']) retrieved from /opt/airflow/dags/weather_etl_dag.py
[2024-11-13T15:06:11.822+0000] {logging_mixin.py:149} INFO - [2024-11-13T15:06:11.821+0000] {dag.py:2726} INFO - Sync 1 DAGs
[2024-11-13T15:06:11.846+0000] {logging_mixin.py:149} INFO - [2024-11-13T15:06:11.846+0000] {dag.py:3490} INFO - Setting next_dagrun for weather_etl to 2024-11-13T00:00:00+00:00, run_after=2024-11-14T00:00:00+00:00
[2024-11-13T15:06:11.862+0000] {processor.py:178} INFO - Processing /opt/airflow/dags/weather_etl_dag.py took 0.522 seconds
[2024-11-13T15:06:42.216+0000] {processor.py:156} INFO - Started process (PID=452) to work on /opt/airflow/dags/weather_etl_dag.py
[2024-11-13T15:06:42.219+0000] {processor.py:799} INFO - Processing file /opt/airflow/dags/weather_etl_dag.py for tasks to queue
[2024-11-13T15:06:42.220+0000] {logging_mixin.py:149} INFO - [2024-11-13T15:06:42.220+0000] {dagbag.py:541} INFO - Filling up the DagBag from /opt/airflow/dags/weather_etl_dag.py
[2024-11-13T15:06:42.670+0000] {processor.py:809} INFO - DAG(s) dict_keys(['weather_etl']) retrieved from /opt/airflow/dags/weather_etl_dag.py
[2024-11-13T15:06:42.706+0000] {logging_mixin.py:149} INFO - [2024-11-13T15:06:42.705+0000] {dag.py:2726} INFO - Sync 1 DAGs
[2024-11-13T15:06:42.730+0000] {logging_mixin.py:149} INFO - [2024-11-13T15:06:42.730+0000] {dag.py:3490} INFO - Setting next_dagrun for weather_etl to 2024-11-13T00:00:00+00:00, run_after=2024-11-14T00:00:00+00:00
[2024-11-13T15:06:42.745+0000] {processor.py:178} INFO - Processing /opt/airflow/dags/weather_etl_dag.py took 0.538 seconds
[2024-11-13T15:07:12.963+0000] {processor.py:156} INFO - Started process (PID=461) to work on /opt/airflow/dags/weather_etl_dag.py
[2024-11-13T15:07:12.965+0000] {processor.py:799} INFO - Processing file /opt/airflow/dags/weather_etl_dag.py for tasks to queue
[2024-11-13T15:07:12.966+0000] {logging_mixin.py:149} INFO - [2024-11-13T15:07:12.966+0000] {dagbag.py:541} INFO - Filling up the DagBag from /opt/airflow/dags/weather_etl_dag.py
[2024-11-13T15:07:13.251+0000] {processor.py:809} INFO - DAG(s) dict_keys(['weather_etl']) retrieved from /opt/airflow/dags/weather_etl_dag.py
[2024-11-13T15:07:13.272+0000] {logging_mixin.py:149} INFO - [2024-11-13T15:07:13.272+0000] {dag.py:2726} INFO - Sync 1 DAGs
[2024-11-13T15:07:13.292+0000] {logging_mixin.py:149} INFO - [2024-11-13T15:07:13.292+0000] {dag.py:3490} INFO - Setting next_dagrun for weather_etl to 2024-11-13T00:00:00+00:00, run_after=2024-11-14T00:00:00+00:00
[2024-11-13T15:07:13.306+0000] {processor.py:178} INFO - Processing /opt/airflow/dags/weather_etl_dag.py took 0.347 seconds
[2024-11-13T15:07:43.391+0000] {processor.py:156} INFO - Started process (PID=470) to work on /opt/airflow/dags/weather_etl_dag.py
[2024-11-13T15:07:43.393+0000] {processor.py:799} INFO - Processing file /opt/airflow/dags/weather_etl_dag.py for tasks to queue
[2024-11-13T15:07:43.395+0000] {logging_mixin.py:149} INFO - [2024-11-13T15:07:43.394+0000] {dagbag.py:541} INFO - Filling up the DagBag from /opt/airflow/dags/weather_etl_dag.py
[2024-11-13T15:07:43.687+0000] {processor.py:809} INFO - DAG(s) dict_keys(['weather_etl']) retrieved from /opt/airflow/dags/weather_etl_dag.py
[2024-11-13T15:07:43.708+0000] {logging_mixin.py:149} INFO - [2024-11-13T15:07:43.708+0000] {dag.py:2726} INFO - Sync 1 DAGs
[2024-11-13T15:07:43.729+0000] {logging_mixin.py:149} INFO - [2024-11-13T15:07:43.728+0000] {dag.py:3490} INFO - Setting next_dagrun for weather_etl to 2024-11-13T00:00:00+00:00, run_after=2024-11-14T00:00:00+00:00
[2024-11-13T15:07:43.743+0000] {processor.py:178} INFO - Processing /opt/airflow/dags/weather_etl_dag.py took 0.358 seconds
[2024-11-13T15:08:13.981+0000] {processor.py:156} INFO - Started process (PID=479) to work on /opt/airflow/dags/weather_etl_dag.py
[2024-11-13T15:08:13.983+0000] {processor.py:799} INFO - Processing file /opt/airflow/dags/weather_etl_dag.py for tasks to queue
[2024-11-13T15:08:13.984+0000] {logging_mixin.py:149} INFO - [2024-11-13T15:08:13.984+0000] {dagbag.py:541} INFO - Filling up the DagBag from /opt/airflow/dags/weather_etl_dag.py
[2024-11-13T15:08:14.350+0000] {processor.py:809} INFO - DAG(s) dict_keys(['weather_etl']) retrieved from /opt/airflow/dags/weather_etl_dag.py
[2024-11-13T15:08:14.382+0000] {logging_mixin.py:149} INFO - [2024-11-13T15:08:14.382+0000] {dag.py:2726} INFO - Sync 1 DAGs
[2024-11-13T15:08:14.406+0000] {logging_mixin.py:149} INFO - [2024-11-13T15:08:14.406+0000] {dag.py:3490} INFO - Setting next_dagrun for weather_etl to 2024-11-13T00:00:00+00:00, run_after=2024-11-14T00:00:00+00:00
[2024-11-13T15:08:14.421+0000] {processor.py:178} INFO - Processing /opt/airflow/dags/weather_etl_dag.py took 0.447 seconds
[2024-11-13T15:08:44.718+0000] {processor.py:156} INFO - Started process (PID=488) to work on /opt/airflow/dags/weather_etl_dag.py
[2024-11-13T15:08:44.722+0000] {processor.py:799} INFO - Processing file /opt/airflow/dags/weather_etl_dag.py for tasks to queue
[2024-11-13T15:08:44.725+0000] {logging_mixin.py:149} INFO - [2024-11-13T15:08:44.724+0000] {dagbag.py:541} INFO - Filling up the DagBag from /opt/airflow/dags/weather_etl_dag.py
[2024-11-13T15:08:45.228+0000] {processor.py:809} INFO - DAG(s) dict_keys(['weather_etl']) retrieved from /opt/airflow/dags/weather_etl_dag.py
[2024-11-13T15:08:45.282+0000] {logging_mixin.py:149} INFO - [2024-11-13T15:08:45.281+0000] {dag.py:2726} INFO - Sync 1 DAGs
[2024-11-13T15:08:45.310+0000] {logging_mixin.py:149} INFO - [2024-11-13T15:08:45.310+0000] {dag.py:3490} INFO - Setting next_dagrun for weather_etl to 2024-11-13T00:00:00+00:00, run_after=2024-11-14T00:00:00+00:00
[2024-11-13T15:08:45.327+0000] {processor.py:178} INFO - Processing /opt/airflow/dags/weather_etl_dag.py took 0.619 seconds
[2024-11-13T15:09:15.672+0000] {processor.py:156} INFO - Started process (PID=497) to work on /opt/airflow/dags/weather_etl_dag.py
[2024-11-13T15:09:15.673+0000] {processor.py:799} INFO - Processing file /opt/airflow/dags/weather_etl_dag.py for tasks to queue
[2024-11-13T15:09:15.674+0000] {logging_mixin.py:149} INFO - [2024-11-13T15:09:15.674+0000] {dagbag.py:541} INFO - Filling up the DagBag from /opt/airflow/dags/weather_etl_dag.py
[2024-11-13T15:09:15.937+0000] {processor.py:809} INFO - DAG(s) dict_keys(['weather_etl']) retrieved from /opt/airflow/dags/weather_etl_dag.py
[2024-11-13T15:09:15.958+0000] {logging_mixin.py:149} INFO - [2024-11-13T15:09:15.957+0000] {dag.py:2726} INFO - Sync 1 DAGs
[2024-11-13T15:09:15.977+0000] {logging_mixin.py:149} INFO - [2024-11-13T15:09:15.977+0000] {dag.py:3490} INFO - Setting next_dagrun for weather_etl to 2024-11-13T00:00:00+00:00, run_after=2024-11-14T00:00:00+00:00
[2024-11-13T15:09:15.991+0000] {processor.py:178} INFO - Processing /opt/airflow/dags/weather_etl_dag.py took 0.324 seconds
[2024-11-13T15:09:46.306+0000] {processor.py:156} INFO - Started process (PID=506) to work on /opt/airflow/dags/weather_etl_dag.py
[2024-11-13T15:09:46.310+0000] {processor.py:799} INFO - Processing file /opt/airflow/dags/weather_etl_dag.py for tasks to queue
[2024-11-13T15:09:46.311+0000] {logging_mixin.py:149} INFO - [2024-11-13T15:09:46.311+0000] {dagbag.py:541} INFO - Filling up the DagBag from /opt/airflow/dags/weather_etl_dag.py
[2024-11-13T15:09:46.762+0000] {processor.py:809} INFO - DAG(s) dict_keys(['weather_etl']) retrieved from /opt/airflow/dags/weather_etl_dag.py
[2024-11-13T15:09:46.797+0000] {logging_mixin.py:149} INFO - [2024-11-13T15:09:46.796+0000] {dag.py:2726} INFO - Sync 1 DAGs
[2024-11-13T15:09:46.821+0000] {logging_mixin.py:149} INFO - [2024-11-13T15:09:46.821+0000] {dag.py:3490} INFO - Setting next_dagrun for weather_etl to 2024-11-13T00:00:00+00:00, run_after=2024-11-14T00:00:00+00:00
[2024-11-13T15:09:46.836+0000] {processor.py:178} INFO - Processing /opt/airflow/dags/weather_etl_dag.py took 0.538 seconds
[2024-11-13T15:10:17.175+0000] {processor.py:156} INFO - Started process (PID=515) to work on /opt/airflow/dags/weather_etl_dag.py
[2024-11-13T15:10:17.177+0000] {processor.py:799} INFO - Processing file /opt/airflow/dags/weather_etl_dag.py for tasks to queue
[2024-11-13T15:10:17.178+0000] {logging_mixin.py:149} INFO - [2024-11-13T15:10:17.178+0000] {dagbag.py:541} INFO - Filling up the DagBag from /opt/airflow/dags/weather_etl_dag.py
[2024-11-13T15:10:17.448+0000] {processor.py:809} INFO - DAG(s) dict_keys(['weather_etl']) retrieved from /opt/airflow/dags/weather_etl_dag.py
[2024-11-13T15:10:17.470+0000] {logging_mixin.py:149} INFO - [2024-11-13T15:10:17.470+0000] {dag.py:2726} INFO - Sync 1 DAGs
[2024-11-13T15:10:17.493+0000] {logging_mixin.py:149} INFO - [2024-11-13T15:10:17.493+0000] {dag.py:3490} INFO - Setting next_dagrun for weather_etl to 2024-11-13T00:00:00+00:00, run_after=2024-11-14T00:00:00+00:00
[2024-11-13T15:10:17.507+0000] {processor.py:178} INFO - Processing /opt/airflow/dags/weather_etl_dag.py took 0.340 seconds
[2024-11-13T15:10:47.819+0000] {processor.py:156} INFO - Started process (PID=524) to work on /opt/airflow/dags/weather_etl_dag.py
[2024-11-13T15:10:47.823+0000] {processor.py:799} INFO - Processing file /opt/airflow/dags/weather_etl_dag.py for tasks to queue
[2024-11-13T15:10:47.824+0000] {logging_mixin.py:149} INFO - [2024-11-13T15:10:47.824+0000] {dagbag.py:541} INFO - Filling up the DagBag from /opt/airflow/dags/weather_etl_dag.py
[2024-11-13T15:10:48.271+0000] {processor.py:809} INFO - DAG(s) dict_keys(['weather_etl']) retrieved from /opt/airflow/dags/weather_etl_dag.py
[2024-11-13T15:10:48.308+0000] {logging_mixin.py:149} INFO - [2024-11-13T15:10:48.308+0000] {dag.py:2726} INFO - Sync 1 DAGs
[2024-11-13T15:10:48.333+0000] {logging_mixin.py:149} INFO - [2024-11-13T15:10:48.333+0000] {dag.py:3490} INFO - Setting next_dagrun for weather_etl to 2024-11-13T00:00:00+00:00, run_after=2024-11-14T00:00:00+00:00
[2024-11-13T15:10:48.348+0000] {processor.py:178} INFO - Processing /opt/airflow/dags/weather_etl_dag.py took 0.538 seconds
[2024-11-13T15:11:18.699+0000] {processor.py:156} INFO - Started process (PID=533) to work on /opt/airflow/dags/weather_etl_dag.py
[2024-11-13T15:11:18.702+0000] {processor.py:799} INFO - Processing file /opt/airflow/dags/weather_etl_dag.py for tasks to queue
[2024-11-13T15:11:18.704+0000] {logging_mixin.py:149} INFO - [2024-11-13T15:11:18.704+0000] {dagbag.py:541} INFO - Filling up the DagBag from /opt/airflow/dags/weather_etl_dag.py
[2024-11-13T15:11:19.189+0000] {processor.py:809} INFO - DAG(s) dict_keys(['weather_etl']) retrieved from /opt/airflow/dags/weather_etl_dag.py
[2024-11-13T15:11:19.228+0000] {logging_mixin.py:149} INFO - [2024-11-13T15:11:19.227+0000] {dag.py:2726} INFO - Sync 1 DAGs
[2024-11-13T15:11:19.255+0000] {logging_mixin.py:149} INFO - [2024-11-13T15:11:19.255+0000] {dag.py:3490} INFO - Setting next_dagrun for weather_etl to 2024-11-13T00:00:00+00:00, run_after=2024-11-14T00:00:00+00:00
[2024-11-13T15:11:19.271+0000] {processor.py:178} INFO - Processing /opt/airflow/dags/weather_etl_dag.py took 0.584 seconds
[2024-11-13T15:11:49.513+0000] {processor.py:156} INFO - Started process (PID=542) to work on /opt/airflow/dags/weather_etl_dag.py
[2024-11-13T15:11:49.516+0000] {processor.py:799} INFO - Processing file /opt/airflow/dags/weather_etl_dag.py for tasks to queue
[2024-11-13T15:11:49.518+0000] {logging_mixin.py:149} INFO - [2024-11-13T15:11:49.518+0000] {dagbag.py:541} INFO - Filling up the DagBag from /opt/airflow/dags/weather_etl_dag.py
[2024-11-13T15:11:49.955+0000] {processor.py:809} INFO - DAG(s) dict_keys(['weather_etl']) retrieved from /opt/airflow/dags/weather_etl_dag.py
[2024-11-13T15:11:49.996+0000] {logging_mixin.py:149} INFO - [2024-11-13T15:11:49.996+0000] {dag.py:2726} INFO - Sync 1 DAGs
[2024-11-13T15:11:50.023+0000] {logging_mixin.py:149} INFO - [2024-11-13T15:11:50.023+0000] {dag.py:3490} INFO - Setting next_dagrun for weather_etl to 2024-11-13T00:00:00+00:00, run_after=2024-11-14T00:00:00+00:00
[2024-11-13T15:11:50.039+0000] {processor.py:178} INFO - Processing /opt/airflow/dags/weather_etl_dag.py took 0.542 seconds
[2024-11-13T15:12:20.398+0000] {processor.py:156} INFO - Started process (PID=551) to work on /opt/airflow/dags/weather_etl_dag.py
[2024-11-13T15:12:20.401+0000] {processor.py:799} INFO - Processing file /opt/airflow/dags/weather_etl_dag.py for tasks to queue
[2024-11-13T15:12:20.402+0000] {logging_mixin.py:149} INFO - [2024-11-13T15:12:20.402+0000] {dagbag.py:541} INFO - Filling up the DagBag from /opt/airflow/dags/weather_etl_dag.py
[2024-11-13T15:12:20.727+0000] {processor.py:809} INFO - DAG(s) dict_keys(['weather_etl']) retrieved from /opt/airflow/dags/weather_etl_dag.py
[2024-11-13T15:12:20.751+0000] {logging_mixin.py:149} INFO - [2024-11-13T15:12:20.751+0000] {dag.py:2726} INFO - Sync 1 DAGs
[2024-11-13T15:12:20.772+0000] {logging_mixin.py:149} INFO - [2024-11-13T15:12:20.772+0000] {dag.py:3490} INFO - Setting next_dagrun for weather_etl to 2024-11-13T00:00:00+00:00, run_after=2024-11-14T00:00:00+00:00
[2024-11-13T15:12:20.785+0000] {processor.py:178} INFO - Processing /opt/airflow/dags/weather_etl_dag.py took 0.396 seconds
[2024-11-13T15:12:51.136+0000] {processor.py:156} INFO - Started process (PID=560) to work on /opt/airflow/dags/weather_etl_dag.py
[2024-11-13T15:12:51.139+0000] {processor.py:799} INFO - Processing file /opt/airflow/dags/weather_etl_dag.py for tasks to queue
[2024-11-13T15:12:51.140+0000] {logging_mixin.py:149} INFO - [2024-11-13T15:12:51.139+0000] {dagbag.py:541} INFO - Filling up the DagBag from /opt/airflow/dags/weather_etl_dag.py
[2024-11-13T15:12:51.533+0000] {processor.py:809} INFO - DAG(s) dict_keys(['weather_etl']) retrieved from /opt/airflow/dags/weather_etl_dag.py
[2024-11-13T15:12:51.569+0000] {logging_mixin.py:149} INFO - [2024-11-13T15:12:51.569+0000] {dag.py:2726} INFO - Sync 1 DAGs
[2024-11-13T15:12:51.593+0000] {logging_mixin.py:149} INFO - [2024-11-13T15:12:51.593+0000] {dag.py:3490} INFO - Setting next_dagrun for weather_etl to 2024-11-13T00:00:00+00:00, run_after=2024-11-14T00:00:00+00:00
[2024-11-13T15:12:51.608+0000] {processor.py:178} INFO - Processing /opt/airflow/dags/weather_etl_dag.py took 0.478 seconds
[2024-11-13T15:13:21.973+0000] {processor.py:156} INFO - Started process (PID=569) to work on /opt/airflow/dags/weather_etl_dag.py
[2024-11-13T15:13:21.975+0000] {processor.py:799} INFO - Processing file /opt/airflow/dags/weather_etl_dag.py for tasks to queue
[2024-11-13T15:13:21.976+0000] {logging_mixin.py:149} INFO - [2024-11-13T15:13:21.976+0000] {dagbag.py:541} INFO - Filling up the DagBag from /opt/airflow/dags/weather_etl_dag.py
[2024-11-13T15:13:22.402+0000] {processor.py:809} INFO - DAG(s) dict_keys(['weather_etl']) retrieved from /opt/airflow/dags/weather_etl_dag.py
[2024-11-13T15:13:22.433+0000] {logging_mixin.py:149} INFO - [2024-11-13T15:13:22.433+0000] {dag.py:2726} INFO - Sync 1 DAGs
[2024-11-13T15:13:22.455+0000] {logging_mixin.py:149} INFO - [2024-11-13T15:13:22.455+0000] {dag.py:3490} INFO - Setting next_dagrun for weather_etl to 2024-11-13T00:00:00+00:00, run_after=2024-11-14T00:00:00+00:00
[2024-11-13T15:13:22.470+0000] {processor.py:178} INFO - Processing /opt/airflow/dags/weather_etl_dag.py took 0.506 seconds
[2024-11-13T15:13:52.866+0000] {processor.py:156} INFO - Started process (PID=578) to work on /opt/airflow/dags/weather_etl_dag.py
[2024-11-13T15:13:52.869+0000] {processor.py:799} INFO - Processing file /opt/airflow/dags/weather_etl_dag.py for tasks to queue
[2024-11-13T15:13:52.870+0000] {logging_mixin.py:149} INFO - [2024-11-13T15:13:52.870+0000] {dagbag.py:541} INFO - Filling up the DagBag from /opt/airflow/dags/weather_etl_dag.py
[2024-11-13T15:13:53.520+0000] {processor.py:809} INFO - DAG(s) dict_keys(['weather_etl']) retrieved from /opt/airflow/dags/weather_etl_dag.py
[2024-11-13T15:13:53.683+0000] {logging_mixin.py:149} INFO - [2024-11-13T15:13:53.682+0000] {dag.py:2726} INFO - Sync 1 DAGs
[2024-11-13T15:13:53.769+0000] {logging_mixin.py:149} INFO - [2024-11-13T15:13:53.769+0000] {dag.py:3490} INFO - Setting next_dagrun for weather_etl to 2024-11-13T00:00:00+00:00, run_after=2024-11-14T00:00:00+00:00
[2024-11-13T15:13:53.812+0000] {processor.py:178} INFO - Processing /opt/airflow/dags/weather_etl_dag.py took 0.955 seconds
[2024-11-13T15:14:24.242+0000] {processor.py:156} INFO - Started process (PID=587) to work on /opt/airflow/dags/weather_etl_dag.py
[2024-11-13T15:14:24.244+0000] {processor.py:799} INFO - Processing file /opt/airflow/dags/weather_etl_dag.py for tasks to queue
[2024-11-13T15:14:24.246+0000] {logging_mixin.py:149} INFO - [2024-11-13T15:14:24.245+0000] {dagbag.py:541} INFO - Filling up the DagBag from /opt/airflow/dags/weather_etl_dag.py
[2024-11-13T15:14:24.686+0000] {processor.py:809} INFO - DAG(s) dict_keys(['weather_etl']) retrieved from /opt/airflow/dags/weather_etl_dag.py
[2024-11-13T15:14:24.731+0000] {logging_mixin.py:149} INFO - [2024-11-13T15:14:24.731+0000] {dag.py:2726} INFO - Sync 1 DAGs
[2024-11-13T15:14:24.757+0000] {logging_mixin.py:149} INFO - [2024-11-13T15:14:24.757+0000] {dag.py:3490} INFO - Setting next_dagrun for weather_etl to 2024-11-13T00:00:00+00:00, run_after=2024-11-14T00:00:00+00:00
[2024-11-13T15:14:24.772+0000] {processor.py:178} INFO - Processing /opt/airflow/dags/weather_etl_dag.py took 0.539 seconds
[2024-11-13T15:14:55.057+0000] {processor.py:156} INFO - Started process (PID=596) to work on /opt/airflow/dags/weather_etl_dag.py
[2024-11-13T15:14:55.060+0000] {processor.py:799} INFO - Processing file /opt/airflow/dags/weather_etl_dag.py for tasks to queue
[2024-11-13T15:14:55.061+0000] {logging_mixin.py:149} INFO - [2024-11-13T15:14:55.061+0000] {dagbag.py:541} INFO - Filling up the DagBag from /opt/airflow/dags/weather_etl_dag.py
[2024-11-13T15:14:55.553+0000] {processor.py:809} INFO - DAG(s) dict_keys(['weather_etl']) retrieved from /opt/airflow/dags/weather_etl_dag.py
[2024-11-13T15:14:55.597+0000] {logging_mixin.py:149} INFO - [2024-11-13T15:14:55.597+0000] {dag.py:2726} INFO - Sync 1 DAGs
[2024-11-13T15:14:55.627+0000] {logging_mixin.py:149} INFO - [2024-11-13T15:14:55.626+0000] {dag.py:3490} INFO - Setting next_dagrun for weather_etl to 2024-11-13T00:00:00+00:00, run_after=2024-11-14T00:00:00+00:00
[2024-11-13T15:14:55.641+0000] {processor.py:178} INFO - Processing /opt/airflow/dags/weather_etl_dag.py took 0.602 seconds
[2024-11-13T15:15:25.990+0000] {processor.py:156} INFO - Started process (PID=605) to work on /opt/airflow/dags/weather_etl_dag.py
[2024-11-13T15:15:25.992+0000] {processor.py:799} INFO - Processing file /opt/airflow/dags/weather_etl_dag.py for tasks to queue
[2024-11-13T15:15:25.993+0000] {logging_mixin.py:149} INFO - [2024-11-13T15:15:25.993+0000] {dagbag.py:541} INFO - Filling up the DagBag from /opt/airflow/dags/weather_etl_dag.py
[2024-11-13T15:15:26.428+0000] {processor.py:809} INFO - DAG(s) dict_keys(['weather_etl']) retrieved from /opt/airflow/dags/weather_etl_dag.py
[2024-11-13T15:15:26.491+0000] {logging_mixin.py:149} INFO - [2024-11-13T15:15:26.490+0000] {dag.py:2726} INFO - Sync 1 DAGs
[2024-11-13T15:15:26.518+0000] {logging_mixin.py:149} INFO - [2024-11-13T15:15:26.518+0000] {dag.py:3490} INFO - Setting next_dagrun for weather_etl to 2024-11-13T00:00:00+00:00, run_after=2024-11-14T00:00:00+00:00
[2024-11-13T15:15:26.532+0000] {processor.py:178} INFO - Processing /opt/airflow/dags/weather_etl_dag.py took 0.553 seconds
[2024-11-13T15:15:56.916+0000] {processor.py:156} INFO - Started process (PID=614) to work on /opt/airflow/dags/weather_etl_dag.py
[2024-11-13T15:15:56.919+0000] {processor.py:799} INFO - Processing file /opt/airflow/dags/weather_etl_dag.py for tasks to queue
[2024-11-13T15:15:56.920+0000] {logging_mixin.py:149} INFO - [2024-11-13T15:15:56.920+0000] {dagbag.py:541} INFO - Filling up the DagBag from /opt/airflow/dags/weather_etl_dag.py
[2024-11-13T15:15:57.401+0000] {processor.py:809} INFO - DAG(s) dict_keys(['weather_etl']) retrieved from /opt/airflow/dags/weather_etl_dag.py
[2024-11-13T15:15:57.453+0000] {logging_mixin.py:149} INFO - [2024-11-13T15:15:57.452+0000] {dag.py:2726} INFO - Sync 1 DAGs
[2024-11-13T15:15:57.479+0000] {logging_mixin.py:149} INFO - [2024-11-13T15:15:57.479+0000] {dag.py:3490} INFO - Setting next_dagrun for weather_etl to 2024-11-13T00:00:00+00:00, run_after=2024-11-14T00:00:00+00:00
[2024-11-13T15:15:57.494+0000] {processor.py:178} INFO - Processing /opt/airflow/dags/weather_etl_dag.py took 0.587 seconds
[2024-11-13T15:16:27.847+0000] {processor.py:156} INFO - Started process (PID=623) to work on /opt/airflow/dags/weather_etl_dag.py
[2024-11-13T15:16:27.848+0000] {processor.py:799} INFO - Processing file /opt/airflow/dags/weather_etl_dag.py for tasks to queue
[2024-11-13T15:16:27.849+0000] {logging_mixin.py:149} INFO - [2024-11-13T15:16:27.849+0000] {dagbag.py:541} INFO - Filling up the DagBag from /opt/airflow/dags/weather_etl_dag.py
[2024-11-13T15:16:28.265+0000] {processor.py:809} INFO - DAG(s) dict_keys(['weather_etl']) retrieved from /opt/airflow/dags/weather_etl_dag.py
[2024-11-13T15:16:28.299+0000] {logging_mixin.py:149} INFO - [2024-11-13T15:16:28.298+0000] {dag.py:2726} INFO - Sync 1 DAGs
[2024-11-13T15:16:28.324+0000] {logging_mixin.py:149} INFO - [2024-11-13T15:16:28.323+0000] {dag.py:3490} INFO - Setting next_dagrun for weather_etl to 2024-11-13T00:00:00+00:00, run_after=2024-11-14T00:00:00+00:00
[2024-11-13T15:16:28.339+0000] {processor.py:178} INFO - Processing /opt/airflow/dags/weather_etl_dag.py took 0.501 seconds
[2024-11-13T15:16:58.670+0000] {processor.py:156} INFO - Started process (PID=632) to work on /opt/airflow/dags/weather_etl_dag.py
[2024-11-13T15:16:58.672+0000] {processor.py:799} INFO - Processing file /opt/airflow/dags/weather_etl_dag.py for tasks to queue
[2024-11-13T15:16:58.673+0000] {logging_mixin.py:149} INFO - [2024-11-13T15:16:58.673+0000] {dagbag.py:541} INFO - Filling up the DagBag from /opt/airflow/dags/weather_etl_dag.py
[2024-11-13T15:16:59.130+0000] {processor.py:809} INFO - DAG(s) dict_keys(['weather_etl']) retrieved from /opt/airflow/dags/weather_etl_dag.py
[2024-11-13T15:16:59.171+0000] {logging_mixin.py:149} INFO - [2024-11-13T15:16:59.170+0000] {dag.py:2726} INFO - Sync 1 DAGs
[2024-11-13T15:16:59.201+0000] {logging_mixin.py:149} INFO - [2024-11-13T15:16:59.201+0000] {dag.py:3490} INFO - Setting next_dagrun for weather_etl to 2024-11-13T00:00:00+00:00, run_after=2024-11-14T00:00:00+00:00
[2024-11-13T15:16:59.219+0000] {processor.py:178} INFO - Processing /opt/airflow/dags/weather_etl_dag.py took 0.557 seconds
[2024-11-13T15:17:29.613+0000] {processor.py:156} INFO - Started process (PID=641) to work on /opt/airflow/dags/weather_etl_dag.py
[2024-11-13T15:17:29.617+0000] {processor.py:799} INFO - Processing file /opt/airflow/dags/weather_etl_dag.py for tasks to queue
[2024-11-13T15:17:29.620+0000] {logging_mixin.py:149} INFO - [2024-11-13T15:17:29.619+0000] {dagbag.py:541} INFO - Filling up the DagBag from /opt/airflow/dags/weather_etl_dag.py
[2024-11-13T15:17:30.053+0000] {processor.py:809} INFO - DAG(s) dict_keys(['weather_etl']) retrieved from /opt/airflow/dags/weather_etl_dag.py
[2024-11-13T15:17:30.090+0000] {logging_mixin.py:149} INFO - [2024-11-13T15:17:30.089+0000] {dag.py:2726} INFO - Sync 1 DAGs
[2024-11-13T15:17:30.121+0000] {logging_mixin.py:149} INFO - [2024-11-13T15:17:30.121+0000] {dag.py:3490} INFO - Setting next_dagrun for weather_etl to 2024-11-13T00:00:00+00:00, run_after=2024-11-14T00:00:00+00:00
[2024-11-13T15:17:30.138+0000] {processor.py:178} INFO - Processing /opt/airflow/dags/weather_etl_dag.py took 0.537 seconds
[2024-11-13T15:18:00.333+0000] {processor.py:156} INFO - Started process (PID=650) to work on /opt/airflow/dags/weather_etl_dag.py
[2024-11-13T15:18:00.337+0000] {processor.py:799} INFO - Processing file /opt/airflow/dags/weather_etl_dag.py for tasks to queue
[2024-11-13T15:18:00.340+0000] {logging_mixin.py:149} INFO - [2024-11-13T15:18:00.339+0000] {dagbag.py:541} INFO - Filling up the DagBag from /opt/airflow/dags/weather_etl_dag.py
[2024-11-13T15:18:00.780+0000] {processor.py:809} INFO - DAG(s) dict_keys(['weather_etl']) retrieved from /opt/airflow/dags/weather_etl_dag.py
[2024-11-13T15:18:00.810+0000] {logging_mixin.py:149} INFO - [2024-11-13T15:18:00.809+0000] {dag.py:2726} INFO - Sync 1 DAGs
[2024-11-13T15:18:00.834+0000] {logging_mixin.py:149} INFO - [2024-11-13T15:18:00.834+0000] {dag.py:3490} INFO - Setting next_dagrun for weather_etl to 2024-11-13T00:00:00+00:00, run_after=2024-11-14T00:00:00+00:00
[2024-11-13T15:18:00.849+0000] {processor.py:178} INFO - Processing /opt/airflow/dags/weather_etl_dag.py took 0.526 seconds
[2024-11-13T15:18:31.137+0000] {processor.py:156} INFO - Started process (PID=659) to work on /opt/airflow/dags/weather_etl_dag.py
[2024-11-13T15:18:31.138+0000] {processor.py:799} INFO - Processing file /opt/airflow/dags/weather_etl_dag.py for tasks to queue
[2024-11-13T15:18:31.139+0000] {logging_mixin.py:149} INFO - [2024-11-13T15:18:31.139+0000] {dagbag.py:541} INFO - Filling up the DagBag from /opt/airflow/dags/weather_etl_dag.py
[2024-11-13T15:18:31.439+0000] {processor.py:809} INFO - DAG(s) dict_keys(['weather_etl']) retrieved from /opt/airflow/dags/weather_etl_dag.py
[2024-11-13T15:18:31.467+0000] {logging_mixin.py:149} INFO - [2024-11-13T15:18:31.467+0000] {dag.py:2726} INFO - Sync 1 DAGs
[2024-11-13T15:18:31.488+0000] {logging_mixin.py:149} INFO - [2024-11-13T15:18:31.488+0000] {dag.py:3490} INFO - Setting next_dagrun for weather_etl to 2024-11-13T00:00:00+00:00, run_after=2024-11-14T00:00:00+00:00
[2024-11-13T15:18:31.502+0000] {processor.py:178} INFO - Processing /opt/airflow/dags/weather_etl_dag.py took 0.374 seconds
[2024-11-13T15:19:01.826+0000] {processor.py:156} INFO - Started process (PID=668) to work on /opt/airflow/dags/weather_etl_dag.py
[2024-11-13T15:19:01.828+0000] {processor.py:799} INFO - Processing file /opt/airflow/dags/weather_etl_dag.py for tasks to queue
[2024-11-13T15:19:01.829+0000] {logging_mixin.py:149} INFO - [2024-11-13T15:19:01.829+0000] {dagbag.py:541} INFO - Filling up the DagBag from /opt/airflow/dags/weather_etl_dag.py
[2024-11-13T15:19:02.140+0000] {processor.py:809} INFO - DAG(s) dict_keys(['weather_etl']) retrieved from /opt/airflow/dags/weather_etl_dag.py
[2024-11-13T15:19:02.161+0000] {logging_mixin.py:149} INFO - [2024-11-13T15:19:02.161+0000] {dag.py:2726} INFO - Sync 1 DAGs
[2024-11-13T15:19:02.181+0000] {logging_mixin.py:149} INFO - [2024-11-13T15:19:02.181+0000] {dag.py:3490} INFO - Setting next_dagrun for weather_etl to 2024-11-13T00:00:00+00:00, run_after=2024-11-14T00:00:00+00:00
[2024-11-13T15:19:02.195+0000] {processor.py:178} INFO - Processing /opt/airflow/dags/weather_etl_dag.py took 0.376 seconds
[2024-11-13T15:19:32.509+0000] {processor.py:156} INFO - Started process (PID=677) to work on /opt/airflow/dags/weather_etl_dag.py
[2024-11-13T15:19:32.510+0000] {processor.py:799} INFO - Processing file /opt/airflow/dags/weather_etl_dag.py for tasks to queue
[2024-11-13T15:19:32.511+0000] {logging_mixin.py:149} INFO - [2024-11-13T15:19:32.511+0000] {dagbag.py:541} INFO - Filling up the DagBag from /opt/airflow/dags/weather_etl_dag.py
[2024-11-13T15:19:32.857+0000] {processor.py:809} INFO - DAG(s) dict_keys(['weather_etl']) retrieved from /opt/airflow/dags/weather_etl_dag.py
[2024-11-13T15:19:32.883+0000] {logging_mixin.py:149} INFO - [2024-11-13T15:19:32.882+0000] {dag.py:2726} INFO - Sync 1 DAGs
[2024-11-13T15:19:32.907+0000] {logging_mixin.py:149} INFO - [2024-11-13T15:19:32.907+0000] {dag.py:3490} INFO - Setting next_dagrun for weather_etl to 2024-11-13T00:00:00+00:00, run_after=2024-11-14T00:00:00+00:00
[2024-11-13T15:19:32.923+0000] {processor.py:178} INFO - Processing /opt/airflow/dags/weather_etl_dag.py took 0.420 seconds
[2024-11-13T15:20:03.312+0000] {processor.py:156} INFO - Started process (PID=686) to work on /opt/airflow/dags/weather_etl_dag.py
[2024-11-13T15:20:03.314+0000] {processor.py:799} INFO - Processing file /opt/airflow/dags/weather_etl_dag.py for tasks to queue
[2024-11-13T15:20:03.316+0000] {logging_mixin.py:149} INFO - [2024-11-13T15:20:03.315+0000] {dagbag.py:541} INFO - Filling up the DagBag from /opt/airflow/dags/weather_etl_dag.py
[2024-11-13T15:20:03.609+0000] {processor.py:809} INFO - DAG(s) dict_keys(['weather_etl']) retrieved from /opt/airflow/dags/weather_etl_dag.py
[2024-11-13T15:20:03.634+0000] {logging_mixin.py:149} INFO - [2024-11-13T15:20:03.633+0000] {dag.py:2726} INFO - Sync 1 DAGs
[2024-11-13T15:20:03.656+0000] {logging_mixin.py:149} INFO - [2024-11-13T15:20:03.656+0000] {dag.py:3490} INFO - Setting next_dagrun for weather_etl to 2024-11-13T00:00:00+00:00, run_after=2024-11-14T00:00:00+00:00
[2024-11-13T15:20:03.670+0000] {processor.py:178} INFO - Processing /opt/airflow/dags/weather_etl_dag.py took 0.365 seconds
[2024-11-13T15:20:33.966+0000] {processor.py:156} INFO - Started process (PID=695) to work on /opt/airflow/dags/weather_etl_dag.py
[2024-11-13T15:20:33.968+0000] {processor.py:799} INFO - Processing file /opt/airflow/dags/weather_etl_dag.py for tasks to queue
[2024-11-13T15:20:33.968+0000] {logging_mixin.py:149} INFO - [2024-11-13T15:20:33.968+0000] {dagbag.py:541} INFO - Filling up the DagBag from /opt/airflow/dags/weather_etl_dag.py
[2024-11-13T15:20:34.254+0000] {processor.py:809} INFO - DAG(s) dict_keys(['weather_etl']) retrieved from /opt/airflow/dags/weather_etl_dag.py
[2024-11-13T15:20:34.275+0000] {logging_mixin.py:149} INFO - [2024-11-13T15:20:34.275+0000] {dag.py:2726} INFO - Sync 1 DAGs
[2024-11-13T15:20:34.297+0000] {logging_mixin.py:149} INFO - [2024-11-13T15:20:34.296+0000] {dag.py:3490} INFO - Setting next_dagrun for weather_etl to 2024-11-13T00:00:00+00:00, run_after=2024-11-14T00:00:00+00:00
[2024-11-13T15:20:34.310+0000] {processor.py:178} INFO - Processing /opt/airflow/dags/weather_etl_dag.py took 0.354 seconds
[2024-11-13T15:21:04.649+0000] {processor.py:156} INFO - Started process (PID=704) to work on /opt/airflow/dags/weather_etl_dag.py
[2024-11-13T15:21:04.650+0000] {processor.py:799} INFO - Processing file /opt/airflow/dags/weather_etl_dag.py for tasks to queue
[2024-11-13T15:21:04.651+0000] {logging_mixin.py:149} INFO - [2024-11-13T15:21:04.651+0000] {dagbag.py:541} INFO - Filling up the DagBag from /opt/airflow/dags/weather_etl_dag.py
[2024-11-13T15:21:04.974+0000] {processor.py:809} INFO - DAG(s) dict_keys(['weather_etl']) retrieved from /opt/airflow/dags/weather_etl_dag.py
[2024-11-13T15:21:04.997+0000] {logging_mixin.py:149} INFO - [2024-11-13T15:21:04.996+0000] {dag.py:2726} INFO - Sync 1 DAGs
[2024-11-13T15:21:05.017+0000] {logging_mixin.py:149} INFO - [2024-11-13T15:21:05.017+0000] {dag.py:3490} INFO - Setting next_dagrun for weather_etl to 2024-11-13T00:00:00+00:00, run_after=2024-11-14T00:00:00+00:00
[2024-11-13T15:21:05.030+0000] {processor.py:178} INFO - Processing /opt/airflow/dags/weather_etl_dag.py took 0.388 seconds
[2024-11-13T15:21:35.434+0000] {processor.py:156} INFO - Started process (PID=713) to work on /opt/airflow/dags/weather_etl_dag.py
[2024-11-13T15:21:35.437+0000] {processor.py:799} INFO - Processing file /opt/airflow/dags/weather_etl_dag.py for tasks to queue
[2024-11-13T15:21:35.438+0000] {logging_mixin.py:149} INFO - [2024-11-13T15:21:35.438+0000] {dagbag.py:541} INFO - Filling up the DagBag from /opt/airflow/dags/weather_etl_dag.py
[2024-11-13T15:21:35.923+0000] {processor.py:809} INFO - DAG(s) dict_keys(['weather_etl']) retrieved from /opt/airflow/dags/weather_etl_dag.py
[2024-11-13T15:21:35.971+0000] {logging_mixin.py:149} INFO - [2024-11-13T15:21:35.971+0000] {dag.py:2726} INFO - Sync 1 DAGs
[2024-11-13T15:21:36.008+0000] {logging_mixin.py:149} INFO - [2024-11-13T15:21:36.008+0000] {dag.py:3490} INFO - Setting next_dagrun for weather_etl to 2024-11-13T00:00:00+00:00, run_after=2024-11-14T00:00:00+00:00
[2024-11-13T15:21:36.029+0000] {processor.py:178} INFO - Processing /opt/airflow/dags/weather_etl_dag.py took 0.605 seconds
[2024-11-13T15:22:06.386+0000] {processor.py:156} INFO - Started process (PID=722) to work on /opt/airflow/dags/weather_etl_dag.py
[2024-11-13T15:22:06.388+0000] {processor.py:799} INFO - Processing file /opt/airflow/dags/weather_etl_dag.py for tasks to queue
[2024-11-13T15:22:06.389+0000] {logging_mixin.py:149} INFO - [2024-11-13T15:22:06.389+0000] {dagbag.py:541} INFO - Filling up the DagBag from /opt/airflow/dags/weather_etl_dag.py
[2024-11-13T15:22:06.857+0000] {processor.py:809} INFO - DAG(s) dict_keys(['weather_etl']) retrieved from /opt/airflow/dags/weather_etl_dag.py
[2024-11-13T15:22:06.911+0000] {logging_mixin.py:149} INFO - [2024-11-13T15:22:06.911+0000] {dag.py:2726} INFO - Sync 1 DAGs
[2024-11-13T15:22:06.948+0000] {logging_mixin.py:149} INFO - [2024-11-13T15:22:06.948+0000] {dag.py:3490} INFO - Setting next_dagrun for weather_etl to 2024-11-13T00:00:00+00:00, run_after=2024-11-14T00:00:00+00:00
[2024-11-13T15:22:06.965+0000] {processor.py:178} INFO - Processing /opt/airflow/dags/weather_etl_dag.py took 0.588 seconds
